{"numFailedTestSuites":1,"numFailedTests":44,"numPassedTestSuites":0,"numPassedTests":0,"numPendingTestSuites":0,"numPendingTests":0,"numRuntimeErrorTestSuites":0,"numTodoTests":0,"numTotalTestSuites":1,"numTotalTests":44,"openHandles":[],"snapshot":{"added":0,"didUpdate":false,"failure":false,"filesAdded":0,"filesRemoved":0,"filesRemovedList":[],"filesUnmatched":0,"filesUpdated":0,"matched":0,"total":0,"unchecked":0,"uncheckedKeysByFile":[],"unmatched":0,"updated":0},"startTime":1772390755053,"success":false,"testResults":[{"assertionResults":[{"ancestorTitles":["MobileGestureManager","Initialization"],"duration":262,"failureDetails":[{"code":"BABEL_PARSE_ERROR","reasonCode":"MissingSemicolon","loc":{"line":480,"column":20,"index":14495},"pos":14495}],"failureMessages":["\u001b[1m\u001b[31mJest encountered an unexpected token\u001b[39m\u001b[22m\n\nJest failed to parse a file. This happens e.g. when your code or its dependencies use non-standard JavaScript syntax, or when Jest is not configured to support such syntax.\n\nOut of the box Jest supports Babel, which will be used to transform your files into valid JS based on your Babel configuration.\n\nBy default \"node_modules\" folder is ignored by transformers.\n\nHere's what you can do:\n • If you are trying to use ECMAScript Modules, see \u001b[4mhttps://jestjs.io/docs/ecmascript-modules\u001b[24m for how to enable it.\n • If you are trying to use TypeScript, see \u001b[4mhttps://jestjs.io/docs/getting-started#using-typescript\u001b[24m\n • To have some of your \"node_modules\" files transformed, you can specify a custom \u001b[1m\"transformIgnorePatterns\"\u001b[22m in your config.\n • If you need a custom transformation specify a \u001b[1m\"transform\"\u001b[22m option in your config.\n • If you simply want to mock your non-JS modules (e.g. binary assets) you can stub them out with the \u001b[1m\"moduleNameMapper\"\u001b[22m config option.\n\nYou'll find more details and examples of these config options in the docs:\n\u001b[36mhttps://jestjs.io/docs/configuration\u001b[39m\nFor information about custom transformations, see:\n\u001b[36mhttps://jestjs.io/docs/code-transformation\u001b[39m\n\n\u001b[1m\u001b[31mDetails:\u001b[39m\u001b[22m\n\nSyntaxError: C:\\Workspace_Melbin\\fun_websites\\3d_model_viewer\\src\\ui\\MobileGestureManager.js: Missing semicolon. (480:20)\n\n\u001b[0m \u001b[90m 478 |\u001b[39m \u001b[90m     * Check if device is mobile\u001b[39m\n \u001b[90m 479 |\u001b[39m \u001b[90m     */\u001b[39m\n\u001b[31m\u001b[1m>\u001b[22m\u001b[39m\u001b[90m 480 |\u001b[39m     isMobileDevice() {\n \u001b[90m     |\u001b[39m                     \u001b[31m\u001b[1m^\u001b[22m\u001b[39m\n \u001b[90m 481 |\u001b[39m         \u001b[36mreturn\u001b[39m \u001b[35m/Android|webOS|iPhone|iPad|iPod|BlackBerry|IEMobile|Opera Mini/i\u001b[39m\u001b[33m.\u001b[39mtest(navigator\u001b[33m.\u001b[39muserAgent)\u001b[33m;\u001b[39m\n \u001b[90m 482 |\u001b[39m     }\n \u001b[90m 483 |\u001b[39m\u001b[0m\n    at constructor (C:\\Workspace_Melbin\\fun_websites\\3d_model_viewer\\node_modules\\@babel\\parser\\src\\parse-error.ts:95:45)\n    at Parser.toParseError [as raise] (C:\\Workspace_Melbin\\fun_websites\\3d_model_viewer\\node_modules\\@babel\\parser\\src\\tokenizer\\index.ts:1503:19)\n    at Parser.raise [as semicolon] (C:\\Workspace_Melbin\\fun_websites\\3d_model_viewer\\node_modules\\@babel\\parser\\src\\parser\\util.ts:149:10)\n    at Parser.semicolon [as parseExpressionStatement] (C:\\Workspace_Melbin\\fun_websites\\3d_model_viewer\\node_modules\\@babel\\parser\\src\\parser\\statement.ts:1358:10)\n    at Parser.parseExpressionStatement [as parseStatementContent] (C:\\Workspace_Melbin\\fun_websites\\3d_model_viewer\\node_modules\\@babel\\parser\\src\\parser\\statement.ts:697:19)\n    at Parser.parseStatementContent [as parseStatementLike] (C:\\Workspace_Melbin\\fun_websites\\3d_model_viewer\\node_modules\\@babel\\parser\\src\\parser\\statement.ts:477:17)\n    at Parser.parseStatementLike [as parseModuleItem] (C:\\Workspace_Melbin\\fun_websites\\3d_model_viewer\\node_modules\\@babel\\parser\\src\\parser\\statement.ts:414:17)\n    at Parser.parseModuleItem [as parseBlockOrModuleBlockBody] (C:\\Workspace_Melbin\\fun_websites\\3d_model_viewer\\node_modules\\@babel\\parser\\src\\parser\\statement.ts:1438:16)\n    at Parser.parseBlockOrModuleBlockBody [as parseBlockBody] (C:\\Workspace_Melbin\\fun_websites\\3d_model_viewer\\node_modules\\@babel\\parser\\src\\parser\\statement.ts:1412:10)\n    at Parser.parseBlockBody [as parseProgram] (C:\\Workspace_Melbin\\fun_websites\\3d_model_viewer\\node_modules\\@babel\\parser\\src\\parser\\statement.ts:229:10)\n    at Parser.parseProgram [as parseTopLevel] (C:\\Workspace_Melbin\\fun_websites\\3d_model_viewer\\node_modules\\@babel\\parser\\src\\parser\\statement.ts:203:25)\n    at Parser.parseTopLevel [as parse] (C:\\Workspace_Melbin\\fun_websites\\3d_model_viewer\\node_modules\\@babel\\parser\\src\\parser\\index.ts:93:10)\n    at parse (C:\\Workspace_Melbin\\fun_websites\\3d_model_viewer\\node_modules\\@babel\\parser\\src\\index.ts:92:38)\n    at parser (C:\\Workspace_Melbin\\fun_websites\\3d_model_viewer\\node_modules\\@babel\\core\\src\\parser\\index.ts:28:19)\n    at parser.next (<anonymous>)\n    at normalizeFile (C:\\Workspace_Melbin\\fun_websites\\3d_model_viewer\\node_modules\\@babel\\core\\src\\transformation\\normalize-file.ts:49:24)\n    at normalizeFile.next (<anonymous>)\n    at run (C:\\Workspace_Melbin\\fun_websites\\3d_model_viewer\\node_modules\\@babel\\core\\src\\transformation\\index.ts:40:36)\n    at run.next (<anonymous>)\n    at transform (C:\\Workspace_Melbin\\fun_websites\\3d_model_viewer\\node_modules\\@babel\\core\\src\\transform.ts:29:20)\n    at transform.next (<anonymous>)\n    at evaluateSync (C:\\Workspace_Melbin\\fun_websites\\3d_model_viewer\\node_modules\\gensync\\index.js:251:28)\n    at sync (C:\\Workspace_Melbin\\fun_websites\\3d_model_viewer\\node_modules\\gensync\\index.js:89:14)\n    at fn (C:\\Workspace_Melbin\\fun_websites\\3d_model_viewer\\node_modules\\@babel\\core\\src\\errors\\rewrite-stack-trace.ts:99:14)\n    at transformSync (C:\\Workspace_Melbin\\fun_websites\\3d_model_viewer\\node_modules\\@babel\\core\\src\\transform.ts:66:52)\n    at Object.process (C:\\Workspace_Melbin\\fun_websites\\3d_model_viewer\\node_modules\\babel-jest\\build\\index.js:273:57)\n    at ScriptTransformer.transformSource (C:\\Workspace_Melbin\\fun_websites\\3d_model_viewer\\node_modules\\@jest\\transform\\build\\ScriptTransformer.js:545:31)\n    at ScriptTransformer._transformAndBuildScript (C:\\Workspace_Melbin\\fun_websites\\3d_model_viewer\\node_modules\\@jest\\transform\\build\\ScriptTransformer.js:674:40)\n    at ScriptTransformer.transform (C:\\Workspace_Melbin\\fun_websites\\3d_model_viewer\\node_modules\\@jest\\transform\\build\\ScriptTransformer.js:726:19)\n    at Runtime.transformFile (C:\\Workspace_Melbin\\fun_websites\\3d_model_viewer\\node_modules\\jest-runtime\\build\\index.js:1465:53)\n    at Runtime._execModule (C:\\Workspace_Melbin\\fun_websites\\3d_model_viewer\\node_modules\\jest-runtime\\build\\index.js:1397:34)\n    at Runtime._loadModule (C:\\Workspace_Melbin\\fun_websites\\3d_model_viewer\\node_modules\\jest-runtime\\build\\index.js:1022:12)\n    at Runtime.requireModule (C:\\Workspace_Melbin\\fun_websites\\3d_model_viewer\\node_modules\\jest-runtime\\build\\index.js:882:12)\n    at Runtime.requireModuleOrMock (C:\\Workspace_Melbin\\fun_websites\\3d_model_viewer\\node_modules\\jest-runtime\\build\\index.js:1048:21)\n    at require (C:\\Workspace_Melbin\\fun_websites\\3d_model_viewer\\test\\mobile-gesture-manager.test.js:52:24)\n    at Object.<anonymous> (C:\\Workspace_Melbin\\fun_websites\\3d_model_viewer\\test\\mobile-gesture-manager.test.js:52:24)"],"fullName":"MobileGestureManager Initialization should initialize with correct default values","invocations":1,"location":null,"numPassingAsserts":0,"retryReasons":[],"status":"failed","title":"should initialize with correct default values"},{"ancestorTitles":["MobileGestureManager","Initialization"],"duration":57,"failureDetails":[{"code":"BABEL_PARSE_ERROR","reasonCode":"MissingSemicolon","loc":{"line":480,"column":20,"index":14495},"pos":14495}],"failureMessages":["\u001b[1m\u001b[31mJest encountered an unexpected token\u001b[39m\u001b[22m\n\nJest failed to parse a file. This happens e.g. when your code or its dependencies use non-standard JavaScript syntax, or when Jest is not configured to support such syntax.\n\nOut of the box Jest supports Babel, which will be used to transform your files into valid JS based on your Babel configuration.\n\nBy default \"node_modules\" folder is ignored by transformers.\n\nHere's what you can do:\n • If you are trying to use ECMAScript Modules, see \u001b[4mhttps://jestjs.io/docs/ecmascript-modules\u001b[24m for how to enable it.\n • If you are trying to use TypeScript, see \u001b[4mhttps://jestjs.io/docs/getting-started#using-typescript\u001b[24m\n • To have some of your \"node_modules\" files transformed, you can specify a custom \u001b[1m\"transformIgnorePatterns\"\u001b[22m in your config.\n • If you need a custom transformation specify a \u001b[1m\"transform\"\u001b[22m option in your config.\n • If you simply want to mock your non-JS modules (e.g. binary assets) you can stub them out with the \u001b[1m\"moduleNameMapper\"\u001b[22m config option.\n\nYou'll find more details and examples of these config options in the docs:\n\u001b[36mhttps://jestjs.io/docs/configuration\u001b[39m\nFor information about custom transformations, see:\n\u001b[36mhttps://jestjs.io/docs/code-transformation\u001b[39m\n\n\u001b[1m\u001b[31mDetails:\u001b[39m\u001b[22m\n\nSyntaxError: C:\\Workspace_Melbin\\fun_websites\\3d_model_viewer\\src\\ui\\MobileGestureManager.js: Missing semicolon. (480:20)\n\n\u001b[0m \u001b[90m 478 |\u001b[39m \u001b[90m     * Check if device is mobile\u001b[39m\n \u001b[90m 479 |\u001b[39m \u001b[90m     */\u001b[39m\n\u001b[31m\u001b[1m>\u001b[22m\u001b[39m\u001b[90m 480 |\u001b[39m     isMobileDevice() {\n \u001b[90m     |\u001b[39m                     \u001b[31m\u001b[1m^\u001b[22m\u001b[39m\n \u001b[90m 481 |\u001b[39m         \u001b[36mreturn\u001b[39m \u001b[35m/Android|webOS|iPhone|iPad|iPod|BlackBerry|IEMobile|Opera Mini/i\u001b[39m\u001b[33m.\u001b[39mtest(navigator\u001b[33m.\u001b[39muserAgent)\u001b[33m;\u001b[39m\n \u001b[90m 482 |\u001b[39m     }\n \u001b[90m 483 |\u001b[39m\u001b[0m\n    at constructor (C:\\Workspace_Melbin\\fun_websites\\3d_model_viewer\\node_modules\\@babel\\parser\\src\\parse-error.ts:95:45)\n    at Parser.toParseError [as raise] (C:\\Workspace_Melbin\\fun_websites\\3d_model_viewer\\node_modules\\@babel\\parser\\src\\tokenizer\\index.ts:1503:19)\n    at Parser.raise [as semicolon] (C:\\Workspace_Melbin\\fun_websites\\3d_model_viewer\\node_modules\\@babel\\parser\\src\\parser\\util.ts:149:10)\n    at Parser.semicolon [as parseExpressionStatement] (C:\\Workspace_Melbin\\fun_websites\\3d_model_viewer\\node_modules\\@babel\\parser\\src\\parser\\statement.ts:1358:10)\n    at Parser.parseExpressionStatement [as parseStatementContent] (C:\\Workspace_Melbin\\fun_websites\\3d_model_viewer\\node_modules\\@babel\\parser\\src\\parser\\statement.ts:697:19)\n    at Parser.parseStatementContent [as parseStatementLike] (C:\\Workspace_Melbin\\fun_websites\\3d_model_viewer\\node_modules\\@babel\\parser\\src\\parser\\statement.ts:477:17)\n    at Parser.parseStatementLike [as parseModuleItem] (C:\\Workspace_Melbin\\fun_websites\\3d_model_viewer\\node_modules\\@babel\\parser\\src\\parser\\statement.ts:414:17)\n    at Parser.parseModuleItem [as parseBlockOrModuleBlockBody] (C:\\Workspace_Melbin\\fun_websites\\3d_model_viewer\\node_modules\\@babel\\parser\\src\\parser\\statement.ts:1438:16)\n    at Parser.parseBlockOrModuleBlockBody [as parseBlockBody] (C:\\Workspace_Melbin\\fun_websites\\3d_model_viewer\\node_modules\\@babel\\parser\\src\\parser\\statement.ts:1412:10)\n    at Parser.parseBlockBody [as parseProgram] (C:\\Workspace_Melbin\\fun_websites\\3d_model_viewer\\node_modules\\@babel\\parser\\src\\parser\\statement.ts:229:10)\n    at Parser.parseProgram [as parseTopLevel] (C:\\Workspace_Melbin\\fun_websites\\3d_model_viewer\\node_modules\\@babel\\parser\\src\\parser\\statement.ts:203:25)\n    at Parser.parseTopLevel [as parse] (C:\\Workspace_Melbin\\fun_websites\\3d_model_viewer\\node_modules\\@babel\\parser\\src\\parser\\index.ts:93:10)\n    at parse (C:\\Workspace_Melbin\\fun_websites\\3d_model_viewer\\node_modules\\@babel\\parser\\src\\index.ts:92:38)\n    at parser (C:\\Workspace_Melbin\\fun_websites\\3d_model_viewer\\node_modules\\@babel\\core\\src\\parser\\index.ts:28:19)\n    at parser.next (<anonymous>)\n    at normalizeFile (C:\\Workspace_Melbin\\fun_websites\\3d_model_viewer\\node_modules\\@babel\\core\\src\\transformation\\normalize-file.ts:49:24)\n    at normalizeFile.next (<anonymous>)\n    at run (C:\\Workspace_Melbin\\fun_websites\\3d_model_viewer\\node_modules\\@babel\\core\\src\\transformation\\index.ts:40:36)\n    at run.next (<anonymous>)\n    at transform (C:\\Workspace_Melbin\\fun_websites\\3d_model_viewer\\node_modules\\@babel\\core\\src\\transform.ts:29:20)\n    at transform.next (<anonymous>)\n    at evaluateSync (C:\\Workspace_Melbin\\fun_websites\\3d_model_viewer\\node_modules\\gensync\\index.js:251:28)\n    at sync (C:\\Workspace_Melbin\\fun_websites\\3d_model_viewer\\node_modules\\gensync\\index.js:89:14)\n    at fn (C:\\Workspace_Melbin\\fun_websites\\3d_model_viewer\\node_modules\\@babel\\core\\src\\errors\\rewrite-stack-trace.ts:99:14)\n    at transformSync (C:\\Workspace_Melbin\\fun_websites\\3d_model_viewer\\node_modules\\@babel\\core\\src\\transform.ts:66:52)\n    at Object.process (C:\\Workspace_Melbin\\fun_websites\\3d_model_viewer\\node_modules\\babel-jest\\build\\index.js:273:57)\n    at ScriptTransformer.transformSource (C:\\Workspace_Melbin\\fun_websites\\3d_model_viewer\\node_modules\\@jest\\transform\\build\\ScriptTransformer.js:545:31)\n    at ScriptTransformer._transformAndBuildScript (C:\\Workspace_Melbin\\fun_websites\\3d_model_viewer\\node_modules\\@jest\\transform\\build\\ScriptTransformer.js:674:40)\n    at ScriptTransformer.transform (C:\\Workspace_Melbin\\fun_websites\\3d_model_viewer\\node_modules\\@jest\\transform\\build\\ScriptTransformer.js:726:19)\n    at Runtime.transformFile (C:\\Workspace_Melbin\\fun_websites\\3d_model_viewer\\node_modules\\jest-runtime\\build\\index.js:1465:53)\n    at Runtime._execModule (C:\\Workspace_Melbin\\fun_websites\\3d_model_viewer\\node_modules\\jest-runtime\\build\\index.js:1397:34)\n    at Runtime._loadModule (C:\\Workspace_Melbin\\fun_websites\\3d_model_viewer\\node_modules\\jest-runtime\\build\\index.js:1022:12)\n    at Runtime.requireModule (C:\\Workspace_Melbin\\fun_websites\\3d_model_viewer\\node_modules\\jest-runtime\\build\\index.js:882:12)\n    at Runtime.requireModuleOrMock (C:\\Workspace_Melbin\\fun_websites\\3d_model_viewer\\node_modules\\jest-runtime\\build\\index.js:1048:21)\n    at require (C:\\Workspace_Melbin\\fun_websites\\3d_model_viewer\\test\\mobile-gesture-manager.test.js:52:24)\n    at Object.<anonymous> (C:\\Workspace_Melbin\\fun_websites\\3d_model_viewer\\test\\mobile-gesture-manager.test.js:52:24)"],"fullName":"MobileGestureManager Initialization should detect mobile device","invocations":1,"location":null,"numPassingAsserts":0,"retryReasons":[],"status":"failed","title":"should detect mobile device"},{"ancestorTitles":["MobileGestureManager","Initialization"],"duration":24,"failureDetails":[{"code":"BABEL_PARSE_ERROR","reasonCode":"MissingSemicolon","loc":{"line":480,"column":20,"index":14495},"pos":14495}],"failureMessages":["\u001b[1m\u001b[31mJest encountered an unexpected token\u001b[39m\u001b[22m\n\nJest failed to parse a file. This happens e.g. when your code or its dependencies use non-standard JavaScript syntax, or when Jest is not configured to support such syntax.\n\nOut of the box Jest supports Babel, which will be used to transform your files into valid JS based on your Babel configuration.\n\nBy default \"node_modules\" folder is ignored by transformers.\n\nHere's what you can do:\n • If you are trying to use ECMAScript Modules, see \u001b[4mhttps://jestjs.io/docs/ecmascript-modules\u001b[24m for how to enable it.\n • If you are trying to use TypeScript, see \u001b[4mhttps://jestjs.io/docs/getting-started#using-typescript\u001b[24m\n • To have some of your \"node_modules\" files transformed, you can specify a custom \u001b[1m\"transformIgnorePatterns\"\u001b[22m in your config.\n • If you need a custom transformation specify a \u001b[1m\"transform\"\u001b[22m option in your config.\n • If you simply want to mock your non-JS modules (e.g. binary assets) you can stub them out with the \u001b[1m\"moduleNameMapper\"\u001b[22m config option.\n\nYou'll find more details and examples of these config options in the docs:\n\u001b[36mhttps://jestjs.io/docs/configuration\u001b[39m\nFor information about custom transformations, see:\n\u001b[36mhttps://jestjs.io/docs/code-transformation\u001b[39m\n\n\u001b[1m\u001b[31mDetails:\u001b[39m\u001b[22m\n\nSyntaxError: C:\\Workspace_Melbin\\fun_websites\\3d_model_viewer\\src\\ui\\MobileGestureManager.js: Missing semicolon. (480:20)\n\n\u001b[0m \u001b[90m 478 |\u001b[39m \u001b[90m     * Check if device is mobile\u001b[39m\n \u001b[90m 479 |\u001b[39m \u001b[90m     */\u001b[39m\n\u001b[31m\u001b[1m>\u001b[22m\u001b[39m\u001b[90m 480 |\u001b[39m     isMobileDevice() {\n \u001b[90m     |\u001b[39m                     \u001b[31m\u001b[1m^\u001b[22m\u001b[39m\n \u001b[90m 481 |\u001b[39m         \u001b[36mreturn\u001b[39m \u001b[35m/Android|webOS|iPhone|iPad|iPod|BlackBerry|IEMobile|Opera Mini/i\u001b[39m\u001b[33m.\u001b[39mtest(navigator\u001b[33m.\u001b[39muserAgent)\u001b[33m;\u001b[39m\n \u001b[90m 482 |\u001b[39m     }\n \u001b[90m 483 |\u001b[39m\u001b[0m\n    at constructor (C:\\Workspace_Melbin\\fun_websites\\3d_model_viewer\\node_modules\\@babel\\parser\\src\\parse-error.ts:95:45)\n    at Parser.toParseError [as raise] (C:\\Workspace_Melbin\\fun_websites\\3d_model_viewer\\node_modules\\@babel\\parser\\src\\tokenizer\\index.ts:1503:19)\n    at Parser.raise [as semicolon] (C:\\Workspace_Melbin\\fun_websites\\3d_model_viewer\\node_modules\\@babel\\parser\\src\\parser\\util.ts:149:10)\n    at Parser.semicolon [as parseExpressionStatement] (C:\\Workspace_Melbin\\fun_websites\\3d_model_viewer\\node_modules\\@babel\\parser\\src\\parser\\statement.ts:1358:10)\n    at Parser.parseExpressionStatement [as parseStatementContent] (C:\\Workspace_Melbin\\fun_websites\\3d_model_viewer\\node_modules\\@babel\\parser\\src\\parser\\statement.ts:697:19)\n    at Parser.parseStatementContent [as parseStatementLike] (C:\\Workspace_Melbin\\fun_websites\\3d_model_viewer\\node_modules\\@babel\\parser\\src\\parser\\statement.ts:477:17)\n    at Parser.parseStatementLike [as parseModuleItem] (C:\\Workspace_Melbin\\fun_websites\\3d_model_viewer\\node_modules\\@babel\\parser\\src\\parser\\statement.ts:414:17)\n    at Parser.parseModuleItem [as parseBlockOrModuleBlockBody] (C:\\Workspace_Melbin\\fun_websites\\3d_model_viewer\\node_modules\\@babel\\parser\\src\\parser\\statement.ts:1438:16)\n    at Parser.parseBlockOrModuleBlockBody [as parseBlockBody] (C:\\Workspace_Melbin\\fun_websites\\3d_model_viewer\\node_modules\\@babel\\parser\\src\\parser\\statement.ts:1412:10)\n    at Parser.parseBlockBody [as parseProgram] (C:\\Workspace_Melbin\\fun_websites\\3d_model_viewer\\node_modules\\@babel\\parser\\src\\parser\\statement.ts:229:10)\n    at Parser.parseProgram [as parseTopLevel] (C:\\Workspace_Melbin\\fun_websites\\3d_model_viewer\\node_modules\\@babel\\parser\\src\\parser\\statement.ts:203:25)\n    at Parser.parseTopLevel [as parse] (C:\\Workspace_Melbin\\fun_websites\\3d_model_viewer\\node_modules\\@babel\\parser\\src\\parser\\index.ts:93:10)\n    at parse (C:\\Workspace_Melbin\\fun_websites\\3d_model_viewer\\node_modules\\@babel\\parser\\src\\index.ts:92:38)\n    at parser (C:\\Workspace_Melbin\\fun_websites\\3d_model_viewer\\node_modules\\@babel\\core\\src\\parser\\index.ts:28:19)\n    at parser.next (<anonymous>)\n    at normalizeFile (C:\\Workspace_Melbin\\fun_websites\\3d_model_viewer\\node_modules\\@babel\\core\\src\\transformation\\normalize-file.ts:49:24)\n    at normalizeFile.next (<anonymous>)\n    at run (C:\\Workspace_Melbin\\fun_websites\\3d_model_viewer\\node_modules\\@babel\\core\\src\\transformation\\index.ts:40:36)\n    at run.next (<anonymous>)\n    at transform (C:\\Workspace_Melbin\\fun_websites\\3d_model_viewer\\node_modules\\@babel\\core\\src\\transform.ts:29:20)\n    at transform.next (<anonymous>)\n    at evaluateSync (C:\\Workspace_Melbin\\fun_websites\\3d_model_viewer\\node_modules\\gensync\\index.js:251:28)\n    at sync (C:\\Workspace_Melbin\\fun_websites\\3d_model_viewer\\node_modules\\gensync\\index.js:89:14)\n    at fn (C:\\Workspace_Melbin\\fun_websites\\3d_model_viewer\\node_modules\\@babel\\core\\src\\errors\\rewrite-stack-trace.ts:99:14)\n    at transformSync (C:\\Workspace_Melbin\\fun_websites\\3d_model_viewer\\node_modules\\@babel\\core\\src\\transform.ts:66:52)\n    at Object.process (C:\\Workspace_Melbin\\fun_websites\\3d_model_viewer\\node_modules\\babel-jest\\build\\index.js:273:57)\n    at ScriptTransformer.transformSource (C:\\Workspace_Melbin\\fun_websites\\3d_model_viewer\\node_modules\\@jest\\transform\\build\\ScriptTransformer.js:545:31)\n    at ScriptTransformer._transformAndBuildScript (C:\\Workspace_Melbin\\fun_websites\\3d_model_viewer\\node_modules\\@jest\\transform\\build\\ScriptTransformer.js:674:40)\n    at ScriptTransformer.transform (C:\\Workspace_Melbin\\fun_websites\\3d_model_viewer\\node_modules\\@jest\\transform\\build\\ScriptTransformer.js:726:19)\n    at Runtime.transformFile (C:\\Workspace_Melbin\\fun_websites\\3d_model_viewer\\node_modules\\jest-runtime\\build\\index.js:1465:53)\n    at Runtime._execModule (C:\\Workspace_Melbin\\fun_websites\\3d_model_viewer\\node_modules\\jest-runtime\\build\\index.js:1397:34)\n    at Runtime._loadModule (C:\\Workspace_Melbin\\fun_websites\\3d_model_viewer\\node_modules\\jest-runtime\\build\\index.js:1022:12)\n    at Runtime.requireModule (C:\\Workspace_Melbin\\fun_websites\\3d_model_viewer\\node_modules\\jest-runtime\\build\\index.js:882:12)\n    at Runtime.requireModuleOrMock (C:\\Workspace_Melbin\\fun_websites\\3d_model_viewer\\node_modules\\jest-runtime\\build\\index.js:1048:21)\n    at require (C:\\Workspace_Melbin\\fun_websites\\3d_model_viewer\\test\\mobile-gesture-manager.test.js:52:24)\n    at Object.<anonymous> (C:\\Workspace_Melbin\\fun_websites\\3d_model_viewer\\test\\mobile-gesture-manager.test.js:52:24)"],"fullName":"MobileGestureManager Initialization should detect touch support","invocations":1,"location":null,"numPassingAsserts":0,"retryReasons":[],"status":"failed","title":"should detect touch support"},{"ancestorTitles":["MobileGestureManager","Initialization"],"duration":14,"failureDetails":[{"code":"BABEL_PARSE_ERROR","reasonCode":"MissingSemicolon","loc":{"line":480,"column":20,"index":14495},"pos":14495}],"failureMessages":["\u001b[1m\u001b[31mJest encountered an unexpected token\u001b[39m\u001b[22m\n\nJest failed to parse a file. This happens e.g. when your code or its dependencies use non-standard JavaScript syntax, or when Jest is not configured to support such syntax.\n\nOut of the box Jest supports Babel, which will be used to transform your files into valid JS based on your Babel configuration.\n\nBy default \"node_modules\" folder is ignored by transformers.\n\nHere's what you can do:\n • If you are trying to use ECMAScript Modules, see \u001b[4mhttps://jestjs.io/docs/ecmascript-modules\u001b[24m for how to enable it.\n • If you are trying to use TypeScript, see \u001b[4mhttps://jestjs.io/docs/getting-started#using-typescript\u001b[24m\n • To have some of your \"node_modules\" files transformed, you can specify a custom \u001b[1m\"transformIgnorePatterns\"\u001b[22m in your config.\n • If you need a custom transformation specify a \u001b[1m\"transform\"\u001b[22m option in your config.\n • If you simply want to mock your non-JS modules (e.g. binary assets) you can stub them out with the \u001b[1m\"moduleNameMapper\"\u001b[22m config option.\n\nYou'll find more details and examples of these config options in the docs:\n\u001b[36mhttps://jestjs.io/docs/configuration\u001b[39m\nFor information about custom transformations, see:\n\u001b[36mhttps://jestjs.io/docs/code-transformation\u001b[39m\n\n\u001b[1m\u001b[31mDetails:\u001b[39m\u001b[22m\n\nSyntaxError: C:\\Workspace_Melbin\\fun_websites\\3d_model_viewer\\src\\ui\\MobileGestureManager.js: Missing semicolon. (480:20)\n\n\u001b[0m \u001b[90m 478 |\u001b[39m \u001b[90m     * Check if device is mobile\u001b[39m\n \u001b[90m 479 |\u001b[39m \u001b[90m     */\u001b[39m\n\u001b[31m\u001b[1m>\u001b[22m\u001b[39m\u001b[90m 480 |\u001b[39m     isMobileDevice() {\n \u001b[90m     |\u001b[39m                     \u001b[31m\u001b[1m^\u001b[22m\u001b[39m\n \u001b[90m 481 |\u001b[39m         \u001b[36mreturn\u001b[39m \u001b[35m/Android|webOS|iPhone|iPad|iPod|BlackBerry|IEMobile|Opera Mini/i\u001b[39m\u001b[33m.\u001b[39mtest(navigator\u001b[33m.\u001b[39muserAgent)\u001b[33m;\u001b[39m\n \u001b[90m 482 |\u001b[39m     }\n \u001b[90m 483 |\u001b[39m\u001b[0m\n    at constructor (C:\\Workspace_Melbin\\fun_websites\\3d_model_viewer\\node_modules\\@babel\\parser\\src\\parse-error.ts:95:45)\n    at Parser.toParseError [as raise] (C:\\Workspace_Melbin\\fun_websites\\3d_model_viewer\\node_modules\\@babel\\parser\\src\\tokenizer\\index.ts:1503:19)\n    at Parser.raise [as semicolon] (C:\\Workspace_Melbin\\fun_websites\\3d_model_viewer\\node_modules\\@babel\\parser\\src\\parser\\util.ts:149:10)\n    at Parser.semicolon [as parseExpressionStatement] (C:\\Workspace_Melbin\\fun_websites\\3d_model_viewer\\node_modules\\@babel\\parser\\src\\parser\\statement.ts:1358:10)\n    at Parser.parseExpressionStatement [as parseStatementContent] (C:\\Workspace_Melbin\\fun_websites\\3d_model_viewer\\node_modules\\@babel\\parser\\src\\parser\\statement.ts:697:19)\n    at Parser.parseStatementContent [as parseStatementLike] (C:\\Workspace_Melbin\\fun_websites\\3d_model_viewer\\node_modules\\@babel\\parser\\src\\parser\\statement.ts:477:17)\n    at Parser.parseStatementLike [as parseModuleItem] (C:\\Workspace_Melbin\\fun_websites\\3d_model_viewer\\node_modules\\@babel\\parser\\src\\parser\\statement.ts:414:17)\n    at Parser.parseModuleItem [as parseBlockOrModuleBlockBody] (C:\\Workspace_Melbin\\fun_websites\\3d_model_viewer\\node_modules\\@babel\\parser\\src\\parser\\statement.ts:1438:16)\n    at Parser.parseBlockOrModuleBlockBody [as parseBlockBody] (C:\\Workspace_Melbin\\fun_websites\\3d_model_viewer\\node_modules\\@babel\\parser\\src\\parser\\statement.ts:1412:10)\n    at Parser.parseBlockBody [as parseProgram] (C:\\Workspace_Melbin\\fun_websites\\3d_model_viewer\\node_modules\\@babel\\parser\\src\\parser\\statement.ts:229:10)\n    at Parser.parseProgram [as parseTopLevel] (C:\\Workspace_Melbin\\fun_websites\\3d_model_viewer\\node_modules\\@babel\\parser\\src\\parser\\statement.ts:203:25)\n    at Parser.parseTopLevel [as parse] (C:\\Workspace_Melbin\\fun_websites\\3d_model_viewer\\node_modules\\@babel\\parser\\src\\parser\\index.ts:93:10)\n    at parse (C:\\Workspace_Melbin\\fun_websites\\3d_model_viewer\\node_modules\\@babel\\parser\\src\\index.ts:92:38)\n    at parser (C:\\Workspace_Melbin\\fun_websites\\3d_model_viewer\\node_modules\\@babel\\core\\src\\parser\\index.ts:28:19)\n    at parser.next (<anonymous>)\n    at normalizeFile (C:\\Workspace_Melbin\\fun_websites\\3d_model_viewer\\node_modules\\@babel\\core\\src\\transformation\\normalize-file.ts:49:24)\n    at normalizeFile.next (<anonymous>)\n    at run (C:\\Workspace_Melbin\\fun_websites\\3d_model_viewer\\node_modules\\@babel\\core\\src\\transformation\\index.ts:40:36)\n    at run.next (<anonymous>)\n    at transform (C:\\Workspace_Melbin\\fun_websites\\3d_model_viewer\\node_modules\\@babel\\core\\src\\transform.ts:29:20)\n    at transform.next (<anonymous>)\n    at evaluateSync (C:\\Workspace_Melbin\\fun_websites\\3d_model_viewer\\node_modules\\gensync\\index.js:251:28)\n    at sync (C:\\Workspace_Melbin\\fun_websites\\3d_model_viewer\\node_modules\\gensync\\index.js:89:14)\n    at fn (C:\\Workspace_Melbin\\fun_websites\\3d_model_viewer\\node_modules\\@babel\\core\\src\\errors\\rewrite-stack-trace.ts:99:14)\n    at transformSync (C:\\Workspace_Melbin\\fun_websites\\3d_model_viewer\\node_modules\\@babel\\core\\src\\transform.ts:66:52)\n    at Object.process (C:\\Workspace_Melbin\\fun_websites\\3d_model_viewer\\node_modules\\babel-jest\\build\\index.js:273:57)\n    at ScriptTransformer.transformSource (C:\\Workspace_Melbin\\fun_websites\\3d_model_viewer\\node_modules\\@jest\\transform\\build\\ScriptTransformer.js:545:31)\n    at ScriptTransformer._transformAndBuildScript (C:\\Workspace_Melbin\\fun_websites\\3d_model_viewer\\node_modules\\@jest\\transform\\build\\ScriptTransformer.js:674:40)\n    at ScriptTransformer.transform (C:\\Workspace_Melbin\\fun_websites\\3d_model_viewer\\node_modules\\@jest\\transform\\build\\ScriptTransformer.js:726:19)\n    at Runtime.transformFile (C:\\Workspace_Melbin\\fun_websites\\3d_model_viewer\\node_modules\\jest-runtime\\build\\index.js:1465:53)\n    at Runtime._execModule (C:\\Workspace_Melbin\\fun_websites\\3d_model_viewer\\node_modules\\jest-runtime\\build\\index.js:1397:34)\n    at Runtime._loadModule (C:\\Workspace_Melbin\\fun_websites\\3d_model_viewer\\node_modules\\jest-runtime\\build\\index.js:1022:12)\n    at Runtime.requireModule (C:\\Workspace_Melbin\\fun_websites\\3d_model_viewer\\node_modules\\jest-runtime\\build\\index.js:882:12)\n    at Runtime.requireModuleOrMock (C:\\Workspace_Melbin\\fun_websites\\3d_model_viewer\\node_modules\\jest-runtime\\build\\index.js:1048:21)\n    at require (C:\\Workspace_Melbin\\fun_websites\\3d_model_viewer\\test\\mobile-gesture-manager.test.js:52:24)\n    at Object.<anonymous> (C:\\Workspace_Melbin\\fun_websites\\3d_model_viewer\\test\\mobile-gesture-manager.test.js:52:24)"],"fullName":"MobileGestureManager Initialization should attach touch event listeners to canvas","invocations":1,"location":null,"numPassingAsserts":0,"retryReasons":[],"status":"failed","title":"should attach touch event listeners to canvas"},{"ancestorTitles":["MobileGestureManager","Initialization"],"duration":12,"failureDetails":[{"code":"BABEL_PARSE_ERROR","reasonCode":"MissingSemicolon","loc":{"line":480,"column":20,"index":14495},"pos":14495}],"failureMessages":["\u001b[1m\u001b[31mJest encountered an unexpected token\u001b[39m\u001b[22m\n\nJest failed to parse a file. This happens e.g. when your code or its dependencies use non-standard JavaScript syntax, or when Jest is not configured to support such syntax.\n\nOut of the box Jest supports Babel, which will be used to transform your files into valid JS based on your Babel configuration.\n\nBy default \"node_modules\" folder is ignored by transformers.\n\nHere's what you can do:\n • If you are trying to use ECMAScript Modules, see \u001b[4mhttps://jestjs.io/docs/ecmascript-modules\u001b[24m for how to enable it.\n • If you are trying to use TypeScript, see \u001b[4mhttps://jestjs.io/docs/getting-started#using-typescript\u001b[24m\n • To have some of your \"node_modules\" files transformed, you can specify a custom \u001b[1m\"transformIgnorePatterns\"\u001b[22m in your config.\n • If you need a custom transformation specify a \u001b[1m\"transform\"\u001b[22m option in your config.\n • If you simply want to mock your non-JS modules (e.g. binary assets) you can stub them out with the \u001b[1m\"moduleNameMapper\"\u001b[22m config option.\n\nYou'll find more details and examples of these config options in the docs:\n\u001b[36mhttps://jestjs.io/docs/configuration\u001b[39m\nFor information about custom transformations, see:\n\u001b[36mhttps://jestjs.io/docs/code-transformation\u001b[39m\n\n\u001b[1m\u001b[31mDetails:\u001b[39m\u001b[22m\n\nSyntaxError: C:\\Workspace_Melbin\\fun_websites\\3d_model_viewer\\src\\ui\\MobileGestureManager.js: Missing semicolon. (480:20)\n\n\u001b[0m \u001b[90m 478 |\u001b[39m \u001b[90m     * Check if device is mobile\u001b[39m\n \u001b[90m 479 |\u001b[39m \u001b[90m     */\u001b[39m\n\u001b[31m\u001b[1m>\u001b[22m\u001b[39m\u001b[90m 480 |\u001b[39m     isMobileDevice() {\n \u001b[90m     |\u001b[39m                     \u001b[31m\u001b[1m^\u001b[22m\u001b[39m\n \u001b[90m 481 |\u001b[39m         \u001b[36mreturn\u001b[39m \u001b[35m/Android|webOS|iPhone|iPad|iPod|BlackBerry|IEMobile|Opera Mini/i\u001b[39m\u001b[33m.\u001b[39mtest(navigator\u001b[33m.\u001b[39muserAgent)\u001b[33m;\u001b[39m\n \u001b[90m 482 |\u001b[39m     }\n \u001b[90m 483 |\u001b[39m\u001b[0m\n    at constructor (C:\\Workspace_Melbin\\fun_websites\\3d_model_viewer\\node_modules\\@babel\\parser\\src\\parse-error.ts:95:45)\n    at Parser.toParseError [as raise] (C:\\Workspace_Melbin\\fun_websites\\3d_model_viewer\\node_modules\\@babel\\parser\\src\\tokenizer\\index.ts:1503:19)\n    at Parser.raise [as semicolon] (C:\\Workspace_Melbin\\fun_websites\\3d_model_viewer\\node_modules\\@babel\\parser\\src\\parser\\util.ts:149:10)\n    at Parser.semicolon [as parseExpressionStatement] (C:\\Workspace_Melbin\\fun_websites\\3d_model_viewer\\node_modules\\@babel\\parser\\src\\parser\\statement.ts:1358:10)\n    at Parser.parseExpressionStatement [as parseStatementContent] (C:\\Workspace_Melbin\\fun_websites\\3d_model_viewer\\node_modules\\@babel\\parser\\src\\parser\\statement.ts:697:19)\n    at Parser.parseStatementContent [as parseStatementLike] (C:\\Workspace_Melbin\\fun_websites\\3d_model_viewer\\node_modules\\@babel\\parser\\src\\parser\\statement.ts:477:17)\n    at Parser.parseStatementLike [as parseModuleItem] (C:\\Workspace_Melbin\\fun_websites\\3d_model_viewer\\node_modules\\@babel\\parser\\src\\parser\\statement.ts:414:17)\n    at Parser.parseModuleItem [as parseBlockOrModuleBlockBody] (C:\\Workspace_Melbin\\fun_websites\\3d_model_viewer\\node_modules\\@babel\\parser\\src\\parser\\statement.ts:1438:16)\n    at Parser.parseBlockOrModuleBlockBody [as parseBlockBody] (C:\\Workspace_Melbin\\fun_websites\\3d_model_viewer\\node_modules\\@babel\\parser\\src\\parser\\statement.ts:1412:10)\n    at Parser.parseBlockBody [as parseProgram] (C:\\Workspace_Melbin\\fun_websites\\3d_model_viewer\\node_modules\\@babel\\parser\\src\\parser\\statement.ts:229:10)\n    at Parser.parseProgram [as parseTopLevel] (C:\\Workspace_Melbin\\fun_websites\\3d_model_viewer\\node_modules\\@babel\\parser\\src\\parser\\statement.ts:203:25)\n    at Parser.parseTopLevel [as parse] (C:\\Workspace_Melbin\\fun_websites\\3d_model_viewer\\node_modules\\@babel\\parser\\src\\parser\\index.ts:93:10)\n    at parse (C:\\Workspace_Melbin\\fun_websites\\3d_model_viewer\\node_modules\\@babel\\parser\\src\\index.ts:92:38)\n    at parser (C:\\Workspace_Melbin\\fun_websites\\3d_model_viewer\\node_modules\\@babel\\core\\src\\parser\\index.ts:28:19)\n    at parser.next (<anonymous>)\n    at normalizeFile (C:\\Workspace_Melbin\\fun_websites\\3d_model_viewer\\node_modules\\@babel\\core\\src\\transformation\\normalize-file.ts:49:24)\n    at normalizeFile.next (<anonymous>)\n    at run (C:\\Workspace_Melbin\\fun_websites\\3d_model_viewer\\node_modules\\@babel\\core\\src\\transformation\\index.ts:40:36)\n    at run.next (<anonymous>)\n    at transform (C:\\Workspace_Melbin\\fun_websites\\3d_model_viewer\\node_modules\\@babel\\core\\src\\transform.ts:29:20)\n    at transform.next (<anonymous>)\n    at evaluateSync (C:\\Workspace_Melbin\\fun_websites\\3d_model_viewer\\node_modules\\gensync\\index.js:251:28)\n    at sync (C:\\Workspace_Melbin\\fun_websites\\3d_model_viewer\\node_modules\\gensync\\index.js:89:14)\n    at fn (C:\\Workspace_Melbin\\fun_websites\\3d_model_viewer\\node_modules\\@babel\\core\\src\\errors\\rewrite-stack-trace.ts:99:14)\n    at transformSync (C:\\Workspace_Melbin\\fun_websites\\3d_model_viewer\\node_modules\\@babel\\core\\src\\transform.ts:66:52)\n    at Object.process (C:\\Workspace_Melbin\\fun_websites\\3d_model_viewer\\node_modules\\babel-jest\\build\\index.js:273:57)\n    at ScriptTransformer.transformSource (C:\\Workspace_Melbin\\fun_websites\\3d_model_viewer\\node_modules\\@jest\\transform\\build\\ScriptTransformer.js:545:31)\n    at ScriptTransformer._transformAndBuildScript (C:\\Workspace_Melbin\\fun_websites\\3d_model_viewer\\node_modules\\@jest\\transform\\build\\ScriptTransformer.js:674:40)\n    at ScriptTransformer.transform (C:\\Workspace_Melbin\\fun_websites\\3d_model_viewer\\node_modules\\@jest\\transform\\build\\ScriptTransformer.js:726:19)\n    at Runtime.transformFile (C:\\Workspace_Melbin\\fun_websites\\3d_model_viewer\\node_modules\\jest-runtime\\build\\index.js:1465:53)\n    at Runtime._execModule (C:\\Workspace_Melbin\\fun_websites\\3d_model_viewer\\node_modules\\jest-runtime\\build\\index.js:1397:34)\n    at Runtime._loadModule (C:\\Workspace_Melbin\\fun_websites\\3d_model_viewer\\node_modules\\jest-runtime\\build\\index.js:1022:12)\n    at Runtime.requireModule (C:\\Workspace_Melbin\\fun_websites\\3d_model_viewer\\node_modules\\jest-runtime\\build\\index.js:882:12)\n    at Runtime.requireModuleOrMock (C:\\Workspace_Melbin\\fun_websites\\3d_model_viewer\\node_modules\\jest-runtime\\build\\index.js:1048:21)\n    at require (C:\\Workspace_Melbin\\fun_websites\\3d_model_viewer\\test\\mobile-gesture-manager.test.js:52:24)\n    at Object.<anonymous> (C:\\Workspace_Melbin\\fun_websites\\3d_model_viewer\\test\\mobile-gesture-manager.test.js:52:24)"],"fullName":"MobileGestureManager Initialization should initialize gesture state","invocations":1,"location":null,"numPassingAsserts":0,"retryReasons":[],"status":"failed","title":"should initialize gesture state"},{"ancestorTitles":["MobileGestureManager","Touch Event Handling"],"duration":11,"failureDetails":[{"code":"BABEL_PARSE_ERROR","reasonCode":"MissingSemicolon","loc":{"line":480,"column":20,"index":14495},"pos":14495}],"failureMessages":["\u001b[1m\u001b[31mJest encountered an unexpected token\u001b[39m\u001b[22m\n\nJest failed to parse a file. This happens e.g. when your code or its dependencies use non-standard JavaScript syntax, or when Jest is not configured to support such syntax.\n\nOut of the box Jest supports Babel, which will be used to transform your files into valid JS based on your Babel configuration.\n\nBy default \"node_modules\" folder is ignored by transformers.\n\nHere's what you can do:\n • If you are trying to use ECMAScript Modules, see \u001b[4mhttps://jestjs.io/docs/ecmascript-modules\u001b[24m for how to enable it.\n • If you are trying to use TypeScript, see \u001b[4mhttps://jestjs.io/docs/getting-started#using-typescript\u001b[24m\n • To have some of your \"node_modules\" files transformed, you can specify a custom \u001b[1m\"transformIgnorePatterns\"\u001b[22m in your config.\n • If you need a custom transformation specify a \u001b[1m\"transform\"\u001b[22m option in your config.\n • If you simply want to mock your non-JS modules (e.g. binary assets) you can stub them out with the \u001b[1m\"moduleNameMapper\"\u001b[22m config option.\n\nYou'll find more details and examples of these config options in the docs:\n\u001b[36mhttps://jestjs.io/docs/configuration\u001b[39m\nFor information about custom transformations, see:\n\u001b[36mhttps://jestjs.io/docs/code-transformation\u001b[39m\n\n\u001b[1m\u001b[31mDetails:\u001b[39m\u001b[22m\n\nSyntaxError: C:\\Workspace_Melbin\\fun_websites\\3d_model_viewer\\src\\ui\\MobileGestureManager.js: Missing semicolon. (480:20)\n\n\u001b[0m \u001b[90m 478 |\u001b[39m \u001b[90m     * Check if device is mobile\u001b[39m\n \u001b[90m 479 |\u001b[39m \u001b[90m     */\u001b[39m\n\u001b[31m\u001b[1m>\u001b[22m\u001b[39m\u001b[90m 480 |\u001b[39m     isMobileDevice() {\n \u001b[90m     |\u001b[39m                     \u001b[31m\u001b[1m^\u001b[22m\u001b[39m\n \u001b[90m 481 |\u001b[39m         \u001b[36mreturn\u001b[39m \u001b[35m/Android|webOS|iPhone|iPad|iPod|BlackBerry|IEMobile|Opera Mini/i\u001b[39m\u001b[33m.\u001b[39mtest(navigator\u001b[33m.\u001b[39muserAgent)\u001b[33m;\u001b[39m\n \u001b[90m 482 |\u001b[39m     }\n \u001b[90m 483 |\u001b[39m\u001b[0m\n    at constructor (C:\\Workspace_Melbin\\fun_websites\\3d_model_viewer\\node_modules\\@babel\\parser\\src\\parse-error.ts:95:45)\n    at Parser.toParseError [as raise] (C:\\Workspace_Melbin\\fun_websites\\3d_model_viewer\\node_modules\\@babel\\parser\\src\\tokenizer\\index.ts:1503:19)\n    at Parser.raise [as semicolon] (C:\\Workspace_Melbin\\fun_websites\\3d_model_viewer\\node_modules\\@babel\\parser\\src\\parser\\util.ts:149:10)\n    at Parser.semicolon [as parseExpressionStatement] (C:\\Workspace_Melbin\\fun_websites\\3d_model_viewer\\node_modules\\@babel\\parser\\src\\parser\\statement.ts:1358:10)\n    at Parser.parseExpressionStatement [as parseStatementContent] (C:\\Workspace_Melbin\\fun_websites\\3d_model_viewer\\node_modules\\@babel\\parser\\src\\parser\\statement.ts:697:19)\n    at Parser.parseStatementContent [as parseStatementLike] (C:\\Workspace_Melbin\\fun_websites\\3d_model_viewer\\node_modules\\@babel\\parser\\src\\parser\\statement.ts:477:17)\n    at Parser.parseStatementLike [as parseModuleItem] (C:\\Workspace_Melbin\\fun_websites\\3d_model_viewer\\node_modules\\@babel\\parser\\src\\parser\\statement.ts:414:17)\n    at Parser.parseModuleItem [as parseBlockOrModuleBlockBody] (C:\\Workspace_Melbin\\fun_websites\\3d_model_viewer\\node_modules\\@babel\\parser\\src\\parser\\statement.ts:1438:16)\n    at Parser.parseBlockOrModuleBlockBody [as parseBlockBody] (C:\\Workspace_Melbin\\fun_websites\\3d_model_viewer\\node_modules\\@babel\\parser\\src\\parser\\statement.ts:1412:10)\n    at Parser.parseBlockBody [as parseProgram] (C:\\Workspace_Melbin\\fun_websites\\3d_model_viewer\\node_modules\\@babel\\parser\\src\\parser\\statement.ts:229:10)\n    at Parser.parseProgram [as parseTopLevel] (C:\\Workspace_Melbin\\fun_websites\\3d_model_viewer\\node_modules\\@babel\\parser\\src\\parser\\statement.ts:203:25)\n    at Parser.parseTopLevel [as parse] (C:\\Workspace_Melbin\\fun_websites\\3d_model_viewer\\node_modules\\@babel\\parser\\src\\parser\\index.ts:93:10)\n    at parse (C:\\Workspace_Melbin\\fun_websites\\3d_model_viewer\\node_modules\\@babel\\parser\\src\\index.ts:92:38)\n    at parser (C:\\Workspace_Melbin\\fun_websites\\3d_model_viewer\\node_modules\\@babel\\core\\src\\parser\\index.ts:28:19)\n    at parser.next (<anonymous>)\n    at normalizeFile (C:\\Workspace_Melbin\\fun_websites\\3d_model_viewer\\node_modules\\@babel\\core\\src\\transformation\\normalize-file.ts:49:24)\n    at normalizeFile.next (<anonymous>)\n    at run (C:\\Workspace_Melbin\\fun_websites\\3d_model_viewer\\node_modules\\@babel\\core\\src\\transformation\\index.ts:40:36)\n    at run.next (<anonymous>)\n    at transform (C:\\Workspace_Melbin\\fun_websites\\3d_model_viewer\\node_modules\\@babel\\core\\src\\transform.ts:29:20)\n    at transform.next (<anonymous>)\n    at evaluateSync (C:\\Workspace_Melbin\\fun_websites\\3d_model_viewer\\node_modules\\gensync\\index.js:251:28)\n    at sync (C:\\Workspace_Melbin\\fun_websites\\3d_model_viewer\\node_modules\\gensync\\index.js:89:14)\n    at fn (C:\\Workspace_Melbin\\fun_websites\\3d_model_viewer\\node_modules\\@babel\\core\\src\\errors\\rewrite-stack-trace.ts:99:14)\n    at transformSync (C:\\Workspace_Melbin\\fun_websites\\3d_model_viewer\\node_modules\\@babel\\core\\src\\transform.ts:66:52)\n    at Object.process (C:\\Workspace_Melbin\\fun_websites\\3d_model_viewer\\node_modules\\babel-jest\\build\\index.js:273:57)\n    at ScriptTransformer.transformSource (C:\\Workspace_Melbin\\fun_websites\\3d_model_viewer\\node_modules\\@jest\\transform\\build\\ScriptTransformer.js:545:31)\n    at ScriptTransformer._transformAndBuildScript (C:\\Workspace_Melbin\\fun_websites\\3d_model_viewer\\node_modules\\@jest\\transform\\build\\ScriptTransformer.js:674:40)\n    at ScriptTransformer.transform (C:\\Workspace_Melbin\\fun_websites\\3d_model_viewer\\node_modules\\@jest\\transform\\build\\ScriptTransformer.js:726:19)\n    at Runtime.transformFile (C:\\Workspace_Melbin\\fun_websites\\3d_model_viewer\\node_modules\\jest-runtime\\build\\index.js:1465:53)\n    at Runtime._execModule (C:\\Workspace_Melbin\\fun_websites\\3d_model_viewer\\node_modules\\jest-runtime\\build\\index.js:1397:34)\n    at Runtime._loadModule (C:\\Workspace_Melbin\\fun_websites\\3d_model_viewer\\node_modules\\jest-runtime\\build\\index.js:1022:12)\n    at Runtime.requireModule (C:\\Workspace_Melbin\\fun_websites\\3d_model_viewer\\node_modules\\jest-runtime\\build\\index.js:882:12)\n    at Runtime.requireModuleOrMock (C:\\Workspace_Melbin\\fun_websites\\3d_model_viewer\\node_modules\\jest-runtime\\build\\index.js:1048:21)\n    at require (C:\\Workspace_Melbin\\fun_websites\\3d_model_viewer\\test\\mobile-gesture-manager.test.js:52:24)\n    at Object.<anonymous> (C:\\Workspace_Melbin\\fun_websites\\3d_model_viewer\\test\\mobile-gesture-manager.test.js:52:24)"],"fullName":"MobileGestureManager Touch Event Handling should handle touchstart event","invocations":1,"location":null,"numPassingAsserts":0,"retryReasons":[],"status":"failed","title":"should handle touchstart event"},{"ancestorTitles":["MobileGestureManager","Touch Event Handling"],"duration":10,"failureDetails":[{"code":"BABEL_PARSE_ERROR","reasonCode":"MissingSemicolon","loc":{"line":480,"column":20,"index":14495},"pos":14495}],"failureMessages":["\u001b[1m\u001b[31mJest encountered an unexpected token\u001b[39m\u001b[22m\n\nJest failed to parse a file. This happens e.g. when your code or its dependencies use non-standard JavaScript syntax, or when Jest is not configured to support such syntax.\n\nOut of the box Jest supports Babel, which will be used to transform your files into valid JS based on your Babel configuration.\n\nBy default \"node_modules\" folder is ignored by transformers.\n\nHere's what you can do:\n • If you are trying to use ECMAScript Modules, see \u001b[4mhttps://jestjs.io/docs/ecmascript-modules\u001b[24m for how to enable it.\n • If you are trying to use TypeScript, see \u001b[4mhttps://jestjs.io/docs/getting-started#using-typescript\u001b[24m\n • To have some of your \"node_modules\" files transformed, you can specify a custom \u001b[1m\"transformIgnorePatterns\"\u001b[22m in your config.\n • If you need a custom transformation specify a \u001b[1m\"transform\"\u001b[22m option in your config.\n • If you simply want to mock your non-JS modules (e.g. binary assets) you can stub them out with the \u001b[1m\"moduleNameMapper\"\u001b[22m config option.\n\nYou'll find more details and examples of these config options in the docs:\n\u001b[36mhttps://jestjs.io/docs/configuration\u001b[39m\nFor information about custom transformations, see:\n\u001b[36mhttps://jestjs.io/docs/code-transformation\u001b[39m\n\n\u001b[1m\u001b[31mDetails:\u001b[39m\u001b[22m\n\nSyntaxError: C:\\Workspace_Melbin\\fun_websites\\3d_model_viewer\\src\\ui\\MobileGestureManager.js: Missing semicolon. (480:20)\n\n\u001b[0m \u001b[90m 478 |\u001b[39m \u001b[90m     * Check if device is mobile\u001b[39m\n \u001b[90m 479 |\u001b[39m \u001b[90m     */\u001b[39m\n\u001b[31m\u001b[1m>\u001b[22m\u001b[39m\u001b[90m 480 |\u001b[39m     isMobileDevice() {\n \u001b[90m     |\u001b[39m                     \u001b[31m\u001b[1m^\u001b[22m\u001b[39m\n \u001b[90m 481 |\u001b[39m         \u001b[36mreturn\u001b[39m \u001b[35m/Android|webOS|iPhone|iPad|iPod|BlackBerry|IEMobile|Opera Mini/i\u001b[39m\u001b[33m.\u001b[39mtest(navigator\u001b[33m.\u001b[39muserAgent)\u001b[33m;\u001b[39m\n \u001b[90m 482 |\u001b[39m     }\n \u001b[90m 483 |\u001b[39m\u001b[0m\n    at constructor (C:\\Workspace_Melbin\\fun_websites\\3d_model_viewer\\node_modules\\@babel\\parser\\src\\parse-error.ts:95:45)\n    at Parser.toParseError [as raise] (C:\\Workspace_Melbin\\fun_websites\\3d_model_viewer\\node_modules\\@babel\\parser\\src\\tokenizer\\index.ts:1503:19)\n    at Parser.raise [as semicolon] (C:\\Workspace_Melbin\\fun_websites\\3d_model_viewer\\node_modules\\@babel\\parser\\src\\parser\\util.ts:149:10)\n    at Parser.semicolon [as parseExpressionStatement] (C:\\Workspace_Melbin\\fun_websites\\3d_model_viewer\\node_modules\\@babel\\parser\\src\\parser\\statement.ts:1358:10)\n    at Parser.parseExpressionStatement [as parseStatementContent] (C:\\Workspace_Melbin\\fun_websites\\3d_model_viewer\\node_modules\\@babel\\parser\\src\\parser\\statement.ts:697:19)\n    at Parser.parseStatementContent [as parseStatementLike] (C:\\Workspace_Melbin\\fun_websites\\3d_model_viewer\\node_modules\\@babel\\parser\\src\\parser\\statement.ts:477:17)\n    at Parser.parseStatementLike [as parseModuleItem] (C:\\Workspace_Melbin\\fun_websites\\3d_model_viewer\\node_modules\\@babel\\parser\\src\\parser\\statement.ts:414:17)\n    at Parser.parseModuleItem [as parseBlockOrModuleBlockBody] (C:\\Workspace_Melbin\\fun_websites\\3d_model_viewer\\node_modules\\@babel\\parser\\src\\parser\\statement.ts:1438:16)\n    at Parser.parseBlockOrModuleBlockBody [as parseBlockBody] (C:\\Workspace_Melbin\\fun_websites\\3d_model_viewer\\node_modules\\@babel\\parser\\src\\parser\\statement.ts:1412:10)\n    at Parser.parseBlockBody [as parseProgram] (C:\\Workspace_Melbin\\fun_websites\\3d_model_viewer\\node_modules\\@babel\\parser\\src\\parser\\statement.ts:229:10)\n    at Parser.parseProgram [as parseTopLevel] (C:\\Workspace_Melbin\\fun_websites\\3d_model_viewer\\node_modules\\@babel\\parser\\src\\parser\\statement.ts:203:25)\n    at Parser.parseTopLevel [as parse] (C:\\Workspace_Melbin\\fun_websites\\3d_model_viewer\\node_modules\\@babel\\parser\\src\\parser\\index.ts:93:10)\n    at parse (C:\\Workspace_Melbin\\fun_websites\\3d_model_viewer\\node_modules\\@babel\\parser\\src\\index.ts:92:38)\n    at parser (C:\\Workspace_Melbin\\fun_websites\\3d_model_viewer\\node_modules\\@babel\\core\\src\\parser\\index.ts:28:19)\n    at parser.next (<anonymous>)\n    at normalizeFile (C:\\Workspace_Melbin\\fun_websites\\3d_model_viewer\\node_modules\\@babel\\core\\src\\transformation\\normalize-file.ts:49:24)\n    at normalizeFile.next (<anonymous>)\n    at run (C:\\Workspace_Melbin\\fun_websites\\3d_model_viewer\\node_modules\\@babel\\core\\src\\transformation\\index.ts:40:36)\n    at run.next (<anonymous>)\n    at transform (C:\\Workspace_Melbin\\fun_websites\\3d_model_viewer\\node_modules\\@babel\\core\\src\\transform.ts:29:20)\n    at transform.next (<anonymous>)\n    at evaluateSync (C:\\Workspace_Melbin\\fun_websites\\3d_model_viewer\\node_modules\\gensync\\index.js:251:28)\n    at sync (C:\\Workspace_Melbin\\fun_websites\\3d_model_viewer\\node_modules\\gensync\\index.js:89:14)\n    at fn (C:\\Workspace_Melbin\\fun_websites\\3d_model_viewer\\node_modules\\@babel\\core\\src\\errors\\rewrite-stack-trace.ts:99:14)\n    at transformSync (C:\\Workspace_Melbin\\fun_websites\\3d_model_viewer\\node_modules\\@babel\\core\\src\\transform.ts:66:52)\n    at Object.process (C:\\Workspace_Melbin\\fun_websites\\3d_model_viewer\\node_modules\\babel-jest\\build\\index.js:273:57)\n    at ScriptTransformer.transformSource (C:\\Workspace_Melbin\\fun_websites\\3d_model_viewer\\node_modules\\@jest\\transform\\build\\ScriptTransformer.js:545:31)\n    at ScriptTransformer._transformAndBuildScript (C:\\Workspace_Melbin\\fun_websites\\3d_model_viewer\\node_modules\\@jest\\transform\\build\\ScriptTransformer.js:674:40)\n    at ScriptTransformer.transform (C:\\Workspace_Melbin\\fun_websites\\3d_model_viewer\\node_modules\\@jest\\transform\\build\\ScriptTransformer.js:726:19)\n    at Runtime.transformFile (C:\\Workspace_Melbin\\fun_websites\\3d_model_viewer\\node_modules\\jest-runtime\\build\\index.js:1465:53)\n    at Runtime._execModule (C:\\Workspace_Melbin\\fun_websites\\3d_model_viewer\\node_modules\\jest-runtime\\build\\index.js:1397:34)\n    at Runtime._loadModule (C:\\Workspace_Melbin\\fun_websites\\3d_model_viewer\\node_modules\\jest-runtime\\build\\index.js:1022:12)\n    at Runtime.requireModule (C:\\Workspace_Melbin\\fun_websites\\3d_model_viewer\\node_modules\\jest-runtime\\build\\index.js:882:12)\n    at Runtime.requireModuleOrMock (C:\\Workspace_Melbin\\fun_websites\\3d_model_viewer\\node_modules\\jest-runtime\\build\\index.js:1048:21)\n    at require (C:\\Workspace_Melbin\\fun_websites\\3d_model_viewer\\test\\mobile-gesture-manager.test.js:52:24)\n    at Object.<anonymous> (C:\\Workspace_Melbin\\fun_websites\\3d_model_viewer\\test\\mobile-gesture-manager.test.js:52:24)"],"fullName":"MobileGestureManager Touch Event Handling should handle touchmove event","invocations":1,"location":null,"numPassingAsserts":0,"retryReasons":[],"status":"failed","title":"should handle touchmove event"},{"ancestorTitles":["MobileGestureManager","Touch Event Handling"],"duration":11,"failureDetails":[{"code":"BABEL_PARSE_ERROR","reasonCode":"MissingSemicolon","loc":{"line":480,"column":20,"index":14495},"pos":14495}],"failureMessages":["\u001b[1m\u001b[31mJest encountered an unexpected token\u001b[39m\u001b[22m\n\nJest failed to parse a file. This happens e.g. when your code or its dependencies use non-standard JavaScript syntax, or when Jest is not configured to support such syntax.\n\nOut of the box Jest supports Babel, which will be used to transform your files into valid JS based on your Babel configuration.\n\nBy default \"node_modules\" folder is ignored by transformers.\n\nHere's what you can do:\n • If you are trying to use ECMAScript Modules, see \u001b[4mhttps://jestjs.io/docs/ecmascript-modules\u001b[24m for how to enable it.\n • If you are trying to use TypeScript, see \u001b[4mhttps://jestjs.io/docs/getting-started#using-typescript\u001b[24m\n • To have some of your \"node_modules\" files transformed, you can specify a custom \u001b[1m\"transformIgnorePatterns\"\u001b[22m in your config.\n • If you need a custom transformation specify a \u001b[1m\"transform\"\u001b[22m option in your config.\n • If you simply want to mock your non-JS modules (e.g. binary assets) you can stub them out with the \u001b[1m\"moduleNameMapper\"\u001b[22m config option.\n\nYou'll find more details and examples of these config options in the docs:\n\u001b[36mhttps://jestjs.io/docs/configuration\u001b[39m\nFor information about custom transformations, see:\n\u001b[36mhttps://jestjs.io/docs/code-transformation\u001b[39m\n\n\u001b[1m\u001b[31mDetails:\u001b[39m\u001b[22m\n\nSyntaxError: C:\\Workspace_Melbin\\fun_websites\\3d_model_viewer\\src\\ui\\MobileGestureManager.js: Missing semicolon. (480:20)\n\n\u001b[0m \u001b[90m 478 |\u001b[39m \u001b[90m     * Check if device is mobile\u001b[39m\n \u001b[90m 479 |\u001b[39m \u001b[90m     */\u001b[39m\n\u001b[31m\u001b[1m>\u001b[22m\u001b[39m\u001b[90m 480 |\u001b[39m     isMobileDevice() {\n \u001b[90m     |\u001b[39m                     \u001b[31m\u001b[1m^\u001b[22m\u001b[39m\n \u001b[90m 481 |\u001b[39m         \u001b[36mreturn\u001b[39m \u001b[35m/Android|webOS|iPhone|iPad|iPod|BlackBerry|IEMobile|Opera Mini/i\u001b[39m\u001b[33m.\u001b[39mtest(navigator\u001b[33m.\u001b[39muserAgent)\u001b[33m;\u001b[39m\n \u001b[90m 482 |\u001b[39m     }\n \u001b[90m 483 |\u001b[39m\u001b[0m\n    at constructor (C:\\Workspace_Melbin\\fun_websites\\3d_model_viewer\\node_modules\\@babel\\parser\\src\\parse-error.ts:95:45)\n    at Parser.toParseError [as raise] (C:\\Workspace_Melbin\\fun_websites\\3d_model_viewer\\node_modules\\@babel\\parser\\src\\tokenizer\\index.ts:1503:19)\n    at Parser.raise [as semicolon] (C:\\Workspace_Melbin\\fun_websites\\3d_model_viewer\\node_modules\\@babel\\parser\\src\\parser\\util.ts:149:10)\n    at Parser.semicolon [as parseExpressionStatement] (C:\\Workspace_Melbin\\fun_websites\\3d_model_viewer\\node_modules\\@babel\\parser\\src\\parser\\statement.ts:1358:10)\n    at Parser.parseExpressionStatement [as parseStatementContent] (C:\\Workspace_Melbin\\fun_websites\\3d_model_viewer\\node_modules\\@babel\\parser\\src\\parser\\statement.ts:697:19)\n    at Parser.parseStatementContent [as parseStatementLike] (C:\\Workspace_Melbin\\fun_websites\\3d_model_viewer\\node_modules\\@babel\\parser\\src\\parser\\statement.ts:477:17)\n    at Parser.parseStatementLike [as parseModuleItem] (C:\\Workspace_Melbin\\fun_websites\\3d_model_viewer\\node_modules\\@babel\\parser\\src\\parser\\statement.ts:414:17)\n    at Parser.parseModuleItem [as parseBlockOrModuleBlockBody] (C:\\Workspace_Melbin\\fun_websites\\3d_model_viewer\\node_modules\\@babel\\parser\\src\\parser\\statement.ts:1438:16)\n    at Parser.parseBlockOrModuleBlockBody [as parseBlockBody] (C:\\Workspace_Melbin\\fun_websites\\3d_model_viewer\\node_modules\\@babel\\parser\\src\\parser\\statement.ts:1412:10)\n    at Parser.parseBlockBody [as parseProgram] (C:\\Workspace_Melbin\\fun_websites\\3d_model_viewer\\node_modules\\@babel\\parser\\src\\parser\\statement.ts:229:10)\n    at Parser.parseProgram [as parseTopLevel] (C:\\Workspace_Melbin\\fun_websites\\3d_model_viewer\\node_modules\\@babel\\parser\\src\\parser\\statement.ts:203:25)\n    at Parser.parseTopLevel [as parse] (C:\\Workspace_Melbin\\fun_websites\\3d_model_viewer\\node_modules\\@babel\\parser\\src\\parser\\index.ts:93:10)\n    at parse (C:\\Workspace_Melbin\\fun_websites\\3d_model_viewer\\node_modules\\@babel\\parser\\src\\index.ts:92:38)\n    at parser (C:\\Workspace_Melbin\\fun_websites\\3d_model_viewer\\node_modules\\@babel\\core\\src\\parser\\index.ts:28:19)\n    at parser.next (<anonymous>)\n    at normalizeFile (C:\\Workspace_Melbin\\fun_websites\\3d_model_viewer\\node_modules\\@babel\\core\\src\\transformation\\normalize-file.ts:49:24)\n    at normalizeFile.next (<anonymous>)\n    at run (C:\\Workspace_Melbin\\fun_websites\\3d_model_viewer\\node_modules\\@babel\\core\\src\\transformation\\index.ts:40:36)\n    at run.next (<anonymous>)\n    at transform (C:\\Workspace_Melbin\\fun_websites\\3d_model_viewer\\node_modules\\@babel\\core\\src\\transform.ts:29:20)\n    at transform.next (<anonymous>)\n    at evaluateSync (C:\\Workspace_Melbin\\fun_websites\\3d_model_viewer\\node_modules\\gensync\\index.js:251:28)\n    at sync (C:\\Workspace_Melbin\\fun_websites\\3d_model_viewer\\node_modules\\gensync\\index.js:89:14)\n    at fn (C:\\Workspace_Melbin\\fun_websites\\3d_model_viewer\\node_modules\\@babel\\core\\src\\errors\\rewrite-stack-trace.ts:99:14)\n    at transformSync (C:\\Workspace_Melbin\\fun_websites\\3d_model_viewer\\node_modules\\@babel\\core\\src\\transform.ts:66:52)\n    at Object.process (C:\\Workspace_Melbin\\fun_websites\\3d_model_viewer\\node_modules\\babel-jest\\build\\index.js:273:57)\n    at ScriptTransformer.transformSource (C:\\Workspace_Melbin\\fun_websites\\3d_model_viewer\\node_modules\\@jest\\transform\\build\\ScriptTransformer.js:545:31)\n    at ScriptTransformer._transformAndBuildScript (C:\\Workspace_Melbin\\fun_websites\\3d_model_viewer\\node_modules\\@jest\\transform\\build\\ScriptTransformer.js:674:40)\n    at ScriptTransformer.transform (C:\\Workspace_Melbin\\fun_websites\\3d_model_viewer\\node_modules\\@jest\\transform\\build\\ScriptTransformer.js:726:19)\n    at Runtime.transformFile (C:\\Workspace_Melbin\\fun_websites\\3d_model_viewer\\node_modules\\jest-runtime\\build\\index.js:1465:53)\n    at Runtime._execModule (C:\\Workspace_Melbin\\fun_websites\\3d_model_viewer\\node_modules\\jest-runtime\\build\\index.js:1397:34)\n    at Runtime._loadModule (C:\\Workspace_Melbin\\fun_websites\\3d_model_viewer\\node_modules\\jest-runtime\\build\\index.js:1022:12)\n    at Runtime.requireModule (C:\\Workspace_Melbin\\fun_websites\\3d_model_viewer\\node_modules\\jest-runtime\\build\\index.js:882:12)\n    at Runtime.requireModuleOrMock (C:\\Workspace_Melbin\\fun_websites\\3d_model_viewer\\node_modules\\jest-runtime\\build\\index.js:1048:21)\n    at require (C:\\Workspace_Melbin\\fun_websites\\3d_model_viewer\\test\\mobile-gesture-manager.test.js:52:24)\n    at Object.<anonymous> (C:\\Workspace_Melbin\\fun_websites\\3d_model_viewer\\test\\mobile-gesture-manager.test.js:52:24)"],"fullName":"MobileGestureManager Touch Event Handling should handle touchend event","invocations":1,"location":null,"numPassingAsserts":0,"retryReasons":[],"status":"failed","title":"should handle touchend event"},{"ancestorTitles":["MobileGestureManager","Touch Event Handling"],"duration":12,"failureDetails":[{"code":"BABEL_PARSE_ERROR","reasonCode":"MissingSemicolon","loc":{"line":480,"column":20,"index":14495},"pos":14495}],"failureMessages":["\u001b[1m\u001b[31mJest encountered an unexpected token\u001b[39m\u001b[22m\n\nJest failed to parse a file. This happens e.g. when your code or its dependencies use non-standard JavaScript syntax, or when Jest is not configured to support such syntax.\n\nOut of the box Jest supports Babel, which will be used to transform your files into valid JS based on your Babel configuration.\n\nBy default \"node_modules\" folder is ignored by transformers.\n\nHere's what you can do:\n • If you are trying to use ECMAScript Modules, see \u001b[4mhttps://jestjs.io/docs/ecmascript-modules\u001b[24m for how to enable it.\n • If you are trying to use TypeScript, see \u001b[4mhttps://jestjs.io/docs/getting-started#using-typescript\u001b[24m\n • To have some of your \"node_modules\" files transformed, you can specify a custom \u001b[1m\"transformIgnorePatterns\"\u001b[22m in your config.\n • If you need a custom transformation specify a \u001b[1m\"transform\"\u001b[22m option in your config.\n • If you simply want to mock your non-JS modules (e.g. binary assets) you can stub them out with the \u001b[1m\"moduleNameMapper\"\u001b[22m config option.\n\nYou'll find more details and examples of these config options in the docs:\n\u001b[36mhttps://jestjs.io/docs/configuration\u001b[39m\nFor information about custom transformations, see:\n\u001b[36mhttps://jestjs.io/docs/code-transformation\u001b[39m\n\n\u001b[1m\u001b[31mDetails:\u001b[39m\u001b[22m\n\nSyntaxError: C:\\Workspace_Melbin\\fun_websites\\3d_model_viewer\\src\\ui\\MobileGestureManager.js: Missing semicolon. (480:20)\n\n\u001b[0m \u001b[90m 478 |\u001b[39m \u001b[90m     * Check if device is mobile\u001b[39m\n \u001b[90m 479 |\u001b[39m \u001b[90m     */\u001b[39m\n\u001b[31m\u001b[1m>\u001b[22m\u001b[39m\u001b[90m 480 |\u001b[39m     isMobileDevice() {\n \u001b[90m     |\u001b[39m                     \u001b[31m\u001b[1m^\u001b[22m\u001b[39m\n \u001b[90m 481 |\u001b[39m         \u001b[36mreturn\u001b[39m \u001b[35m/Android|webOS|iPhone|iPad|iPod|BlackBerry|IEMobile|Opera Mini/i\u001b[39m\u001b[33m.\u001b[39mtest(navigator\u001b[33m.\u001b[39muserAgent)\u001b[33m;\u001b[39m\n \u001b[90m 482 |\u001b[39m     }\n \u001b[90m 483 |\u001b[39m\u001b[0m\n    at constructor (C:\\Workspace_Melbin\\fun_websites\\3d_model_viewer\\node_modules\\@babel\\parser\\src\\parse-error.ts:95:45)\n    at Parser.toParseError [as raise] (C:\\Workspace_Melbin\\fun_websites\\3d_model_viewer\\node_modules\\@babel\\parser\\src\\tokenizer\\index.ts:1503:19)\n    at Parser.raise [as semicolon] (C:\\Workspace_Melbin\\fun_websites\\3d_model_viewer\\node_modules\\@babel\\parser\\src\\parser\\util.ts:149:10)\n    at Parser.semicolon [as parseExpressionStatement] (C:\\Workspace_Melbin\\fun_websites\\3d_model_viewer\\node_modules\\@babel\\parser\\src\\parser\\statement.ts:1358:10)\n    at Parser.parseExpressionStatement [as parseStatementContent] (C:\\Workspace_Melbin\\fun_websites\\3d_model_viewer\\node_modules\\@babel\\parser\\src\\parser\\statement.ts:697:19)\n    at Parser.parseStatementContent [as parseStatementLike] (C:\\Workspace_Melbin\\fun_websites\\3d_model_viewer\\node_modules\\@babel\\parser\\src\\parser\\statement.ts:477:17)\n    at Parser.parseStatementLike [as parseModuleItem] (C:\\Workspace_Melbin\\fun_websites\\3d_model_viewer\\node_modules\\@babel\\parser\\src\\parser\\statement.ts:414:17)\n    at Parser.parseModuleItem [as parseBlockOrModuleBlockBody] (C:\\Workspace_Melbin\\fun_websites\\3d_model_viewer\\node_modules\\@babel\\parser\\src\\parser\\statement.ts:1438:16)\n    at Parser.parseBlockOrModuleBlockBody [as parseBlockBody] (C:\\Workspace_Melbin\\fun_websites\\3d_model_viewer\\node_modules\\@babel\\parser\\src\\parser\\statement.ts:1412:10)\n    at Parser.parseBlockBody [as parseProgram] (C:\\Workspace_Melbin\\fun_websites\\3d_model_viewer\\node_modules\\@babel\\parser\\src\\parser\\statement.ts:229:10)\n    at Parser.parseProgram [as parseTopLevel] (C:\\Workspace_Melbin\\fun_websites\\3d_model_viewer\\node_modules\\@babel\\parser\\src\\parser\\statement.ts:203:25)\n    at Parser.parseTopLevel [as parse] (C:\\Workspace_Melbin\\fun_websites\\3d_model_viewer\\node_modules\\@babel\\parser\\src\\parser\\index.ts:93:10)\n    at parse (C:\\Workspace_Melbin\\fun_websites\\3d_model_viewer\\node_modules\\@babel\\parser\\src\\index.ts:92:38)\n    at parser (C:\\Workspace_Melbin\\fun_websites\\3d_model_viewer\\node_modules\\@babel\\core\\src\\parser\\index.ts:28:19)\n    at parser.next (<anonymous>)\n    at normalizeFile (C:\\Workspace_Melbin\\fun_websites\\3d_model_viewer\\node_modules\\@babel\\core\\src\\transformation\\normalize-file.ts:49:24)\n    at normalizeFile.next (<anonymous>)\n    at run (C:\\Workspace_Melbin\\fun_websites\\3d_model_viewer\\node_modules\\@babel\\core\\src\\transformation\\index.ts:40:36)\n    at run.next (<anonymous>)\n    at transform (C:\\Workspace_Melbin\\fun_websites\\3d_model_viewer\\node_modules\\@babel\\core\\src\\transform.ts:29:20)\n    at transform.next (<anonymous>)\n    at evaluateSync (C:\\Workspace_Melbin\\fun_websites\\3d_model_viewer\\node_modules\\gensync\\index.js:251:28)\n    at sync (C:\\Workspace_Melbin\\fun_websites\\3d_model_viewer\\node_modules\\gensync\\index.js:89:14)\n    at fn (C:\\Workspace_Melbin\\fun_websites\\3d_model_viewer\\node_modules\\@babel\\core\\src\\errors\\rewrite-stack-trace.ts:99:14)\n    at transformSync (C:\\Workspace_Melbin\\fun_websites\\3d_model_viewer\\node_modules\\@babel\\core\\src\\transform.ts:66:52)\n    at Object.process (C:\\Workspace_Melbin\\fun_websites\\3d_model_viewer\\node_modules\\babel-jest\\build\\index.js:273:57)\n    at ScriptTransformer.transformSource (C:\\Workspace_Melbin\\fun_websites\\3d_model_viewer\\node_modules\\@jest\\transform\\build\\ScriptTransformer.js:545:31)\n    at ScriptTransformer._transformAndBuildScript (C:\\Workspace_Melbin\\fun_websites\\3d_model_viewer\\node_modules\\@jest\\transform\\build\\ScriptTransformer.js:674:40)\n    at ScriptTransformer.transform (C:\\Workspace_Melbin\\fun_websites\\3d_model_viewer\\node_modules\\@jest\\transform\\build\\ScriptTransformer.js:726:19)\n    at Runtime.transformFile (C:\\Workspace_Melbin\\fun_websites\\3d_model_viewer\\node_modules\\jest-runtime\\build\\index.js:1465:53)\n    at Runtime._execModule (C:\\Workspace_Melbin\\fun_websites\\3d_model_viewer\\node_modules\\jest-runtime\\build\\index.js:1397:34)\n    at Runtime._loadModule (C:\\Workspace_Melbin\\fun_websites\\3d_model_viewer\\node_modules\\jest-runtime\\build\\index.js:1022:12)\n    at Runtime.requireModule (C:\\Workspace_Melbin\\fun_websites\\3d_model_viewer\\node_modules\\jest-runtime\\build\\index.js:882:12)\n    at Runtime.requireModuleOrMock (C:\\Workspace_Melbin\\fun_websites\\3d_model_viewer\\node_modules\\jest-runtime\\build\\index.js:1048:21)\n    at require (C:\\Workspace_Melbin\\fun_websites\\3d_model_viewer\\test\\mobile-gesture-manager.test.js:52:24)\n    at Object.<anonymous> (C:\\Workspace_Melbin\\fun_websites\\3d_model_viewer\\test\\mobile-gesture-manager.test.js:52:24)"],"fullName":"MobileGestureManager Touch Event Handling should handle multiple touches","invocations":1,"location":null,"numPassingAsserts":0,"retryReasons":[],"status":"failed","title":"should handle multiple touches"},{"ancestorTitles":["MobileGestureManager","Touch Event Handling"],"duration":10,"failureDetails":[{"code":"BABEL_PARSE_ERROR","reasonCode":"MissingSemicolon","loc":{"line":480,"column":20,"index":14495},"pos":14495}],"failureMessages":["\u001b[1m\u001b[31mJest encountered an unexpected token\u001b[39m\u001b[22m\n\nJest failed to parse a file. This happens e.g. when your code or its dependencies use non-standard JavaScript syntax, or when Jest is not configured to support such syntax.\n\nOut of the box Jest supports Babel, which will be used to transform your files into valid JS based on your Babel configuration.\n\nBy default \"node_modules\" folder is ignored by transformers.\n\nHere's what you can do:\n • If you are trying to use ECMAScript Modules, see \u001b[4mhttps://jestjs.io/docs/ecmascript-modules\u001b[24m for how to enable it.\n • If you are trying to use TypeScript, see \u001b[4mhttps://jestjs.io/docs/getting-started#using-typescript\u001b[24m\n • To have some of your \"node_modules\" files transformed, you can specify a custom \u001b[1m\"transformIgnorePatterns\"\u001b[22m in your config.\n • If you need a custom transformation specify a \u001b[1m\"transform\"\u001b[22m option in your config.\n • If you simply want to mock your non-JS modules (e.g. binary assets) you can stub them out with the \u001b[1m\"moduleNameMapper\"\u001b[22m config option.\n\nYou'll find more details and examples of these config options in the docs:\n\u001b[36mhttps://jestjs.io/docs/configuration\u001b[39m\nFor information about custom transformations, see:\n\u001b[36mhttps://jestjs.io/docs/code-transformation\u001b[39m\n\n\u001b[1m\u001b[31mDetails:\u001b[39m\u001b[22m\n\nSyntaxError: C:\\Workspace_Melbin\\fun_websites\\3d_model_viewer\\src\\ui\\MobileGestureManager.js: Missing semicolon. (480:20)\n\n\u001b[0m \u001b[90m 478 |\u001b[39m \u001b[90m     * Check if device is mobile\u001b[39m\n \u001b[90m 479 |\u001b[39m \u001b[90m     */\u001b[39m\n\u001b[31m\u001b[1m>\u001b[22m\u001b[39m\u001b[90m 480 |\u001b[39m     isMobileDevice() {\n \u001b[90m     |\u001b[39m                     \u001b[31m\u001b[1m^\u001b[22m\u001b[39m\n \u001b[90m 481 |\u001b[39m         \u001b[36mreturn\u001b[39m \u001b[35m/Android|webOS|iPhone|iPad|iPod|BlackBerry|IEMobile|Opera Mini/i\u001b[39m\u001b[33m.\u001b[39mtest(navigator\u001b[33m.\u001b[39muserAgent)\u001b[33m;\u001b[39m\n \u001b[90m 482 |\u001b[39m     }\n \u001b[90m 483 |\u001b[39m\u001b[0m\n    at constructor (C:\\Workspace_Melbin\\fun_websites\\3d_model_viewer\\node_modules\\@babel\\parser\\src\\parse-error.ts:95:45)\n    at Parser.toParseError [as raise] (C:\\Workspace_Melbin\\fun_websites\\3d_model_viewer\\node_modules\\@babel\\parser\\src\\tokenizer\\index.ts:1503:19)\n    at Parser.raise [as semicolon] (C:\\Workspace_Melbin\\fun_websites\\3d_model_viewer\\node_modules\\@babel\\parser\\src\\parser\\util.ts:149:10)\n    at Parser.semicolon [as parseExpressionStatement] (C:\\Workspace_Melbin\\fun_websites\\3d_model_viewer\\node_modules\\@babel\\parser\\src\\parser\\statement.ts:1358:10)\n    at Parser.parseExpressionStatement [as parseStatementContent] (C:\\Workspace_Melbin\\fun_websites\\3d_model_viewer\\node_modules\\@babel\\parser\\src\\parser\\statement.ts:697:19)\n    at Parser.parseStatementContent [as parseStatementLike] (C:\\Workspace_Melbin\\fun_websites\\3d_model_viewer\\node_modules\\@babel\\parser\\src\\parser\\statement.ts:477:17)\n    at Parser.parseStatementLike [as parseModuleItem] (C:\\Workspace_Melbin\\fun_websites\\3d_model_viewer\\node_modules\\@babel\\parser\\src\\parser\\statement.ts:414:17)\n    at Parser.parseModuleItem [as parseBlockOrModuleBlockBody] (C:\\Workspace_Melbin\\fun_websites\\3d_model_viewer\\node_modules\\@babel\\parser\\src\\parser\\statement.ts:1438:16)\n    at Parser.parseBlockOrModuleBlockBody [as parseBlockBody] (C:\\Workspace_Melbin\\fun_websites\\3d_model_viewer\\node_modules\\@babel\\parser\\src\\parser\\statement.ts:1412:10)\n    at Parser.parseBlockBody [as parseProgram] (C:\\Workspace_Melbin\\fun_websites\\3d_model_viewer\\node_modules\\@babel\\parser\\src\\parser\\statement.ts:229:10)\n    at Parser.parseProgram [as parseTopLevel] (C:\\Workspace_Melbin\\fun_websites\\3d_model_viewer\\node_modules\\@babel\\parser\\src\\parser\\statement.ts:203:25)\n    at Parser.parseTopLevel [as parse] (C:\\Workspace_Melbin\\fun_websites\\3d_model_viewer\\node_modules\\@babel\\parser\\src\\parser\\index.ts:93:10)\n    at parse (C:\\Workspace_Melbin\\fun_websites\\3d_model_viewer\\node_modules\\@babel\\parser\\src\\index.ts:92:38)\n    at parser (C:\\Workspace_Melbin\\fun_websites\\3d_model_viewer\\node_modules\\@babel\\core\\src\\parser\\index.ts:28:19)\n    at parser.next (<anonymous>)\n    at normalizeFile (C:\\Workspace_Melbin\\fun_websites\\3d_model_viewer\\node_modules\\@babel\\core\\src\\transformation\\normalize-file.ts:49:24)\n    at normalizeFile.next (<anonymous>)\n    at run (C:\\Workspace_Melbin\\fun_websites\\3d_model_viewer\\node_modules\\@babel\\core\\src\\transformation\\index.ts:40:36)\n    at run.next (<anonymous>)\n    at transform (C:\\Workspace_Melbin\\fun_websites\\3d_model_viewer\\node_modules\\@babel\\core\\src\\transform.ts:29:20)\n    at transform.next (<anonymous>)\n    at evaluateSync (C:\\Workspace_Melbin\\fun_websites\\3d_model_viewer\\node_modules\\gensync\\index.js:251:28)\n    at sync (C:\\Workspace_Melbin\\fun_websites\\3d_model_viewer\\node_modules\\gensync\\index.js:89:14)\n    at fn (C:\\Workspace_Melbin\\fun_websites\\3d_model_viewer\\node_modules\\@babel\\core\\src\\errors\\rewrite-stack-trace.ts:99:14)\n    at transformSync (C:\\Workspace_Melbin\\fun_websites\\3d_model_viewer\\node_modules\\@babel\\core\\src\\transform.ts:66:52)\n    at Object.process (C:\\Workspace_Melbin\\fun_websites\\3d_model_viewer\\node_modules\\babel-jest\\build\\index.js:273:57)\n    at ScriptTransformer.transformSource (C:\\Workspace_Melbin\\fun_websites\\3d_model_viewer\\node_modules\\@jest\\transform\\build\\ScriptTransformer.js:545:31)\n    at ScriptTransformer._transformAndBuildScript (C:\\Workspace_Melbin\\fun_websites\\3d_model_viewer\\node_modules\\@jest\\transform\\build\\ScriptTransformer.js:674:40)\n    at ScriptTransformer.transform (C:\\Workspace_Melbin\\fun_websites\\3d_model_viewer\\node_modules\\@jest\\transform\\build\\ScriptTransformer.js:726:19)\n    at Runtime.transformFile (C:\\Workspace_Melbin\\fun_websites\\3d_model_viewer\\node_modules\\jest-runtime\\build\\index.js:1465:53)\n    at Runtime._execModule (C:\\Workspace_Melbin\\fun_websites\\3d_model_viewer\\node_modules\\jest-runtime\\build\\index.js:1397:34)\n    at Runtime._loadModule (C:\\Workspace_Melbin\\fun_websites\\3d_model_viewer\\node_modules\\jest-runtime\\build\\index.js:1022:12)\n    at Runtime.requireModule (C:\\Workspace_Melbin\\fun_websites\\3d_model_viewer\\node_modules\\jest-runtime\\build\\index.js:882:12)\n    at Runtime.requireModuleOrMock (C:\\Workspace_Melbin\\fun_websites\\3d_model_viewer\\node_modules\\jest-runtime\\build\\index.js:1048:21)\n    at require (C:\\Workspace_Melbin\\fun_websites\\3d_model_viewer\\test\\mobile-gesture-manager.test.js:52:24)\n    at Object.<anonymous> (C:\\Workspace_Melbin\\fun_websites\\3d_model_viewer\\test\\mobile-gesture-manager.test.js:52:24)"],"fullName":"MobileGestureManager Touch Event Handling should prevent default on touch events","invocations":1,"location":null,"numPassingAsserts":0,"retryReasons":[],"status":"failed","title":"should prevent default on touch events"},{"ancestorTitles":["MobileGestureManager","Gesture Recognition"],"duration":7,"failureDetails":[{"code":"BABEL_PARSE_ERROR","reasonCode":"MissingSemicolon","loc":{"line":480,"column":20,"index":14495},"pos":14495}],"failureMessages":["\u001b[1m\u001b[31mJest encountered an unexpected token\u001b[39m\u001b[22m\n\nJest failed to parse a file. This happens e.g. when your code or its dependencies use non-standard JavaScript syntax, or when Jest is not configured to support such syntax.\n\nOut of the box Jest supports Babel, which will be used to transform your files into valid JS based on your Babel configuration.\n\nBy default \"node_modules\" folder is ignored by transformers.\n\nHere's what you can do:\n • If you are trying to use ECMAScript Modules, see \u001b[4mhttps://jestjs.io/docs/ecmascript-modules\u001b[24m for how to enable it.\n • If you are trying to use TypeScript, see \u001b[4mhttps://jestjs.io/docs/getting-started#using-typescript\u001b[24m\n • To have some of your \"node_modules\" files transformed, you can specify a custom \u001b[1m\"transformIgnorePatterns\"\u001b[22m in your config.\n • If you need a custom transformation specify a \u001b[1m\"transform\"\u001b[22m option in your config.\n • If you simply want to mock your non-JS modules (e.g. binary assets) you can stub them out with the \u001b[1m\"moduleNameMapper\"\u001b[22m config option.\n\nYou'll find more details and examples of these config options in the docs:\n\u001b[36mhttps://jestjs.io/docs/configuration\u001b[39m\nFor information about custom transformations, see:\n\u001b[36mhttps://jestjs.io/docs/code-transformation\u001b[39m\n\n\u001b[1m\u001b[31mDetails:\u001b[39m\u001b[22m\n\nSyntaxError: C:\\Workspace_Melbin\\fun_websites\\3d_model_viewer\\src\\ui\\MobileGestureManager.js: Missing semicolon. (480:20)\n\n\u001b[0m \u001b[90m 478 |\u001b[39m \u001b[90m     * Check if device is mobile\u001b[39m\n \u001b[90m 479 |\u001b[39m \u001b[90m     */\u001b[39m\n\u001b[31m\u001b[1m>\u001b[22m\u001b[39m\u001b[90m 480 |\u001b[39m     isMobileDevice() {\n \u001b[90m     |\u001b[39m                     \u001b[31m\u001b[1m^\u001b[22m\u001b[39m\n \u001b[90m 481 |\u001b[39m         \u001b[36mreturn\u001b[39m \u001b[35m/Android|webOS|iPhone|iPad|iPod|BlackBerry|IEMobile|Opera Mini/i\u001b[39m\u001b[33m.\u001b[39mtest(navigator\u001b[33m.\u001b[39muserAgent)\u001b[33m;\u001b[39m\n \u001b[90m 482 |\u001b[39m     }\n \u001b[90m 483 |\u001b[39m\u001b[0m\n    at constructor (C:\\Workspace_Melbin\\fun_websites\\3d_model_viewer\\node_modules\\@babel\\parser\\src\\parse-error.ts:95:45)\n    at Parser.toParseError [as raise] (C:\\Workspace_Melbin\\fun_websites\\3d_model_viewer\\node_modules\\@babel\\parser\\src\\tokenizer\\index.ts:1503:19)\n    at Parser.raise [as semicolon] (C:\\Workspace_Melbin\\fun_websites\\3d_model_viewer\\node_modules\\@babel\\parser\\src\\parser\\util.ts:149:10)\n    at Parser.semicolon [as parseExpressionStatement] (C:\\Workspace_Melbin\\fun_websites\\3d_model_viewer\\node_modules\\@babel\\parser\\src\\parser\\statement.ts:1358:10)\n    at Parser.parseExpressionStatement [as parseStatementContent] (C:\\Workspace_Melbin\\fun_websites\\3d_model_viewer\\node_modules\\@babel\\parser\\src\\parser\\statement.ts:697:19)\n    at Parser.parseStatementContent [as parseStatementLike] (C:\\Workspace_Melbin\\fun_websites\\3d_model_viewer\\node_modules\\@babel\\parser\\src\\parser\\statement.ts:477:17)\n    at Parser.parseStatementLike [as parseModuleItem] (C:\\Workspace_Melbin\\fun_websites\\3d_model_viewer\\node_modules\\@babel\\parser\\src\\parser\\statement.ts:414:17)\n    at Parser.parseModuleItem [as parseBlockOrModuleBlockBody] (C:\\Workspace_Melbin\\fun_websites\\3d_model_viewer\\node_modules\\@babel\\parser\\src\\parser\\statement.ts:1438:16)\n    at Parser.parseBlockOrModuleBlockBody [as parseBlockBody] (C:\\Workspace_Melbin\\fun_websites\\3d_model_viewer\\node_modules\\@babel\\parser\\src\\parser\\statement.ts:1412:10)\n    at Parser.parseBlockBody [as parseProgram] (C:\\Workspace_Melbin\\fun_websites\\3d_model_viewer\\node_modules\\@babel\\parser\\src\\parser\\statement.ts:229:10)\n    at Parser.parseProgram [as parseTopLevel] (C:\\Workspace_Melbin\\fun_websites\\3d_model_viewer\\node_modules\\@babel\\parser\\src\\parser\\statement.ts:203:25)\n    at Parser.parseTopLevel [as parse] (C:\\Workspace_Melbin\\fun_websites\\3d_model_viewer\\node_modules\\@babel\\parser\\src\\parser\\index.ts:93:1
[...]
01b[2mnode_modules/@babel/parser/src/parser/statement.ts\u001b[2m:1438:16)\u001b[22m\u001b[2m\u001b[22m\n\u001b[2m      \u001b[2mat Parser.parseBlockOrModuleBlockBody [as parseBlockBody] (\u001b[22m\u001b[2mnode_modules/@babel/parser/src/parser/statement.ts\u001b[2m:1412:10)\u001b[22m\u001b[2m\u001b[22m\n\u001b[2m      \u001b[2mat Parser.parseBlockBody [as parseProgram] (\u001b[22m\u001b[2mnode_modules/@babel/parser/src/parser/statement.ts\u001b[2m:229:10)\u001b[22m\u001b[2m\u001b[22m\n\u001b[2m      \u001b[2mat Parser.parseProgram [as parseTopLevel] (\u001b[22m\u001b[2mnode_modules/@babel/parser/src/parser/statement.ts\u001b[2m:203:25)\u001b[22m\u001b[2m\u001b[22m\n\u001b[2m      \u001b[2mat Parser.parseTopLevel [as parse] (\u001b[22m\u001b[2mnode_modules/@babel/parser/src/parser/index.ts\u001b[2m:93:10)\u001b[22m\u001b[2m\u001b[22m\n\u001b[2m      \u001b[2mat parse (\u001b[22m\u001b[2mnode_modules/@babel/parser/src/index.ts\u001b[2m:92:38)\u001b[22m\u001b[2m\u001b[22m\n\u001b[2m      \u001b[2mat parser (\u001b[22m\u001b[2mnode_modules/@babel/core/src/parser/index.ts\u001b[2m:28:19)\u001b[22m\u001b[2m\u001b[22m\n\u001b[2m          at parser.next (<anonymous>)\u001b[22m\n\u001b[2m      \u001b[2mat normalizeFile (\u001b[22m\u001b[2mnode_modules/@babel/core/src/transformation/normalize-file.ts\u001b[2m:49:24)\u001b[22m\u001b[2m\u001b[22m\n\u001b[2m          at normalizeFile.next (<anonymous>)\u001b[22m\n\u001b[2m      \u001b[2mat run (\u001b[22m\u001b[2mnode_modules/@babel/core/src/transformation/index.ts\u001b[2m:40:36)\u001b[22m\u001b[2m\u001b[22m\n\u001b[2m          at run.next (<anonymous>)\u001b[22m\n\u001b[2m      \u001b[2mat transform (\u001b[22m\u001b[2mnode_modules/@babel/core/src/transform.ts\u001b[2m:29:20)\u001b[22m\u001b[2m\u001b[22m\n\u001b[2m          at transform.next (<anonymous>)\u001b[22m\n\u001b[2m      \u001b[2mat evaluateSync (\u001b[22m\u001b[2mnode_modules/gensync/index.js\u001b[2m:251:28)\u001b[22m\u001b[2m\u001b[22m\n\u001b[2m      \u001b[2mat sync (\u001b[22m\u001b[2mnode_modules/gensync/index.js\u001b[2m:89:14)\u001b[22m\u001b[2m\u001b[22m\n\u001b[2m      \u001b[2mat fn (\u001b[22m\u001b[2mnode_modules/@babel/core/src/errors/rewrite-stack-trace.ts\u001b[2m:99:14)\u001b[22m\u001b[2m\u001b[22m\n\u001b[2m      \u001b[2mat transformSync (\u001b[22m\u001b[2mnode_modules/@babel/core/src/transform.ts\u001b[2m:66:52)\u001b[22m\u001b[2m\u001b[22m\n\u001b[2m      \u001b[2mat ScriptTransformer.transformSource (\u001b[22m\u001b[2mnode_modules/@jest/transform/build/ScriptTransformer.js\u001b[2m:545:31)\u001b[22m\u001b[2m\u001b[22m\n\u001b[2m      \u001b[2mat ScriptTransformer._transformAndBuildScript (\u001b[22m\u001b[2mnode_modules/@jest/transform/build/ScriptTransformer.js\u001b[2m:674:40)\u001b[22m\u001b[2m\u001b[22m\n\u001b[2m      \u001b[2mat ScriptTransformer.transform (\u001b[22m\u001b[2mnode_modules/@jest/transform/build/ScriptTransformer.js\u001b[2m:726:19)\u001b[22m\u001b[2m\u001b[22m\n\u001b[2m      \u001b[2mat require (\u001b[22m\u001b[2m\u001b[0m\u001b[36mtest/mobile-gesture-manager.test.js\u001b[39m\u001b[0m\u001b[2m:52:24)\u001b[22m\u001b[2m\u001b[22m\n\u001b[2m      \u001b[2mat Object.<anonymous> (\u001b[22m\u001b[2m\u001b[0m\u001b[36mtest/mobile-gesture-manager.test.js\u001b[39m\u001b[0m\u001b[2m:52:24)\u001b[22m\u001b[2m\u001b[22m\n\n\u001b[1m\u001b[31m  \u001b[1m● \u001b[22m\u001b[1mMobileGestureManager › Edge Cases › should handle invalid touch data\u001b[39m\u001b[22m\n\n    \u001b[1m\u001b[31mJest encountered an unexpected token\u001b[39m\u001b[22m\n\n    Jest failed to parse a file. This happens e.g. when your code or its dependencies use non-standard JavaScript syntax, or when Jest is not configured to support such syntax.\n\n    Out of the box Jest supports Babel, which will be used to transform your files into valid JS based on your Babel configuration.\n\n    By default \"node_modules\" folder is ignored by transformers.\n\n    Here's what you can do:\n     • If you are trying to use ECMAScript Modules, see \u001b[4mhttps://jestjs.io/docs/ecmascript-modules\u001b[24m for how to enable it.\n     • If you are trying to use TypeScript, see \u001b[4mhttps://jestjs.io/docs/getting-started#using-typescript\u001b[24m\n     • To have some of your \"node_modules\" files transformed, you can specify a custom \u001b[1m\"transformIgnorePatterns\"\u001b[22m in your config.\n     • If you need a custom transformation specify a \u001b[1m\"transform\"\u001b[22m option in your config.\n     • If you simply want to mock your non-JS modules (e.g. binary assets) you can stub them out with the \u001b[1m\"moduleNameMapper\"\u001b[22m config option.\n\n    You'll find more details and examples of these config options in the docs:\n    \u001b[36mhttps://jestjs.io/docs/configuration\u001b[39m\n    For information about custom transformations, see:\n    \u001b[36mhttps://jestjs.io/docs/code-transformation\u001b[39m\n\n    \u001b[1m\u001b[31mDetails:\u001b[39m\u001b[22m\n\n    SyntaxError: C:\\Workspace_Melbin\\fun_websites\\3d_model_viewer\\src\\ui\\MobileGestureManager.js: Missing semicolon. (480:20)\n\n    \u001b[0m \u001b[90m 478 |\u001b[39m \u001b[90m     * Check if device is mobile\u001b[39m\n     \u001b[90m 479 |\u001b[39m \u001b[90m     */\u001b[39m\n    \u001b[31m\u001b[1m>\u001b[22m\u001b[39m\u001b[90m 480 |\u001b[39m     isMobileDevice() {\n     \u001b[90m     |\u001b[39m                     \u001b[31m\u001b[1m^\u001b[22m\u001b[39m\n     \u001b[90m 481 |\u001b[39m         \u001b[36mreturn\u001b[39m \u001b[35m/Android|webOS|iPhone|iPad|iPod|BlackBerry|IEMobile|Opera Mini/i\u001b[39m\u001b[33m.\u001b[39mtest(navigator\u001b[33m.\u001b[39muserAgent)\u001b[33m;\u001b[39m\n     \u001b[90m 482 |\u001b[39m     }\n     \u001b[90m 483 |\u001b[39m\u001b[0m\n\u001b[2m\u001b[22m\n\u001b[2m    \u001b[0m \u001b[90m 50 |\u001b[39m\u001b[22m\n\u001b[2m     \u001b[90m 51 |\u001b[39m         \u001b[90m// Import module\u001b[39m\u001b[22m\n\u001b[2m    \u001b[31m\u001b[1m>\u001b[22m\u001b[2m\u001b[39m\u001b[90m 52 |\u001b[39m         \u001b[36mconst\u001b[39m module \u001b[33m=\u001b[39m \u001b[36mawait\u001b[39m \u001b[36mimport\u001b[39m(\u001b[32m'../src/ui/MobileGestureManager.js'\u001b[39m)\u001b[33m;\u001b[39m\u001b[22m\n\u001b[2m     \u001b[90m    |\u001b[39m                        \u001b[31m\u001b[1m^\u001b[22m\u001b[2m\u001b[39m\u001b[22m\n\u001b[2m     \u001b[90m 53 |\u001b[39m         \u001b[33mMobileGestureManager\u001b[39m \u001b[33m=\u001b[39m module\u001b[33m.\u001b[39m\u001b[33mMobileGestureManager\u001b[39m\u001b[33m;\u001b[39m\u001b[22m\n\u001b[2m     \u001b[90m 54 |\u001b[39m         \u001b[22m\n\u001b[2m     \u001b[90m 55 |\u001b[39m         gestureManager \u001b[33m=\u001b[39m \u001b[36mnew\u001b[39m \u001b[33mMobileGestureManager\u001b[39m(mockCore)\u001b[33m;\u001b[39m\u001b[0m\u001b[22m\n\u001b[2m\u001b[22m\n\u001b[2m      \u001b[2mat constructor (\u001b[22m\u001b[2mnode_modules/@babel/parser/src/parse-error.ts\u001b[2m:95:45)\u001b[22m\u001b[2m\u001b[22m\n\u001b[2m      \u001b[2mat Parser.toParseError [as raise] (\u001b[22m\u001b[2mnode_modules/@babel/parser/src/tokenizer/index.ts\u001b[2m:1503:19)\u001b[22m\u001b[2m\u001b[22m\n\u001b[2m      \u001b[2mat Parser.raise [as semicolon] (\u001b[22m\u001b[2mnode_modules/@babel/parser/src/parser/util.ts\u001b[2m:149:10)\u001b[22m\u001b[2m\u001b[22m\n\u001b[2m      \u001b[2mat Parser.semicolon [as parseExpressionStatement] (\u001b[22m\u001b[2mnode_modules/@babel/parser/src/parser/statement.ts\u001b[2m:1358:10)\u001b[22m\u001b[2m\u001b[22m\n\u001b[2m      \u001b[2mat Parser.parseExpressionStatement [as parseStatementContent] (\u001b[22m\u001b[2mnode_modules/@babel/parser/src/parser/statement.ts\u001b[2m:697:19)\u001b[22m\u001b[2m\u001b[22m\n\u001b[2m      \u001b[2mat Parser.parseStatementContent [as parseStatementLike] (\u001b[22m\u001b[2mnode_modules/@babel/parser/src/parser/statement.ts\u001b[2m:477:17)\u001b[22m\u001b[2m\u001b[22m\n\u001b[2m      \u001b[2mat Parser.parseStatementLike [as parseModuleItem] (\u001b[22m\u001b[2mnode_modules/@babel/parser/src/parser/statement.ts\u001b[2m:414:17)\u001b[22m\u001b[2m\u001b[22m\n\u001b[2m      \u001b[2mat Parser.parseModuleItem [as parseBlockOrModuleBlockBody] (\u001b[22m\u001b[2mnode_modules/@babel/parser/src/parser/statement.ts\u001b[2m:1438:16)\u001b[22m\u001b[2m\u001b[22m\n\u001b[2m      \u001b[2mat Parser.parseBlockOrModuleBlockBody [as parseBlockBody] (\u001b[22m\u001b[2mnode_modules/@babel/parser/src/parser/statement.ts\u001b[2m:1412:10)\u001b[22m\u001b[2m\u001b[22m\n\u001b[2m      \u001b[2mat Parser.parseBlockBody [as parseProgram] (\u001b[22m\u001b[2mnode_modules/@babel/parser/src/parser/statement.ts\u001b[2m:229:10)\u001b[22m\u001b[2m\u001b[22m\n\u001b[2m      \u001b[2mat Parser.parseProgram [as parseTopLevel] (\u001b[22m\u001b[2mnode_modules/@babel/parser/src/parser/statement.ts\u001b[2m:203:25)\u001b[22m\u001b[2m\u001b[22m\n\u001b[2m      \u001b[2mat Parser.parseTopLevel [as parse] (\u001b[22m\u001b[2mnode_modules/@babel/parser/src/parser/index.ts\u001b[2m:93:10)\u001b[22m\u001b[2m\u001b[22m\n\u001b[2m      \u001b[2mat parse (\u001b[22m\u001b[2mnode_modules/@babel/parser/src/index.ts\u001b[2m:92:38)\u001b[22m\u001b[2m\u001b[22m\n\u001b[2m      \u001b[2mat parser (\u001b[22m\u001b[2mnode_modules/@babel/core/src/parser/index.ts\u001b[2m:28:19)\u001b[22m\u001b[2m\u001b[22m\n\u001b[2m          at parser.next (<anonymous>)\u001b[22m\n\u001b[2m      \u001b[2mat normalizeFile (\u001b[22m\u001b[2mnode_modules/@babel/core/src/transformation/normalize-file.ts\u001b[2m:49:24)\u001b[22m\u001b[2m\u001b[22m\n\u001b[2m          at normalizeFile.next (<anonymous>)\u001b[22m\n\u001b[2m      \u001b[2mat run (\u001b[22m\u001b[2mnode_modules/@babel/core/src/transformation/index.ts\u001b[2m:40:36)\u001b[22m\u001b[2m\u001b[22m\n\u001b[2m          at run.next (<anonymous>)\u001b[22m\n\u001b[2m      \u001b[2mat transform (\u001b[22m\u001b[2mnode_modules/@babel/core/src/transform.ts\u001b[2m:29:20)\u001b[22m\u001b[2m\u001b[22m\n\u001b[2m          at transform.next (<anonymous>)\u001b[22m\n\u001b[2m      \u001b[2mat evaluateSync (\u001b[22m\u001b[2mnode_modules/gensync/index.js\u001b[2m:251:28)\u001b[22m\u001b[2m\u001b[22m\n\u001b[2m      \u001b[2mat sync (\u001b[22m\u001b[2mnode_modules/gensync/index.js\u001b[2m:89:14)\u001b[22m\u001b[2m\u001b[22m\n\u001b[2m      \u001b[2mat fn (\u001b[22m\u001b[2mnode_modules/@babel/core/src/errors/rewrite-stack-trace.ts\u001b[2m:99:14)\u001b[22m\u001b[2m\u001b[22m\n\u001b[2m      \u001b[2mat transformSync (\u001b[22m\u001b[2mnode_modules/@babel/core/src/transform.ts\u001b[2m:66:52)\u001b[22m\u001b[2m\u001b[22m\n\u001b[2m      \u001b[2mat ScriptTransformer.transformSource (\u001b[22m\u001b[2mnode_modules/@jest/transform/build/ScriptTransformer.js\u001b[2m:545:31)\u001b[22m\u001b[2m\u001b[22m\n\u001b[2m      \u001b[2mat ScriptTransformer._transformAndBuildScript (\u001b[22m\u001b[2mnode_modules/@jest/transform/build/ScriptTransformer.js\u001b[2m:674:40)\u001b[22m\u001b[2m\u001b[22m\n\u001b[2m      \u001b[2mat ScriptTransformer.transform (\u001b[22m\u001b[2mnode_modules/@jest/transform/build/ScriptTransformer.js\u001b[2m:726:19)\u001b[22m\u001b[2m\u001b[22m\n\u001b[2m      \u001b[2mat require (\u001b[22m\u001b[2m\u001b[0m\u001b[36mtest/mobile-gesture-manager.test.js\u001b[39m\u001b[0m\u001b[2m:52:24)\u001b[22m\u001b[2m\u001b[22m\n\u001b[2m      \u001b[2mat Object.<anonymous> (\u001b[22m\u001b[2m\u001b[0m\u001b[36mtest/mobile-gesture-manager.test.js\u001b[39m\u001b[0m\u001b[2m:52:24)\u001b[22m\u001b[2m\u001b[22m\n\n\u001b[1m\u001b[31m  \u001b[1m● \u001b[22m\u001b[1mMobileGestureManager › Edge Cases › should handle concurrent gestures\u001b[39m\u001b[22m\n\n    \u001b[1m\u001b[31mJest encountered an unexpected token\u001b[39m\u001b[22m\n\n    Jest failed to parse a file. This happens e.g. when your code or its dependencies use non-standard JavaScript syntax, or when Jest is not configured to support such syntax.\n\n    Out of the box Jest supports Babel, which will be used to transform your files into valid JS based on your Babel configuration.\n\n    By default \"node_modules\" folder is ignored by transformers.\n\n    Here's what you can do:\n     • If you are trying to use ECMAScript Modules, see \u001b[4mhttps://jestjs.io/docs/ecmascript-modules\u001b[24m for how to enable it.\n     • If you are trying to use TypeScript, see \u001b[4mhttps://jestjs.io/docs/getting-started#using-typescript\u001b[24m\n     • To have some of your \"node_modules\" files transformed, you can specify a custom \u001b[1m\"transformIgnorePatterns\"\u001b[22m in your config.\n     • If you need a custom transformation specify a \u001b[1m\"transform\"\u001b[22m option in your config.\n     • If you simply want to mock your non-JS modules (e.g. binary assets) you can stub them out with the \u001b[1m\"moduleNameMapper\"\u001b[22m config option.\n\n    You'll find more details and examples of these config options in the docs:\n    \u001b[36mhttps://jestjs.io/docs/configuration\u001b[39m\n    For information about custom transformations, see:\n    \u001b[36mhttps://jestjs.io/docs/code-transformation\u001b[39m\n\n    \u001b[1m\u001b[31mDetails:\u001b[39m\u001b[22m\n\n    SyntaxError: C:\\Workspace_Melbin\\fun_websites\\3d_model_viewer\\src\\ui\\MobileGestureManager.js: Missing semicolon. (480:20)\n\n    \u001b[0m \u001b[90m 478 |\u001b[39m \u001b[90m     * Check if device is mobile\u001b[39m\n     \u001b[90m 479 |\u001b[39m \u001b[90m     */\u001b[39m\n    \u001b[31m\u001b[1m>\u001b[22m\u001b[39m\u001b[90m 480 |\u001b[39m     isMobileDevice() {\n     \u001b[90m     |\u001b[39m                     \u001b[31m\u001b[1m^\u001b[22m\u001b[39m\n     \u001b[90m 481 |\u001b[39m         \u001b[36mreturn\u001b[39m \u001b[35m/Android|webOS|iPhone|iPad|iPod|BlackBerry|IEMobile|Opera Mini/i\u001b[39m\u001b[33m.\u001b[39mtest(navigator\u001b[33m.\u001b[39muserAgent)\u001b[33m;\u001b[39m\n     \u001b[90m 482 |\u001b[39m     }\n     \u001b[90m 483 |\u001b[39m\u001b[0m\n\u001b[2m\u001b[22m\n\u001b[2m    \u001b[0m \u001b[90m 50 |\u001b[39m\u001b[22m\n\u001b[2m     \u001b[90m 51 |\u001b[39m         \u001b[90m// Import module\u001b[39m\u001b[22m\n\u001b[2m    \u001b[31m\u001b[1m>\u001b[22m\u001b[2m\u001b[39m\u001b[90m 52 |\u001b[39m         \u001b[36mconst\u001b[39m module \u001b[33m=\u001b[39m \u001b[36mawait\u001b[39m \u001b[36mimport\u001b[39m(\u001b[32m'../src/ui/MobileGestureManager.js'\u001b[39m)\u001b[33m;\u001b[39m\u001b[22m\n\u001b[2m     \u001b[90m    |\u001b[39m                        \u001b[31m\u001b[1m^\u001b[22m\u001b[2m\u001b[39m\u001b[22m\n\u001b[2m     \u001b[90m 53 |\u001b[39m         \u001b[33mMobileGestureManager\u001b[39m \u001b[33m=\u001b[39m module\u001b[33m.\u001b[39m\u001b[33mMobileGestureManager\u001b[39m\u001b[33m;\u001b[39m\u001b[22m\n\u001b[2m     \u001b[90m 54 |\u001b[39m         \u001b[22m\n\u001b[2m     \u001b[90m 55 |\u001b[39m         gestureManager \u001b[33m=\u001b[39m \u001b[36mnew\u001b[39m \u001b[33mMobileGestureManager\u001b[39m(mockCore)\u001b[33m;\u001b[39m\u001b[0m\u001b[22m\n\u001b[2m\u001b[22m\n\u001b[2m      \u001b[2mat constructor (\u001b[22m\u001b[2mnode_modules/@babel/parser/src/parse-error.ts\u001b[2m:95:45)\u001b[22m\u001b[2m\u001b[22m\n\u001b[2m      \u001b[2mat Parser.toParseError [as raise] (\u001b[22m\u001b[2mnode_modules/@babel/parser/src/tokenizer/index.ts\u001b[2m:1503:19)\u001b[22m\u001b[2m\u001b[22m\n\u001b[2m      \u001b[2mat Parser.raise [as semicolon] (\u001b[22m\u001b[2mnode_modules/@babel/parser/src/parser/util.ts\u001b[2m:149:10)\u001b[22m\u001b[2m\u001b[22m\n\u001b[2m      \u001b[2mat Parser.semicolon [as parseExpressionStatement] (\u001b[22m\u001b[2mnode_modules/@babel/parser/src/parser/statement.ts\u001b[2m:1358:10)\u001b[22m\u001b[2m\u001b[22m\n\u001b[2m      \u001b[2mat Parser.parseExpressionStatement [as parseStatementContent] (\u001b[22m\u001b[2mnode_modules/@babel/parser/src/parser/statement.ts\u001b[2m:697:19)\u001b[22m\u001b[2m\u001b[22m\n\u001b[2m      \u001b[2mat Parser.parseStatementContent [as parseStatementLike] (\u001b[22m\u001b[2mnode_modules/@babel/parser/src/parser/statement.ts\u001b[2m:477:17)\u001b[22m\u001b[2m\u001b[22m\n\u001b[2m      \u001b[2mat Parser.parseStatementLike [as parseModuleItem] (\u001b[22m\u001b[2mnode_modules/@babel/parser/src/parser/statement.ts\u001b[2m:414:17)\u001b[22m\u001b[2m\u001b[22m\n\u001b[2m      \u001b[2mat Parser.parseModuleItem [as parseBlockOrModuleBlockBody] (\u001b[22m\u001b[2mnode_modules/@babel/parser/src/parser/statement.ts\u001b[2m:1438:16)\u001b[22m\u001b[2m\u001b[22m\n\u001b[2m      \u001b[2mat Parser.parseBlockOrModuleBlockBody [as parseBlockBody] (\u001b[22m\u001b[2mnode_modules/@babel/parser/src/parser/statement.ts\u001b[2m:1412:10)\u001b[22m\u001b[2m\u001b[22m\n\u001b[2m      \u001b[2mat Parser.parseBlockBody [as parseProgram] (\u001b[22m\u001b[2mnode_modules/@babel/parser/src/parser/statement.ts\u001b[2m:229:10)\u001b[22m\u001b[2m\u001b[22m\n\u001b[2m      \u001b[2mat Parser.parseProgram [as parseTopLevel] (\u001b[22m\u001b[2mnode_modules/@babel/parser/src/parser/statement.ts\u001b[2m:203:25)\u001b[22m\u001b[2m\u001b[22m\n\u001b[2m      \u001b[2mat Parser.parseTopLevel [as parse] (\u001b[22m\u001b[2mnode_modules/@babel/parser/src/parser/index.ts\u001b[2m:93:10)\u001b[22m\u001b[2m\u001b[22m\n\u001b[2m      \u001b[2mat parse (\u001b[22m\u001b[2mnode_modules/@babel/parser/src/index.ts\u001b[2m:92:38)\u001b[22m\u001b[2m\u001b[22m\n\u001b[2m      \u001b[2mat parser (\u001b[22m\u001b[2mnode_modules/@babel/core/src/parser/index.ts\u001b[2m:28:19)\u001b[22m\u001b[2m\u001b[22m\n\u001b[2m          at parser.next (<anonymous>)\u001b[22m\n\u001b[2m      \u001b[2mat normalizeFile (\u001b[22m\u001b[2mnode_modules/@babel/core/src/transformation/normalize-file.ts\u001b[2m:49:24)\u001b[22m\u001b[2m\u001b[22m\n\u001b[2m          at normalizeFile.next (<anonymous>)\u001b[22m\n\u001b[2m      \u001b[2mat run (\u001b[22m\u001b[2mnode_modules/@babel/core/src/transformation/index.ts\u001b[2m:40:36)\u001b[22m\u001b[2m\u001b[22m\n\u001b[2m          at run.next (<anonymous>)\u001b[22m\n\u001b[2m      \u001b[2mat transform (\u001b[22m\u001b[2mnode_modules/@babel/core/src/transform.ts\u001b[2m:29:20)\u001b[22m\u001b[2m\u001b[22m\n\u001b[2m          at transform.next (<anonymous>)\u001b[22m\n\u001b[2m      \u001b[2mat evaluateSync (\u001b[22m\u001b[2mnode_modules/gensync/index.js\u001b[2m:251:28)\u001b[22m\u001b[2m\u001b[22m\n\u001b[2m      \u001b[2mat sync (\u001b[22m\u001b[2mnode_modules/gensync/index.js\u001b[2m:89:14)\u001b[22m\u001b[2m\u001b[22m\n\u001b[2m      \u001b[2mat fn (\u001b[22m\u001b[2mnode_modules/@babel/core/src/errors/rewrite-stack-trace.ts\u001b[2m:99:14)\u001b[22m\u001b[2m\u001b[22m\n\u001b[2m      \u001b[2mat transformSync (\u001b[22m\u001b[2mnode_modules/@babel/core/src/transform.ts\u001b[2m:66:52)\u001b[22m\u001b[2m\u001b[22m\n\u001b[2m      \u001b[2mat ScriptTransformer.transformSource (\u001b[22m\u001b[2mnode_modules/@jest/transform/build/ScriptTransformer.js\u001b[2m:545:31)\u001b[22m\u001b[2m\u001b[22m\n\u001b[2m      \u001b[2mat ScriptTransformer._transformAndBuildScript (\u001b[22m\u001b[2mnode_modules/@jest/transform/build/ScriptTransformer.js\u001b[2m:674:40)\u001b[22m\u001b[2m\u001b[22m\n\u001b[2m      \u001b[2mat ScriptTransformer.transform (\u001b[22m\u001b[2mnode_modules/@jest/transform/build/ScriptTransformer.js\u001b[2m:726:19)\u001b[22m\u001b[2m\u001b[22m\n\u001b[2m      \u001b[2mat require (\u001b[22m\u001b[2m\u001b[0m\u001b[36mtest/mobile-gesture-manager.test.js\u001b[39m\u001b[0m\u001b[2m:52:24)\u001b[22m\u001b[2m\u001b[22m\n\u001b[2m      \u001b[2mat Object.<anonymous> (\u001b[22m\u001b[2m\u001b[0m\u001b[36mtest/mobile-gesture-manager.test.js\u001b[39m\u001b[0m\u001b[2m:52:24)\u001b[22m\u001b[2m\u001b[22m\n","name":"C:\\Workspace_Melbin\\fun_websites\\3d_model_viewer\\test\\mobile-gesture-manager.test.js","startTime":1772390755709,"status":"failed","summary":""}],"wasInterrupted":false}
