{"numFailedTestSuites":2,"numFailedTests":10,"numPassedTestSuites":5,"numPassedTests":108,"numPendingTestSuites":0,"numPendingTests":0,"numRuntimeErrorTestSuites":0,"numTodoTests":0,"numTotalTestSuites":7,"numTotalTests":118,"openHandles":[],"snapshot":{"added":0,"didUpdate":false,"failure":false,"filesAdded":0,"filesRemoved":0,"filesRemovedList":[],"filesUnmatched":0,"filesUpdated":0,"matched":0,"total":0,"unchecked":0,"uncheckedKeysByFile":[],"unmatched":0,"updated":0},"startTime":1772392027502,"success":false,"testResults":[{"assertionResults":[{"ancestorTitles":["OnboardingManager"],"duration":38,"failureDetails":[],"failureMessages":[],"fullName":"OnboardingManager should initialize correctly","invocations":1,"location":null,"numPassingAsserts":2,"retryReasons":[],"status":"passed","title":"should initialize correctly"},{"ancestorTitles":["OnboardingManager"],"duration":6,"failureDetails":[],"failureMessages":[],"fullName":"OnboardingManager should track feature usage","invocations":1,"location":null,"numPassingAsserts":1,"retryReasons":[],"status":"passed","title":"should track feature usage"},{"ancestorTitles":["OnboardingManager"],"duration":5,"failureDetails":[],"failureMessages":[],"fullName":"OnboardingManager should track completed steps","invocations":1,"location":null,"numPassingAsserts":2,"retryReasons":[],"status":"passed","title":"should track completed steps"},{"ancestorTitles":["OnboardingManager"],"duration":4,"failureDetails":[],"failureMessages":[],"fullName":"OnboardingManager should calculate completion percentage","invocations":1,"location":null,"numPassingAsserts":2,"retryReasons":[],"status":"passed","title":"should calculate completion percentage"},{"ancestorTitles":["OnboardingManager"],"duration":4,"failureDetails":[],"failureMessages":[],"fullName":"OnboardingManager should suggest next feature","invocations":1,"location":null,"numPassingAsserts":2,"retryReasons":[],"status":"passed","title":"should suggest next feature"}],"endTime":1772392029373,"message":"","name":"C:\\Workspace_Melbin\\fun_websites\\3d_model_viewer\\test\\onboarding-manager.test.js","startTime":1772392028416,"status":"passed","summary":""},{"assertionResults":[{"ancestorTitles":["MobileGestureManager"],"duration":23,"failureDetails":[],"failureMessages":[],"fullName":"MobileGestureManager should initialize correctly","invocations":1,"location":null,"numPassingAsserts":2,"retryReasons":[],"status":"passed","title":"should initialize correctly"},{"ancestorTitles":["MobileGestureManager"],"duration":3,"failureDetails":[],"failureMessages":[],"fullName":"MobileGestureManager should detect mobile device","invocations":1,"location":null,"numPassingAsserts":1,"retryReasons":[],"status":"passed","title":"should detect mobile device"},{"ancestorTitles":["MobileGestureManager"],"duration":2,"failureDetails":[],"failureMessages":[],"fullName":"MobileGestureManager should clean old touches","invocations":1,"location":null,"numPassingAsserts":1,"retryReasons":[],"status":"passed","title":"should clean old touches"},{"ancestorTitles":["MobileGestureManager"],"duration":1,"failureDetails":[],"failureMessages":[],"fullName":"MobileGestureManager should get gesture description","invocations":1,"location":null,"numPassingAsserts":2,"retryReasons":[],"status":"passed","title":"should get gesture description"},{"ancestorTitles":["MobileGestureManager"],"duration":3,"failureDetails":[],"failureMessages":[],"fullName":"MobileGestureManager should disable haptic feedback","invocations":1,"location":null,"numPassingAsserts":1,"retryReasons":[],"status":"passed","title":"should disable haptic feedback"}],"endTime":1772392029385,"message":"","name":"C:\\Workspace_Melbin\\fun_websites\\3d_model_viewer\\test\\mobile-gesture-manager.test.js","startTime":1772392028449,"status":"passed","summary":""},{"assertionResults":[{"ancestorTitles":["FeatureDiscoveryEngine"],"duration":19,"failureDetails":[],"failureMessages":[],"fullName":"FeatureDiscoveryEngine should initialize correctly","invocations":1,"location":null,"numPassingAsserts":2,"retryReasons":[],"status":"passed","title":"should initialize correctly"},{"ancestorTitles":["FeatureDiscoveryEngine"],"duration":2,"failureDetails":[],"failureMessages":[],"fullName":"FeatureDiscoveryEngine should track event usage","invocations":1,"location":null,"numPassingAsserts":1,"retryReasons":[],"status":"passed","title":"should track event usage"},{"ancestorTitles":["FeatureDiscoveryEngine"],"duration":29,"failureDetails":[{"matcherResult":{"actual":0,"expected":1,"message":"\u001b[2mexpect(\u001b[22m\u001b[31mreceived\u001b[39m\u001b[2m).\u001b[22mtoBe\u001b[2m(\u001b[22m\u001b[32mexpected\u001b[39m\u001b[2m) // Object.is equality\u001b[22m\n\nExpected: \u001b[32m1\u001b[39m\nReceived: \u001b[31m0\u001b[39m","name":"toBe","pass":false}}],"failureMessages":["Error: \u001b[2mexpect(\u001b[22m\u001b[31mreceived\u001b[39m\u001b[2m).\u001b[22mtoBe\u001b[2m(\u001b[22m\u001b[32mexpected\u001b[39m\u001b[2m) // Object.is equality\u001b[22m\n\nExpected: \u001b[32m1\u001b[39m\nReceived: \u001b[31m0\u001b[39m\n    at Object.toBe (C:\\Workspace_Melbin\\fun_websites\\3d_model_viewer\\test\\feature-discovery-engine.test.js:35:47)\n    at Promise.then.completed (C:\\Workspace_Melbin\\fun_websites\\3d_model_viewer\\node_modules\\jest-circus\\build\\utils.js:298:28)\n    at new Promise (<anonymous>)\n    at callAsyncCircusFn (C:\\Workspace_Melbin\\fun_websites\\3d_model_viewer\\node_modules\\jest-circus\\build\\utils.js:231:10)\n    at _callCircusTest (C:\\Workspace_Melbin\\fun_websites\\3d_model_viewer\\node_modules\\jest-circus\\build\\run.js:316:40)\n    at processTicksAndRejections (node:internal/process/task_queues:105:5)\n    at _runTest (C:\\Workspace_Melbin\\fun_websites\\3d_model_viewer\\node_modules\\jest-circus\\build\\run.js:252:3)\n    at _runTestsForDescribeBlock (C:\\Workspace_Melbin\\fun_websites\\3d_model_viewer\\node_modules\\jest-circus\\build\\run.js:126:9)\n    at _runTestsForDescribeBlock (C:\\Workspace_Melbin\\fun_websites\\3d_model_viewer\\node_modules\\jest-circus\\build\\run.js:121:9)\n    at run (C:\\Workspace_Melbin\\fun_websites\\3d_model_viewer\\node_modules\\jest-circus\\build\\run.js:71:3)\n    at runAndTransformResultsToJestFormat (C:\\Workspace_Melbin\\fun_websites\\3d_model_viewer\\node_modules\\jest-circus\\build\\legacy-code-todo-rewrite\\jestAdapterInit.js:122:21)\n    at jestAdapter (C:\\Workspace_Melbin\\fun_websites\\3d_model_viewer\\node_modules\\jest-circus\\build\\legacy-code-todo-rewrite\\jestAdapter.js:79:19)\n    at runTestInternal (C:\\Workspace_Melbin\\fun_websites\\3d_model_viewer\\node_modules\\jest-runner\\build\\runTest.js:367:16)\n    at runTest (C:\\Workspace_Melbin\\fun_websites\\3d_model_viewer\\node_modules\\jest-runner\\build\\runTest.js:444:34)\n    at Object.worker (C:\\Workspace_Melbin\\fun_websites\\3d_model_viewer\\node_modules\\jest-runner\\build\\testWorker.js:106:12)"],"fullName":"FeatureDiscoveryEngine should queue suggestions","invocations":1,"location":null,"numPassingAsserts":0,"retryReasons":[],"status":"failed","title":"should queue suggestions"},{"ancestorTitles":["FeatureDiscoveryEngine"],"duration":1,"failureDetails":[],"failureMessages":[],"fullName":"FeatureDiscoveryEngine should track feature usage and update skill level","invocations":1,"location":null,"numPassingAsserts":2,"retryReasons":[],"status":"passed","title":"should track feature usage and update skill level"},{"ancestorTitles":["FeatureDiscoveryEngine"],"duration":0,"failureDetails":[],"failureMessages":[],"fullName":"FeatureDiscoveryEngine should get skill level","invocations":1,"location":null,"numPassingAsserts":1,"retryReasons":[],"status":"passed","title":"should get skill level"}],"endTime":1772392029444,"message":"\u001b[1m\u001b[31m  \u001b[1m● \u001b[22m\u001b[1mFeatureDiscoveryEngine › should queue suggestions\u001b[39m\u001b[22m\n\n    \u001b[2mexpect(\u001b[22m\u001b[31mreceived\u001b[39m\u001b[2m).\u001b[22mtoBe\u001b[2m(\u001b[22m\u001b[32mexpected\u001b[39m\u001b[2m) // Object.is equality\u001b[22m\n\n    Expected: \u001b[32m1\u001b[39m\n    Received: \u001b[31m0\u001b[39m\n\u001b[2m\u001b[22m\n\u001b[2m    \u001b[0m \u001b[90m 33 |\u001b[39m     test(\u001b[32m'should queue suggestions'\u001b[39m\u001b[33m,\u001b[39m () \u001b[33m=>\u001b[39m {\u001b[22m\n\u001b[2m     \u001b[90m 34 |\u001b[39m         engine\u001b[33m.\u001b[39mqueueSuggestion(\u001b[32m'lighting-presets'\u001b[39m\u001b[33m,\u001b[39m \u001b[32m'high'\u001b[39m)\u001b[33m;\u001b[39m\u001b[22m\n\u001b[2m    \u001b[31m\u001b[1m>\u001b[22m\u001b[2m\u001b[39m\u001b[90m 35 |\u001b[39m         expect(engine\u001b[33m.\u001b[39msuggestionQueue\u001b[33m.\u001b[39mlength)\u001b[33m.\u001b[39mtoBe(\u001b[35m1\u001b[39m)\u001b[33m;\u001b[39m\u001b[22m\n\u001b[2m     \u001b[90m    |\u001b[39m                                               \u001b[31m\u001b[1m^\u001b[22m\u001b[2m\u001b[39m\u001b[22m\n\u001b[2m     \u001b[90m 36 |\u001b[39m     })\u001b[33m;\u001b[39m\u001b[22m\n\u001b[2m     \u001b[90m 37 |\u001b[39m\u001b[22m\n\u001b[2m     \u001b[90m 38 |\u001b[39m     test(\u001b[32m'should track feature usage and update skill level'\u001b[39m\u001b[33m,\u001b[39m () \u001b[33m=>\u001b[39m {\u001b[0m\u001b[22m\n\u001b[2m\u001b[22m\n\u001b[2m      \u001b[2mat Object.toBe (\u001b[22m\u001b[2m\u001b[0m\u001b[36mtest/feature-discovery-engine.test.js\u001b[39m\u001b[0m\u001b[2m:35:47)\u001b[22m\u001b[2m\u001b[22m\n","name":"C:\\Workspace_Melbin\\fun_websites\\3d_model_viewer\\test\\feature-discovery-engine.test.js","startTime":1772392028469,"status":"failed","summary":""},{"assertionResults":[{"ancestorTitles":["Error Handling System","ErrorManager","Initialization"],"duration":13,"failureDetails":[],"failureMessages":[],"fullName":"Error Handling System ErrorManager Initialization should initialize with correct default values","invocations":1,"location":null,"numPassingAsserts":4,"retryReasons":[],"status":"passed","title":"should initialize with correct default values"},{"ancestorTitles":["Error Handling System","ErrorManager","Initialization"],"duration":2,"failureDetails":[],"failureMessages":[],"fullName":"Error Handling System ErrorManager Initialization should setup recovery strategies","invocations":1,"location":null,"numPassingAsserts":3,"retryReasons":[],"status":"passed","title":"should setup recovery strategies"},{"ancestorTitles":["Error Handling System","ErrorManager","Initialization"],"duration":3,"failureDetails":[],"failureMessages":[],"fullName":"Error Handling System ErrorManager Initialization should setup global error handlers","invocations":1,"location":null,"numPassingAsserts":2,"retryReasons":[],"status":"passed","title":"should setup global error handlers"},{"ancestorTitles":["Error Handling System","ErrorManager","Error Handling"],"duration":46,"failureDetails":[],"failureMessages":[],"fullName":"Error Handling System ErrorManager Error Handling should handle basic error correctly","invocations":1,"location":null,"numPassingAsserts":6,"retryReasons":[],"status":"passed","title":"should handle basic error correctly"},{"ancestorTitles":["Error Handling System","ErrorManager","Error Handling"],"duration":2,"failureDetails":[],"failureMessages":[],"fullName":"Error Handling System ErrorManager Error Handling should add error to history","invocations":1,"location":null,"numPassingAsserts":2,"retryReasons":[],"status":"passed","title":"should add error to history"},{"ancestorTitles":["Error Handling System","ErrorManager","Error Handling"],"duration":1,"failureDetails":[],"failureMessages":[],"fullName":"Error Handling System ErrorManager Error Handling should update error counts","invocations":1,"location":null,"numPassingAsserts":1,"retryReasons":[],"status":"passed","title":"should update error counts"},{"ancestorTitles":["Error Handling System","ErrorManager","Error Handling"],"duration":3,"failureDetails":[],"failureMessages":[],"fullName":"Error Handling System ErrorManager Error Handling should limit error history size","invocations":1,"location":null,"numPassingAsserts":2,"retryReasons":[],"status":"passed","title":"should limit error history size"},{"ancestorTitles":["Error Handling System","ErrorManager","Recovery Strategies"],"duration":2,"failureDetails":[],"failureMessages":[],"fullName":"Error Handling System ErrorManager Recovery Strategies should attempt WebGL context recovery","invocations":1,"location":null,"numPassingAsserts":2,"retryReasons":[],"status":"passed","title":"should attempt WebGL context recovery"},{"ancestorTitles":["Error Handling System","ErrorManager","Recovery Strategies"],"duration":2,"failureDetails":[],"failureMessages":[],"fullName":"Error Handling System ErrorManager Recovery Strategies should attempt memory recovery","invocations":1,"location":null,"numPassingAsserts":2,"retryReasons":[],"status":"passed","title":"should attempt memory recovery"},{"ancestorTitles":["Error Handling System","ErrorManager","Recovery Strategies"],"duration":2,"failureDetails":[],"failureMessages":[],"fullName":"Error Handling System ErrorManager Recovery Strategies should attempt performance recovery","invocations":1,"location":null,"numPassingAsserts":2,"retryReasons":[],"status":"passed","title":"should attempt performance recovery"},{"ancestorTitles":["Error Handling System","ErrorManager","Recovery Strategies"],"duration":2,"failureDetails":[],"failureMessages":[],"fullName":"Error Handling System ErrorManager Recovery Strategies should handle recovery failure gracefully","invocations":1,"location":null,"numPassingAsserts":1,"retryReasons":[],"status":"passed","title":"should handle recovery failure gracefully"},{"ancestorTitles":["Error Handling System","ErrorManager","User Notifications"],"duration":0,"failureDetails":[],"failureMessages":[],"fullName":"Error Handling System ErrorManager User Notifications should show user notification","invocations":1,"location":null,"numPassingAsserts":4,"retryReasons":[],"status":"passed","title":"should show user notification"},{"ancestorTitles":["Error Handling System","ErrorManager","User Notifications"],"duration":0,"failureDetails":[],"failureMessages":[],"fullName":"Error Handling System ErrorManager User Notifications should remove user notification","invocations":1,"location":null,"numPassingAsserts":1,"retryReasons":[],"status":"passed","title":"should remove user notification"},{"ancestorTitles":["Error Handling System","ErrorManager","User Notifications"],"duration":1,"failureDetails":[],"failureMessages":[],"fullName":"Error Handling System ErrorManager User Notifications should generate user-friendly messages","invocations":1,"location":null,"numPassingAsserts":4,"retryReasons":[],"status":"passed","title":"should generate user-friendly messages"},{"ancestorTitles":["Error Handling System","ErrorManager","Error Statistics"],"duration":3,"failureDetails":[],"failureMessages":[],"fullName":"Error Handling System ErrorManager Error Statistics should provide error statistics","invocations":1,"location":null,"numPassingAsserts":4,"retryReasons":[],"status":"passed","title":"should provide error statistics"},{"ancestorTitles":["Error Handling System","ErrorManager","Error Statistics"],"duration":2,"failureDetails":[],"failureMessages":[],"fullName":"Error Handling System ErrorManager Error Statistics should calculate recovery rate","invocations":1,"location":null,"numPassingAsserts":1,"retryReasons":[],"status":"passed","title":"should calculate recovery rate"},{"ancestorTitles":["Error Handling System","ErrorManager","Analytics"],"duration":1,"failureDetails":[],"failureMessages":[],"fullName":"Error Handling System ErrorManager Analytics should enable analytics reporting","invocations":1,"location":null,"numPassingAsserts":1,"retryReasons":[],"status":"passed","title":"should enable analytics reporting"},{"ancestorTitles":["Error Handling System","ErrorManager","Analytics"],"duration":2,"failureDetails":[],"failureMessages":[],"fullName":"Error Handling System ErrorManager Analytics should report to analytics when enabled","invocations":1,"location":null,"numPassingAsserts":3,"retryReasons":[],"status":"passed","title":"should report to analytics when enabled"},{"ancestorTitles":["Error Handling System","ErrorManager","Cleanup"],"duration":1,"failureDetails":[],"failureMessages":[],"fullName":"Error Handling System ErrorManager Cleanup should clear history","invocations":1,"location":null,"numPassingAsserts":2,"retryReasons":[],"status":"passed","title":"should clear history"},{"ancestorTitles":["Error Handling System","ErrorManager","Cleanup"],"duration":1,"failureDetails":[],"failureMessages":[],"fullName":"Error Handling System ErrorManager Cleanup should destroy properly","invocations":1,"location":null,"numPassingAsserts":2,"retryReasons":[],"status":"passed","title":"should destroy properly"},{"ancestorTitles":["Error Handling System","WebGLRecovery"],"duration":17,"failureDetails":[],"failureMessages":[],"fullName":"Error Handling System WebGLRecovery should detect WebGL support","invocations":1,"location":null,"numPassingAsserts":1,"retryReasons":[],"status":"passed","title":"should detect WebGL support"},{"ancestorTitles":["Error Handling System","WebGLRecovery"],"duration":3,"failureDetails":[],"failureMessages":[],"fullName":"Error Handling System WebGLRecovery should setup context loss handlers","invocations":1,"location":null,"numPassingAsserts":2,"retryReasons":[],"status":"passed","title":"should setup context loss handlers"},{"ancestorTitles":["Error Handling System","WebGLRecovery"],"duration":1,"failureDetails":[],"failureMessages":[],"fullName":"Error Handling System WebGLRecovery should handle invalid parameters gracefully","invocations":1,"location":null,"numPassingAsserts":1,"retryReasons":[],"status":"passed","title":"should handle invalid parameters gracefully"},{"ancestorTitles":["Error Handling System","WebGLRecovery"],"duration":3,"failureDetails":[],"failureMessages":[],"fullName":"Error Handling System WebGLRecovery should track context status","invocations":1,"location":null,"numPassingAsserts":4,"retryReasons":[],"status":"passed","title":"should track context status"},{"ancestorTitles":["Error Handling System","WebGLRecovery"],"duration":1,"failureDetails":[],"failureMessages":[],"fullName":"Error Handling System WebGLRecovery should manage context loss handlers","invocations":1,"location":null,"numPassingAsserts":2,"retryReasons":[],"status":"passed","title":"should manage context loss handlers"},{"ancestorTitles":["Error Handling System","PerformanceMonitor"],"duration":0,"failureDetails":[],"failureMessages":[],"fullName":"Error Handling System PerformanceMonitor should initialize with default metrics","invocations":1,"location":null,"numPassingAsserts":4,"retryReasons":[],"status":"passed","title":"should initialize with default metrics"},{"ancestorTitles":["Error Handling System","PerformanceMonitor"],"duration":6,"failureDetails":[],"failureMessages":[],"fullName":"Error Handling System PerformanceMonitor should start and stop monitoring","invocations":1,"location":null,"numPassingAsserts":3,"retryReasons":[],"status":"passed","title":"should start and stop monitoring"},{"ancestorTitles":["Error Handling System","PerformanceMonitor"],"duration":0,"failureDetails":[],"failureMessages":[],"fullName":"Error Handling System PerformanceMonitor should update thresholds","invocations":1,"location":null,"numPassingAsserts":1,"retryReasons":[],"status":"passed","title":"should update thresholds"},{"ancestorTitles":["Error Handling System","PerformanceMonitor"],"duration":2,"failureDetails":[],"failureMessages":[],"fullName":"Error Handling System PerformanceMonitor should provide performance statistics","invocations":1,"location":null,"numPassingAsserts":5,"retryReasons":[],"status":"passed","title":"should provide performance statistics"},{"ancestorTitles":["Error Handling System","PerformanceMonitor"],"duration":1,"failureDetails":[],"failureMessages":[],"fullName":"Error Handling System PerformanceMonitor should calculate performance grade","invocations":1,"location":null,"numPassingAsserts":1,"retryReasons":[],"status":"passed","title":"should calculate performance grade"},{"ancestorTitles":["Error Handling System","PerformanceMonitor"],"duration":0,"failureDetails":[],"failureMessages":[],"fullName":"Error Handling System PerformanceMonitor should reset history","invocations":1,"location":null,"numPassingAsserts":1,"retryReasons":[],"status":"passed","title":"should reset history"},{"ancestorTitles":["Error Handling System","Integration Tests"],"duration":39,"failureDetails":[],"failureMessages":[],"fullName":"Error Handling System Integration Tests should handle WebGL context loss event","invocations":1,"location":null,"numPassingAsserts":1,"retryReasons":[],"status":"passed","title":"should handle WebGL context loss event"},{"ancestorTitles":["Error Handling System","Integration Tests"],"duration":2,"failureDetails":[],"failureMessages":[],"fullName":"Error Handling System Integration Tests should integrate error manager with performance monitor","invocations":1,"location":null,"numPassingAsserts":1,"retryReasons":[],"status":"passed","title":"should integrate error manager with performance monitor"},{"ancestorTitles":["Error Handling System","Integration Tests"],"duration":2,"failureDetails":[],"failureMessages":[],"fullName":"Error Handling System Integration Tests should handle memory warnings","invocations":1,"location":null,"numPassingAsserts":2,"retryReasons":[],"status":"passed","title":"should handle memory warnings"}],"endTime":1772392029610,"message":"","name":"C:\\Workspace_Melbin\\fun_websites\\3d_model_viewer\\test\\error-handling.test.js","startTime":1772392028494,"status":"passed","summary":""},{"assertionResults":[{"ancestorTitles":["UX Enhancements Integration","Initialization"],"duration":76,"failureDetails":[],"failureMessages":[],"fullName":"UX Enhancements Integration Initialization should initialize all sub-modules","invocations":1,"location":null,"numPassingAsserts":4,"retryReasons":[],"status":"passed","title":"should initialize all sub-modules"},{"ancestorTitles":["UX Enhancements Integration","Initialization"],"duration":5,"failureDetails":[],"failureMessages":[],"fullName":"UX Enhancements Integration Initialization should initialize with correct default values","invocations":1,"location":null,"numPassingAsserts":3,"retryReasons":[],"status":"passed","title":"should initialize with correct default values"},{"ancestorTitles":["UX Enhancements Integration","Initialization"],"duration":4,"failureDetails":[],"failureMessages":[],"fullName":"UX Enhancements Integration Initialization should track feature initialization status","invocations":1,"location":null,"numPassingAsserts":3,"retryReasons":[],"status":"passed","title":"should track feature initialization status"},{"ancestorTitles":["UX Enhancements Integration","Initialization"],"duration":5,"failureDetails":[],"failureMessages":[],"fullName":"UX Enhancements Integration Initialization should setup cross-module communication","invocations":1,"location":null,"numPassingAsserts":1,"retryReasons":[],"status":"passed","title":"should setup cross-module communication"},{"ancestorTitles":["UX Enhancements Integration","Initialization"],"duration":4,"failureDetails":[],"failureMessages":[],"fullName":"UX Enhancements Integration Initialization should handle initialization errors gracefully","invocations":1,"location":null,"numPassingAsserts":1,"retryReasons":[],"status":"passed","title":"should handle initialization errors gracefully"},{"ancestorTitles":["UX Enhancements Integration","Onboarding and Discovery Integration"],"duration":4,"failureDetails":[],"failureMessages":[],"fullName":"UX Enhancements Integration Onboarding and Discovery Integration should have onboarding manager available","invocations":1,"location":null,"numPassingAsserts":2,"retryReasons":[],"status":"passed","title":"should have onboarding manager available"},{"ancestorTitles":["UX Enhancements Integration","Onboarding and Discovery Integration"],"duration":6,"failureDetails":[],"failureMessages":[],"fullName":"UX Enhancements Integration Onboarding and Discovery Integration should have discovery engine available","invocations":1,"location":null,"numPassingAsserts":2,"retryReasons":[],"status":"passed","title":"should have discovery engine available"},{"ancestorTitles":["UX Enhancements Integration","Onboarding and Discovery Integration"],"duration":6,"failureDetails":[],"failureMessages":[],"fullName":"UX Enhancements Integration Onboarding and Discovery Integration should track feature initialization","invocations":1,"location":null,"numPassingAsserts":2,"retryReasons":[],"status":"passed","title":"should track feature initialization"},{"ancestorTitles":["UX Enhancements Integration","Onboarding and Discovery Integration"],"duration":6,"failureDetails":[],"failureMessages":[],"fullName":"UX Enhancements Integration Onboarding and Discovery Integration should emit initialization events","invocations":1,"location":null,"numPassingAsserts":1,"retryReasons":[],"status":"passed","title":"should emit initialization events"},{"ancestorTitles":["UX Enhancements Integration","Gesture and Discovery Integration"],"duration":5,"failureDetails":[],"failureMessages":[],"fullName":"UX Enhancements Integration Gesture and Discovery Integration should have gesture manager available","invocations":1,"location":null,"numPassingAsserts":2,"retryReasons":[],"status":"passed","title":"should have gesture manager available"},{"ancestorTitles":["UX Enhancements Integration","Gesture and Discovery Integration"],"duration":2,"failureDetails":[],"failureMessages":[],"fullName":"UX Enhancements Integration Gesture and Discovery Integration should track gesture feature status","invocations":1,"location":null,"numPassingAsserts":1,"retryReasons":[],"status":"passed","title":"should track gesture feature status"},{"ancestorTitles":["UX Enhancements Integration","Gesture and Discovery Integration"],"duration":5,"failureDetails":[],"failureMessages":[],"fullName":"UX Enhancements Integration Gesture and Discovery Integration should handle gesture events","invocations":1,"location":null,"numPassingAsserts":1,"retryReasons":[],"status":"passed","title":"should handle gesture events"},{"ancestorTitles":["UX Enhancements Integration","Gesture and Discovery Integration"],"duration":4,"failureDetails":[],"failureMessages":[],"fullName":"UX Enhancements Integration Gesture and Discovery Integration should integrate with discovery engine","invocations":1,"location":null,"numPassingAsserts":2,"retryReasons":[],"status":"passed","title":"should integrate with discovery engine"},{"ancestorTitles":["UX Enhancements Integration","Onboarding and Gesture Integration"],"duration":2,"failureDetails":[],"failureMessages":[],"fullName":"UX Enhancements Integration Onboarding and Gesture Integration should have both onboarding and gesture managers","invocations":1,"location":null,"numPassingAsserts":2,"retryReasons":[],"status":"passed","title":"should have both onboarding and gesture managers"},{"ancestorTitles":["UX Enhancements Integration","Onboarding and Gesture Integration"],"duration":5,"failureDetails":[],"failureMessages":[],"fullName":"UX Enhancements Integration Onboarding and Gesture Integration should track both feature statuses","invocations":1,"location":null,"numPassingAsserts":2,"retryReasons":[],"status":"passed","title":"should track both feature statuses"},{"ancestorTitles":["UX Enhancements Integration","Onboarding and Gesture Integration"],"duration":8,"failureDetails":[],"failureMessages":[],"fullName":"UX Enhancements Integration Onboarding and Gesture Integration should handle onboarding events","invocations":1,"location":null,"numPassingAsserts":1,"retryReasons":[],"status":"passed","title":"should handle onboarding events"},{"ancestorTitles":["UX Enhancements Integration","Cross-Module Event Flow"],"duration":3,"failureDetails":[],"failureMessages":[],"fullName":"UX Enhancements Integration Cross-Module Event Flow should handle modelLoaded events","invocations":1,"location":null,"numPassingAsserts":1,"retryReasons":[],"status":"passed","title":"should handle modelLoaded events"},{"ancestorTitles":["UX Enhancements Integration","Cross-Module Event Flow"],"duration":2,"failureDetails":[],"failureMessages":[],"fullName":"UX Enhancements Integration Cross-Module Event Flow should handle feature activation events","invocations":1,"location":null,"numPassingAsserts":1,"retryReasons":[],"status":"passed","title":"should handle feature activation events"},{"ancestorTitles":["UX Enhancements Integration","Cross-Module Event Flow"],"duration":2,"failureDetails":[],"failureMessages":[],"fullName":"UX Enhancements Integration Cross-Module Event Flow should handle error events","invocations":1,"location":null,"numPassingAsserts":1,"retryReasons":[],"status":"passed","title":"should handle error events"},{"ancestorTitles":["UX Enhancements Integration","User Experience Flow"],"duration":2,"failureDetails":[],"failureMessages":[],"fullName":"UX Enhancements Integration User Experience Flow should initialize all UX features","invocations":1,"location":null,"numPassingAsserts":2,"retryReasons":[],"status":"passed","title":"should initialize all UX features"},{"ancestorTitles":["UX Enhancements Integration","User Experience Flow"],"duration":3,"failureDetails":[],"failureMessages":[],"fullName":"UX Enhancements Integration User Experience Flow should have all managers initialized","invocations":1,"location":null,"numPassingAsserts":3,"retryReasons":[],"status":"passed","title":"should have all managers initialized"},{"ancestorTitles":["UX Enhancements Integration","User Experience Flow"],"duration":4,"failureDetails":[],"failureMessages":[],"fullName":"UX Enhancements Integration User Experience Flow should track user profile","invocations":1,"location":null,"numPassingAsserts":2,"retryReasons":[],"status":"passed","title":"should track user profile"},{"ancestorTitles":["UX Enhancements Integration","Mobile-Specific Integration"],"duration":4,"failureDetails":[],"failureMessages":[],"fullName":"UX Enhancements Integration Mobile-Specific Integration should have mobile gesture manager","invocations":1,"location":null,"numPassingAsserts":2,"retryReasons":[],"status":"passed","title":"should have mobile gesture manager"},{"ancestorTitles":["UX Enhancements Integration","Mobile-Specific Integration"],"duration":2,"failureDetails":[],"failureMessages":[],"fullName":"UX Enhancements Integration Mobile-Specific Integration should detect mobile capabilities","invocations":1,"location":null,"numPassingAsserts":1,"retryReasons":[],"status":"passed","title":"should detect mobile capabilities"},{"ancestorTitles":["UX Enhancements Integration","Mobile-Specific Integration"],"duration":2,"failureDetails":[],"failureMessages":[],"fullName":"UX Enhancements Integration Mobile-Specific Integration should track gesture feature status","invocations":1,"location":null,"numPassingAsserts":1,"retryReasons":[],"status":"passed","title":"should track gesture feature status"},{"ancestorTitles":["UX Enhancements Integration","Performance and Optimization"],"duration":3,"failureDetails":[],"failureMessages":[],"fullName":"UX Enhancements Integration Performance and Optimization should handle rapid events efficiently","invocations":1,"location":null,"numPassingAsserts":1,"retryReasons":[],"status":"passed","title":"should handle rapid events efficiently"},{"ancestorTitles":["UX Enhancements Integration","Performance and Optimization"],"duration":4,"failureDetails":[],"failureMessages":[],"fullName":"UX Enhancements Integration Performance and Optimization should initialize quickly","invocations":1,"location":null,"numPassingAsserts":1,"retryReasons":[],"status":"passed","title":"should initialize quickly"},{"ancestorTitles":["UX Enhancements Integration","Performance and Optimization"],"duration":5,"failureDetails":[],"failureMessages":[],"fullName":"UX Enhancements Integration Performance and Optimization should have efficient event system","invocations":1,"location":null,"numPassingAsserts":2,"retryReasons":[],"status":"passed","title":"should have efficient event system"},{"ancestorTitles":["UX Enhancements Integration","Error Handling and Recovery"],"duration":2,"failureDetails":[],"failureMessages":[],"fullName":"UX Enhancements Integration Error Handling and Recovery should initialize without errors","invocations":1,"location":null,"numPassingAsserts":1,"retryReasons":[],"status":"passed","title":"should initialize without errors"},{"ancestorTitles":["UX Enhancements Integration","Error Handling and Recovery"],"duration":3,"failureDetails":[],"failureMessages":[],"fullName":"UX Enhancements Integration Error Handling and Recovery should handle events without crashing","invocations":1,"location":null,"numPassingAsserts":1,"retryReasons":[],"status":"passed","title":"should handle events without crashing"},{"ancestorTitles":["UX Enhancements Integration","Error Handling and Recovery"],"duration":4,"failureDetails":[],"failureMessages":[],"fullName":"UX Enhancements Integration Error Handling and Recovery should have error handling in place","invocations":1,"location":null,"numPassingAsserts":1,"retryReasons":[],"status":"passed","title":"should have error handling in place"},{"ancestorTitles":["UX Enhancements Integration","Configuration and Customization"],"duration":5,"failureDetails":[],"failureMessages":[],"fullName":"UX Enhancements Integration Configuration and Customization should track feature configuration","invocations":1,"location":null,"numPassingAsserts":4,"retryReasons":[],"status":"passed","title":"should track feature configuration"},{"ancestorTitles":["UX Enhancements Integration","Configuration and Customization"],"duration":8,"failureDetails":[],"failureMessages":[],"fullName":"UX Enhancements Integration Configuration and Customization should have configurable managers","invocations":1,"location":null,"numPassingAsserts":3,"retryReasons":[],"status":"passed","title":"should have configurable managers"},{"ancestorTitles":["UX Enhancements Integration","Configuration and Customization"],"duration":7,"failureDetails":[],"failureMessages":[],"fullName":"UX Enhancements Integration Configuration and Customization should support localStorage persistence","invocations":1,"location":null,"numPassingAsserts":2,"retryReasons":[],"status":"passed","title":"should support localStorage persistence"},{"ancestorTitles":["UX Enhancements Integration","Accessibility"],"duration":3,"failureDetails":[],"failureMessages":[],"fullName":"UX Enhancements Integration Accessibility should have accessibility-ready managers","invocations":1,"location":null,"numPassingAsserts":2,"retryReasons":[],"status":"passed","title":"should have accessibility-ready managers"},{"ancestorTitles":["UX Enhancements Integration","Accessibility"],"duration":2,"failureDetails":[],"failureMessages":[],"fullName":"UX Enhancements Integration Accessibility should support keyboard events","invocations":1,"location":null,"numPassingAsserts":1,"retryReasons":[],"status":"passed","title":"should support keyboard events"},{"ancestorTitles":["UX Enhancements Integration","Accessibility"],"duration":9,"failureDetails":[],"failureMessages":[],"fullName":"UX Enhancements Integration Accessibility should have DOM interaction capability","invocations":1,"location":null,"numPassingAsserts":2,"retryReasons":[],"status":"passed","title":"should have DOM interaction capability"},{"ancestorTitles":["UX Enhancements Integration","Cleanup and Destroy"],"duration":2,"failureDetails":[],"failureMessages":[],"fullName":"UX Enhancements Integration Cleanup and Destroy should have destroy method","invocations":1,"location":null,"numPassingAsserts":1,"retryReasons":[],"status":"passed","title":"should have destroy method"},{"ancestorTitles":["UX Enhancements Integration","Cleanup and Destroy"],"duration":2,"failureDetails":[],"failureMessages":[],"fullName":"UX Enhancements Integration Cleanup and Destroy should cleanup sub-modules","invocations":1,"location":null,"numPassingAsserts":3,"retryReasons":[],"status":"passed","title":"should cleanup sub-modules"},{"ancestorTitles":["UX Enhancements Integration","Cleanup and Destroy"],"duration":2,"failureDetails":[],"failureMessages":[],"fullName":"UX Enhancements Integration Cleanup and Destroy should handle destroy without errors","invocations":1,"location":null,"numPassingAsserts":1,"retryReasons":[],"status":"passed","title":"should handle destroy without errors"},{"ancestorTitles":["UX Enhancements Integration","Edge Cases"],"duration":1,"failureDetails":[],"failureMessages":[],"fullName":"UX Enhancements Integration Edge Cases should handle missing DOM elements gracefully","invocations":1,"location":null,"numPassingAsserts":1,"retryReasons":[],"status":"passed","title":"should handle missing DOM elements gracefully"},{"ancestorTitles":["UX Enhancements Integration","Edge Cases"],"duration":1,"failureDetails":[],"failureMessages":[],"fullName":"UX Enhancements Integration Edge Cases should handle localStorage operations","invocations":1,"location":null,"numPassingAsserts":1,"retryReasons":[],"status":"passed","title":"should handle localStorage operations"},{"ancestorTitles":["UX Enhancements Integration","Edge Cases"],"duration":3,"failureDetails":[],"failureMessages":[],"fullName":"UX Enhancements Integration Edge Cases should handle rapid events","invocations":1,"location":null,"numPassingAsserts":1,"retryReasons":[],"status":"passed","title":"should handle rapid events"},{"ancestorTitles":["UX Enhancements Integration","Edge Cases"],"duration":4,"failureDetails":[],"failureMessages":[],"fullName":"UX Enhancements Integration Edge Cases should handle concurrent operations","invocations":1,"location":null,"numPassingAsserts":1,"retryReasons":[],"status":"passed","title":"should handle concurrent operations"}],"endTime":1772392029667,"message":"","name":"C:\\Workspace_Melbin\\fun_websites\\3d_model_viewer\\test\\ux-enhancements-integration.test.js","startTime":1772392028475,"status":"passed","summary":""},{"assertionResults":[{"ancestorTitles":["AnalysisManager"],"duration":315,"failureDetails":[],"failureMessages":[],"fullName":"AnalysisManager should initialize correctly","invocations":1,"location":null,"numPassingAsserts":1,"retryReasons":[],"status":"passed","title":"should initialize correctly"},{"ancestorTitles":["AnalysisManager"],"duration":52,"failureDetails":[],"failureMessages":[],"fullName":"AnalysisManager should calculate model statistics correctly","invocations":1,"location":null,"numPassingAsserts":5,"retryReasons":[],"status":"passed","title":"should calculate model statistics correctly"}],"endTime":1772392029901,"message":"","name":"C:\\Workspace_Melbin\\fun_websites\\3d_model_viewer\\test\\analysis\\AnalysisManager.test.js","startTime":1772392028443,"status":"passed","summary":""},{"assertionResults":[{"ancestorTitles":["Integration Tests Suite","ModelViewer Integration"],"duration":353,"failureDetails":[],"failureMessages":[],"fullName":"Integration Tests Suite ModelViewer Integration should initialize all core modules","invocations":1,"location":null,"numPassingAsserts":7,"retryReasons":[],"status":"passed","title":"should initialize all core modules"},{"ancestorTitles":["Integration Tests Suite","ModelViewer Integration"],"duration":13,"failureDetails":[{"matcherResult":{"actual":false,"expected":true,"message":"\u001b[2mexpect(\u001b[22m\u001b[31mreceived\u001b[39m\u001b[2m).\u001b[22mtoBe\u001b[2m(\u001b[22m\u001b[32mexpected\u001b[39m\u001b[2m) // Object.is equality\u001b[22m\n\nExpected: \u001b[32mtrue\u001b[39m\nReceived: \u001b[31mfalse\u001b[39m","name":"toBe","pass":false}}],"failureMessages":["Error: \u001b[2mexpect(\u001b[22m\u001b[31mreceived\u001b[39m\u001b[2m).\u001b[22mtoBe\u001b[2m(\u001b[22m\u001b[32mexpected\u001b[39m\u001b[2m) // Object.is equality\u001b[22m\n\nExpected: \u001b[32mtrue\u001b[39m\nReceived: \u001b[31mfalse\u001b[39m\n    at Object.toBe (C:\\Workspace_Melbin\\fun_websites\\3d_model_viewer\\test\\integration-tests.test.js:81:65)\n    at processTicksAndRejections (node:internal/process/task_queues:105:5)"],"fullName":"Integration Tests Suite ModelViewer Integration should register all modules with core engine","invocations":1,"location":null,"numPassingAsserts":5,"retryReasons":[],"status":"failed","title":"should register all modules with core engine"},{"ancestorTitles":["Integration Tests Suite","ModelViewer Integration"],"duration":222,"failureDetails":[{"matcherResult":{"message":"\u001b[2mexpect(\u001b[22m\u001b[31mreceived\u001b[39m\u001b[2m).\u001b[22mtoContain\u001b[2m(\u001b[22m\u001b[32mexpected\u001b[39m\u001b[2m) // indexOf\u001b[22m\n\nExpected substring: \u001b[32m\"WebGL\"\u001b[39m\nReceived string:    \u001b[31m\"Cannot read properties of null (reading 'addEventListener')\"\u001b[39m","pass":false}}],"failureMessages":["Error: \u001b[2mexpect(\u001b[22m\u001b[31mreceived\u001b[39m\u001b[2m).\u001b[22mtoContain\u001b[2m(\u001b[22m\u001b[32mexpected\u001b[39m\u001b[2m) // indexOf\u001b[22m\n\nExpected substring: \u001b[32m\"WebGL\"\u001b[39m\nReceived string:    \u001b[31m\"Cannot read properties of null (reading 'addEventListener')\"\u001b[39m\n    at Object.toContain (C:\\Workspace_Melbin\\fun_websites\\3d_model_viewer\\test\\integration-tests.test.js:103:39)\n    at processTicksAndRejections (node:internal/process/task_queues:105:5)"],"fullName":"Integration Tests Suite ModelViewer Integration should handle module initialization sequence","invocations":1,"location":null,"numPassingAsserts":0,"retryReasons":[],"status":"failed","title":"should handle module initialization sequence"},{"ancestorTitles":["Integration Tests Suite","Asset Loading Integration"],"duration":17,"failureDetails":[{"matcherResult":{"actual":false,"expected":true,"message":"\u001b[2mexpect(\u001b[22m\u001b[31mreceived\u001b[39m\u001b[2m).\u001b[22mtoBe\u001b[2m(\u001b[22m\u001b[32mexpected\u001b[39m\u001b[2m) // Object.is equality\u001b[22m\n\nExpected: \u001b[32mtrue\u001b[39m\nReceived: \u001b[31mfalse\u001b[39m","name":"toBe","pass":false}}],"failureMessages":["Error: \u001b[2mexpect(\u001b[22m\u001b[31mreceived\u001b[39m\u001b[2m).\u001b[22mtoBe\u001b[2m(\u001b[22m\u001b[32mexpected\u001b[39m\u001b[2m) // Object.is equality\u001b[22m\n\nExpected: \u001b[32mtrue\u001b[39m\nReceived: \u001b[31mfalse\u001b[39m\n    at Object.toBe (C:\\Workspace_Melbin\\fun_websites\\3d_model_viewer\\test\\integration-tests.test.js:145:40)"],"fullName":"Integration Tests Suite Asset Loading Integration should coordinate asset loading between modules","invocations":1,"location":null,"numPassingAsserts":1,"retryReasons":[],"status":"failed","title":"should coordinate asset loading between modules"},{"ancestorTitles":["Integration Tests Suite","Asset Loading Integration"],"duration":6,"failureDetails":[],"failureMessages":[],"fullName":"Integration Tests Suite Asset Loading Integration should handle asset loading errors gracefully","invocations":1,"location":null,"numPassingAsserts":2,"retryReasons":[],"status":"passed","title":"should handle asset loading errors gracefully"},{"ancestorTitles":["Integration Tests Suite","Asset Loading Integration"],"duration":11,"failureDetails":[],"failureMessages":[],"fullName":"Integration Tests Suite Asset Loading Integration should validate file types before loading","invocations":1,"location":null,"numPassingAsserts":1,"retryReasons":[],"status":"passed","title":"should validate file types before loading"},{"ancestorTitles":["Integration Tests Suite","Asset Loading Integration"],"duration":101,"failureDetails":[],"failureMessages":[],"fullName":"Integration Tests Suite Asset Loading Integration should enforce file size limits","invocations":1,"location":null,"numPassingAsserts":1,"retryReasons":[],"status":"passed","title":"should enforce file size limits"},{"ancestorTitles":["Integration Tests Suite","UI and Rendering Integration"],"duration":3,"failureDetails":[],"failureMessages":[],"fullName":"Integration Tests Suite UI and Rendering Integration should update UI state when models are loaded","invocations":1,"location":null,"numPassingAsserts":1,"retryReasons":[],"status":"passed","title":"should update UI state when models are loaded"},{"ancestorTitles":["Integration Tests Suite","UI and Rendering Integration"],"duration":67,"failureDetails":[{"matcherResult":{"message":"\u001b[2mexpect(\u001b[22m\u001b[31mreceived\u001b[39m\u001b[2m).\u001b[22mtoContain\u001b[2m(\u001b[22m\u001b[32mexpected\u001b[39m\u001b[2m) // indexOf\u001b[22m\n\nExpected substring: \u001b[32m\"WebGL\"\u001b[39m\nReceived string:    \u001b[31m\"Cannot read properties of null (reading 'addEventListener')\"\u001b[39m","pass":false}}],"failureMessages":["Error: \u001b[2mexpect(\u001b[22m\u001b[31mreceived\u001b[39m\u001b[2m).\u001b[22mtoContain\u001b[2m(\u001b[22m\u001b[32mexpected\u001b[39m\u001b[2m) // indexOf\u001b[22m\n\nExpected substring: \u001b[32m\"WebGL\"\u001b[39m\nReceived string:    \u001b[31m\"Cannot read properties of null (reading 'addEventListener')\"\u001b[39m\n    at Object.toContain (C:\\Workspace_Melbin\\fun_websites\\3d_model_viewer\\test\\integration-tests.test.js:240:39)"],"fullName":"Integration Tests Suite UI and Rendering Integration should coordinate UI mode changes with rendering","invocations":1,"location":null,"numPassingAsserts":0,"retryReasons":[],"status":"failed","title":"should coordinate UI mode changes with rendering"},{"ancestorTitles":["Integration Tests Suite","UI and Rendering Integration"],"duration":48,"failureDetails":[{"matcherResult":{"message":"\u001b[2mexpect(\u001b[22m\u001b[31mreceived\u001b[39m\u001b[2m).\u001b[22mtoContain\u001b[2m(\u001b[22m\u001b[32mexpected\u001b[39m\u001b[2m) // indexOf\u001b[22m\n\nExpected substring: \u001b[32m\"WebGL\"\u001b[39m\nReceived string:    \u001b[31m\"Cannot read properties of null (reading 'addEventListener')\"\u001b[39m","pass":false}}],"failureMessages":["Error: \u001b[2mexpect(\u001b[22m\u001b[31mreceived\u001b[39m\u001b[2m).\u001b[22mtoContain\u001b[2m(\u001b[22m\u001b[32mexpected\u001b[39m\u001b[2m) // indexOf\u001b[22m\n\nExpected substring: \u001b[32m\"WebGL\"\u001b[39m\nReceived string:    \u001b[31m\"Cannot read properties of null (reading 'addEventListener')\"\u001b[39m\n    at Object.toContain (C:\\Workspace_Melbin\\fun_websites\\3d_model_viewer\\test\\integration-tests.test.js:262:39)"],"fullName":"Integration Tests Suite UI and Rendering Integration should handle window resize across modules","invocations":1,"location":null,"numPassingAsserts":0,"retryReasons":[],"status":"failed","title":"should handle window resize across modules"},{"ancestorTitles":["Integration Tests Suite","Performance and Error Handling Integration"],"duration":2,"failureDetails":[],"failureMessages":[],"fullName":"Integration Tests Suite Performance and Error Handling Integration should coordinate performance monitoring across modules","invocations":1,"location":null,"numPassingAsserts":0,"retryReasons":[],"status":"passed","title":"should coordinate performance monitoring across modules"},{"ancestorTitles":["Integration Tests Suite","Performance and Error Handling Integration"],"duration":4,"failureDetails":[],"failureMessages":[],"fullName":"Integration Tests Suite Performance and Error Handling Integration should handle errors across module boundaries","invocations":1,"location":null,"numPassingAsserts":1,"retryReasons":[],"status":"passed","title":"should handle errors across module boundaries"},{"ancestorTitles":["Integration Tests Suite","Performance and Error Handling Integration"],"duration":2,"failureDetails":[],"failureMessages":[],"fullName":"Integration Tests Suite Performance and Error Handling Integration should trigger quality reduction when performance drops","invocations":1,"location":null,"numPassingAsserts":1,"retryReasons":[],"status":"passed","title":"should trigger quality reduction when performance drops"},{"ancestorTitles":["Integration Tests Suite","Export System Integration"],"duration":2,"failureDetails":[],"failureMessages":[],"fullName":"Integration Tests Suite Export System Integration should coordinate export operations with rendering","invocations":1,"location":null,"numPassingAsserts":2,"retryReasons":[],"status":"passed","title":"should coordinate export operations with rendering"},{"ancestorTitles":["Integration Tests Suite","Export System Integration"],"duration":55,"failureDetails":[{"matcherResult":{"message":"\u001b[2mexpect(\u001b[22m\u001b[31mreceived\u001b[39m\u001b[2m).\u001b[22mtoContain\u001b[2m(\u001b[22m\u001b[32mexpected\u001b[39m\u001b[2m) // indexOf\u001b[22m\n\nExpected substring: \u001b[32m\"WebGL\"\u001b[39m\nReceived string:    \u001b[31m\"Cannot read properties of null (reading 'addEventListener')\"\u001b[39m","pass":false}}],"failureMessages":["Error: \u001b[2mexpect(\u001b[22m\u001b[31mreceived\u001b[39m\u001b[2m).\u001b[22mtoContain\u001b[2m(\u001b[22m\u001b[32mexpected\u001b[39m\u001b[2m) // indexOf\u001b[22m\n\nExpected substring: \u001b[32m\"WebGL\"\u001b[39m\nReceived string:    \u001b[31m\"Cannot read properties of null (reading 'addEventListener')\"\u001b[39m\n    at Object.toContain (C:\\Workspace_Melbin\\fun_websites\\3d_model_viewer\\test\\integration-tests.test.js:374:39)"],"fullName":"Integration Tests Suite Export System Integration should handle screenshot export with rendering engine","invocations":1,"location":null,"numPassingAsserts":0,"retryReasons":[],"status":"failed","title":"should handle screenshot export with rendering engine"},{"ancestorTitles":["Integration Tests Suite","Cinematic Mode Integration"],"duration":3,"failureDetails":[],"failureMessages":[],"fullName":"Integration Tests Suite Cinematic Mode Integration should coordinate cinematic mode with rendering and audio","invocations":1,"location":null,"numPassingAsserts":0,"retryReasons":[],"status":"passed","title":"should coordinate cinematic mode with rendering and audio"},{"ancestorTitles":["Integration Tests Suite","Cinematic Mode Integration"],"duration":4,"failureDetails":[],"failureMessages":[],"fullName":"Integration Tests Suite Cinematic Mode Integration should handle cinematic camera movements","invocations":1,"location":null,"numPassingAsserts":0,"retryReasons":[],"status":"passed","title":"should handle cinematic camera movements"},{"ancestorTitles":["Integration Tests Suite","Analysis Tools Integration"],"duration":9,"failureDetails":[{}],"failureMessages":["TypeError: Cannot read properties of undefined (reading 'byteLength')\n    at byteLength (C:\\Workspace_Melbin\\fun_websites\\3d_model_viewer\\src\\analysis\\AnalysisManager.js:727:39)\n    at Array.forEach (<anonymous>)\n    at AnalysisManager.forEach [as estimateGeometryMemory] (C:\\Workspace_Melbin\\fun_websites\\3d_model_viewer\\src\\analysis\\AnalysisManager.js:726:44)\n    at estimateGeometryMemory (C:\\Workspace_Melbin\\fun_websites\\3d_model_viewer\\src\\analysis\\AnalysisManager.js:663:47)\n    at Object.callback (C:\\Workspace_Melbin\\fun_websites\\3d_model_viewer\\test\\integration-tests.test.js:436:25)\n    at AnalysisManager.traverse [as calculateModelStatistics] (C:\\Workspace_Melbin\\fun_websites\\3d_model_viewer\\src\\analysis\\AnalysisManager.js:643:15)\n    at AnalysisManager.calculateModelStatistics [as analyzeModel] (C:\\Workspace_Melbin\\fun_websites\\3d_model_viewer\\src\\analysis\\AnalysisManager.js:610:28)\n    at Object.analyzeModel (C:\\Workspace_Melbin\\fun_websites\\3d_model_viewer\\test\\integration-tests.test.js:448:47)"],"fullName":"Integration Tests Suite Analysis Tools Integration should analyze loaded models","invocations":1,"location":null,"numPassingAsserts":0,"retryReasons":[],"status":"failed","title":"should analyze loaded models"},{"ancestorTitles":["Integration Tests Suite","Analysis Tools Integration"],"duration":13,"failureDetails":[{}],"failureMessages":["TypeError: analysisManager.getAvailableTools is not a function\n    at Object.getAvailableTools (C:\\Workspace_Melbin\\fun_websites\\3d_model_viewer\\test\\integration-tests.test.js:460:47)"],"fullName":"Integration Tests Suite Analysis Tools Integration should provide measurement tools","invocations":1,"location":null,"numPassingAsserts":0,"retryReasons":[],"status":"failed","title":"should provide measurement tools"},{"ancestorTitles":["Integration Tests Suite","Memory Management Integration"],"duration":3,"failureDetails":[{}],"failureMessages":["TypeError: Cannot read properties of null (reading 'remove')\n    at RenderingEngine.remove [as removeCurrentModel] (C:\\Workspace_Melbin\\fun_websites\\3d_model_viewer\\src\\rendering\\RenderingEngine.js:355:24)\n    at Object.removeCurrentModel (C:\\Workspace_Melbin\\fun_websites\\3d_model_viewer\\test\\integration-tests.test.js:498:33)\n    at Promise.then.completed (C:\\Workspace_Melbin\\fun_websites\\3d_model_viewer\\node_modules\\jest-circus\\build\\utils.js:298:28)\n    at new Promise (<anonymous>)\n    at callAsyncCircusFn (C:\\Workspace_Melbin\\fun_websites\\3d_model_viewer\\node_modules\\jest-circus\\build\\utils.js:231:10)\n    at _callCircusTest (C:\\Workspace_Melbin\\fun_websites\\3d_model_viewer\\node_modules\\jest-circus\\build\\run.js:316:40)\n    at _runTest (C:\\Workspace_Melbin\\fun_websites\\3d_model_viewer\\node_modules\\jest-circus\\build\\run.js:252:3)\n    at _runTestsForDescribeBlock (C:\\Workspace_Melbin\\fun_websites\\3d_model_viewer\\node_modules\\jest-circus\\build\\run.js:126:9)\n    at _runTestsForDescribeBlock (C:\\Workspace_Melbin\\fun_websites\\3d_model_viewer\\node_modules\\jest-circus\\build\\run.js:121:9)\n    at _runTestsForDescribeBlock (C:\\Workspace_Melbin\\fun_websites\\3d_model_viewer\\node_modules\\jest-circus\\build\\run.js:121:9)\n    at run (C:\\Workspace_Melbin\\fun_websites\\3d_model_viewer\\node_modules\\jest-circus\\build\\run.js:71:3)\n    at runAndTransformResultsToJestFormat (C:\\Workspace_Melbin\\fun_websites\\3d_model_viewer\\node_modules\\jest-circus\\build\\legacy-code-todo-rewrite\\jestAdapterInit.js:122:21)\n    at jestAdapter (C:\\Workspace_Melbin\\fun_websites\\3d_model_viewer\\node_modules\\jest-circus\\build\\legacy-code-todo-rewrite\\jestAdapter.js:79:19)\n    at runTestInternal (C:\\Workspace_Melbin\\fun_websites\\3d_model_viewer\\node_modules\\jest-runner\\build\\runTest.js:367:16)\n    at runTest (C:\\Workspace_Melbin\\fun_websites\\3d_model_viewer\\node_modules\\jest-runner\\build\\runTest.js:444:34)\n    at Object.worker (C:\\Workspace_Melbin\\fun_websites\\3d_model_viewer\\node_modules\\jest-runner\\build\\testWorker.js:106:12)"],"fullName":"Integration Tests Suite Memory Management Integration should cleanup resources when models are removed","invocations":1,"location":null,"numPassingAsserts":0,"retryReasons":[],"status":"failed","title":"should cleanup resources when models are removed"},{"ancestorTitles":["Integration Tests Suite","Memory Management Integration"],"duration":3,"failureDetails":[],"failureMessages":[],"fullName":"Integration Tests Suite Memory Management Integration should handle memory warnings","invocations":1,"location":null,"numPassingAsserts":1,"retryReasons":[],"status":"passed","title":"should handle memory warnings"},{"ancestorTitles":["Integration Tests Suite","Event System Integration"],"duration":2,"failureDetails":[],"failureMessages":[],"fullName":"Integration Tests Suite Event System Integration should propagate events across all modules","invocations":1,"location":null,"numPassingAsserts":4,"retryReasons":[],"status":"passed","title":"should propagate events across all modules"},{"ancestorTitles":["Integration Tests Suite","Event System Integration"],"duration":4,"failureDetails":[],"failureMessages":[],"fullName":"Integration Tests Suite Event System Integration should handle event listener cleanup","invocations":1,"location":null,"numPassingAsserts":2,"retryReasons":[],"status":"passed","title":"should handle event listener cleanup"}],"endTime":1772392030385,"message":"\u001b[1m\u001b[31m  \u001b[1m● \u001b[22m\u001b[1mIntegration Tests Suite › ModelViewer Integration › should register all modules with core engine\u001b[39m\u001b[22m\n\n    \u001b[2mexpect(\u001b[22m\u001b[31mreceived\u001b[39m\u001b[2m).\u001b[22mtoBe\u001b[2m(\u001b[22m\u001b[32mexpected\u001b[39m\u001b[2m) // Object.is equality\u001b[22m\n\n    Expected: \u001b[32mtrue\u001b[39m\n    Received: \u001b[31mfalse\u001b[39m\n\u001b[2m\u001b[22m\n\u001b[2m    \u001b[0m \u001b[90m 79 |\u001b[39m             expect(modelViewer\u001b[33m.\u001b[39mcore\u001b[33m.\u001b[39mmodules\u001b[33m.\u001b[39mhas(\u001b[32m'export'\u001b[39m))\u001b[33m.\u001b[39mtoBe(\u001b[36mtrue\u001b[39m)\u001b[33m;\u001b[39m\u001b[22m\n\u001b[2m     \u001b[90m 80 |\u001b[39m             expect(modelViewer\u001b[33m.\u001b[39mcore\u001b[33m.\u001b[39mmodules\u001b[33m.\u001b[39mhas(\u001b[32m'analysis'\u001b[39m))\u001b[33m.\u001b[39mtoBe(\u001b[36mtrue\u001b[39m)\u001b[33m;\u001b[39m\u001b[22m\n\u001b[2m    \u001b[31m\u001b[1m>\u001b[22m\u001b[2m\u001b[39m\u001b[90m 81 |\u001b[39m             expect(modelViewer\u001b[33m.\u001b[39mcore\u001b[33m.\u001b[39mmodules\u001b[33m.\u001b[39mhas(\u001b[32m'performance'\u001b[39m))\u001b[33m.\u001b[39mtoBe(\u001b[36mtrue\u001b[39m)\u001b[33m;\u001b[39m\u001b[22m\n\u001b[2m     \u001b[90m    |\u001b[39m                                                                 \u001b[31m\u001b[1m^\u001b[22m\u001b[2m\u001b[39m\u001b[22m\n\u001b[2m     \u001b[90m 82 |\u001b[39m         })\u001b[33m;\u001b[39m\u001b[22m\n\u001b[2m     \u001b[90m 83 |\u001b[39m\u001b[22m\n\u001b[2m     \u001b[90m 84 |\u001b[39m         it(\u001b[32m'should handle module initialization sequence'\u001b[39m\u001b[33m,\u001b[39m \u001b[36masync\u001b[39m () \u001b[33m=>\u001b[39m {\u001b[0m\u001b[22m\n\u001b[2m\u001b[22m\n\u001b[2m      \u001b[2mat Object.toBe (\u001b[22m\u001b[2m\u001b[0m\u001b[36mtest/integration-tests.test.js\u001b[39m\u001b[0m\u001b[2m:81:65)\u001b[22m\u001b[2m\u001b[22m\n\n\u001b[1m\u001b[31m  \u001b[1m● \u001b[22m\u001b[1mIntegration Tests Suite › ModelViewer Integration › should handle module initialization sequence\u001b[39m\u001b[22m\n\n    \u001b[2mexpect(\u001b[22m\u001b[31mreceived\u001b[39m\u001b[2m).\u001b[22mtoContain\u001b[2m(\u001b[22m\u001b[32mexpected\u001b[39m\u001b[2m) // indexOf\u001b[22m\n\n    Expected substring: \u001b[32m\"WebGL\"\u001b[39m\n    Received string:    \u001b[31m\"Cannot read properties of null (reading 'addEventListener')\"\u001b[39m\n\u001b[2m\u001b[22m\n\u001b[2m    \u001b[0m \u001b[90m 101 |\u001b[39m             } \u001b[36mcatch\u001b[39m (error) {\u001b[22m\n\u001b[2m     \u001b[90m 102 |\u001b[39m                 \u001b[90m// WebGL might not be available in test environment\u001b[39m\u001b[22m\n\u001b[2m    \u001b[31m\u001b[1m>\u001b[22m\u001b[2m\u001b[39m\u001b[90m 103 |\u001b[39m                 expect(error\u001b[33m.\u001b[39mmessage)\u001b[33m.\u001b[39mtoContain(\u001b[32m'WebGL'\u001b[39m)\u001b[33m;\u001b[39m\u001b[22m\n\u001b[2m     \u001b[90m     |\u001b[39m                                       \u001b[31m\u001b[1m^\u001b[22m\u001b[2m\u001b[39m\u001b[22m\n\u001b[2m     \u001b[90m 104 |\u001b[39m             }\u001b[22m\n\u001b[2m     \u001b[90m 105 |\u001b[39m         })\u001b[33m;\u001b[39m\u001b[22m\n\u001b[2m     \u001b[90m 106 |\u001b[39m     })\u001b[33m;\u001b[39m\u001b[0m\u001b[22m\n\u001b[2m\u001b[22m\n\u001b[2m      \u001b[2mat Object.toContain (\u001b[22m\u001b[2m\u001b[0m\u001b[36mtest/integration-tests.test.js\u001b[39m\u001b[0m\u001b[2m:103:39)\u001b[22m\u001b[2m\u001b[22m\n\n\u001b[1m\u001b[31m  \u001b[1m● \u001b[22m\u001b[1mIntegration Tests Suite › Asset Loading Integration › should coordinate asset loading between modules\u001b[39m\u001b[22m\n\n    \u001b[2mexpect(\u001b[22m\u001b[31mreceived\u001b[39m\u001b[2m).\u001b[22mtoBe\u001b[2m(\u001b[22m\u001b[32mexpected\u001b[39m\u001b[2m) // Object.is equality\u001b[22m\n\n    Expected: \u001b[32mtrue\u001b[39m\n    Received: \u001b[31mfalse\u001b[39m\n\u001b[2m\u001b[22m\n\u001b[2m    \u001b[0m \u001b[90m 143 |\u001b[39m                 \u001b[90m// Expected in test environment without proper GLB data\u001b[39m\u001b[22m\n\u001b[2m     \u001b[90m 144 |\u001b[39m                 expect(error)\u001b[33m.\u001b[39mtoBeDefined()\u001b[33m;\u001b[39m\u001b[22m\n\u001b[2m    \u001b[31m\u001b[1m>\u001b[22m\u001b[2m\u001b[39m\u001b[90m 145 |\u001b[39m                 expect(loadingStarted)\u001b[33m.\u001b[39mtoBe(\u001b[36mtrue\u001b[39m)\u001b[33m;\u001b[39m\u001b[22m\n\u001b[2m     \u001b[90m     |\u001b[39m                                        \u001b[31m\u001b[1m^\u001b[22m\u001b[2m\u001b[39m\u001b[22m\n\u001b[2m     \u001b[90m 146 |\u001b[39m             }\u001b[22m\n\u001b[2m     \u001b[90m 147 |\u001b[39m         })\u001b[33m;\u001b[39m\u001b[22m\n\u001b[2m     \u001b[90m 148 |\u001b[39m\u001b[0m\u001b[22m\n\u001b[2m\u001b[22m\n\u001b[2m      \u001b[2mat Object.toBe (\u001b[22m\u001b[2m\u001b[0m\u001b[36mtest/integration-tests.test.js\u001b[39m\u001b[0m\u001b[2m:145:40)\u001b[22m\u001b[2m\u001b[22m\n\n\u001b[1m\u001b[31m  \u001b[1m● \u001b[22m\u001b[1mIntegration Tests Suite › UI and Rendering Integration › should coordinate UI mode changes with rendering\u001b[39m\u001b[22m\n\n    \u001b[2mexpect(\u001b[22m\u001b[31mreceived\u001b[39m\u001b[2m).\u001b[22mtoContain\u001b[2m(\u001b[22m\u001b[32mexpected\u001b[39m\u001b[2m) // indexOf\u001b[22m\n\n    Expected substring: \u001b[32m\"WebGL\"\u001b[39m\n    Received string:    \u001b[31m\"Cannot read properties of null (reading 'addEventListener')\"\u001b[39m\n\u001b[2m\u001b[22m\n\u001b[2m    \u001b[0m \u001b[90m 238 |\u001b[39m             } \u001b[36mcatch\u001b[39m (error) {\u001b[22m\n\u001b[2m     \u001b[90m 239 |\u001b[39m                 \u001b[90m// WebGL might not be available in test environment\u001b[39m\u001b[22m\n\u001b[2m    \u001b[31m\u001b[1m>\u001b[22m\u001b[2m\u001b[39m\u001b[90m 240 |\u001b[39m                 expect(error\u001b[33m.\u001b[39mmessage)\u001b[33m.\u001b[39mtoContain(\u001b[32m'WebGL'\u001b[39m)\u001b[33m;\u001b[39m\u001b[22m\n\u001b[2m     \u001b[90m     |\u001b[39m                                       \u001b[31m\u001b[1m^\u001b[22m\u001b[2m\u001b[39m\u001b[22m\n\u001b[2m     \u001b[90m 241 |\u001b[39m             }\u001b[22m\n\u001b[2m     \u001b[90m 242 |\u001b[39m         })\u001b[33m;\u001b[39m\u001b[22m\n\u001b[2m     \u001b[90m 243 |\u001b[39m\u001b[0m\u001b[22m\n\u001b[2m\u001b[22m\n\u001b[2m      \u001b[2mat Object.toContain (\u001b[22m\u001b[2m\u001b[0m\u001b[36mtest/integration-tests.test.js\u001b[39m\u001b[0m\u001b[2m:240:39)\u001b[22m\u001b[2m\u001b[22m\n\n\u001b[1m\u001b[31m  \u001b[1m● \u001b[22m\u001b[1mIntegration Tests Suite › UI and Rendering Integration › should handle window resize across modules\u001b[39m\u001b[22m\n\n    \u001b[2mexpect(\u001b[22m\u001b[31mreceived\u001b[39m\u001b[2m).\u001b[22mtoContain\u001b[2m(\u001b[22m\u001b[32mexpected\u001b[39m\u001b[2m) // indexOf\u001b[22m\n\n    Expected substring: \u001b[32m\"WebGL\"\u001b[39m\n    Received string:    \u001b[31m\"Cannot read properties of null (reading 'addEventListener')\"\u001b[39m\n\u001b[2m\u001b[22m\n\u001b[2m    \u001b[0m \u001b[90m 260 |\u001b[39m             } \u001b[36mcatch\u001b[39m (error) {\u001b[22m\n\u001b[2m     \u001b[90m 261 |\u001b[39m                 \u001b[90m// WebGL might not be available in test environment\u001b[39m\u001b[22m\n\u001b[2m    \u001b[31m\u001b[1m>\u001b[22m\u001b[2m\u001b[39m\u001b[90m 262 |\u001b[39m                 expect(error\u001b[33m.\u001b[39mmessage)\u001b[33m.\u001b[39mtoContain(\u001b[32m'WebGL'\u001b[39m)\u001b[33m;\u001b[39m\u001b[22m\n\u001b[2m     \u001b[90m     |\u001b[39m                                       \u001b[31m\u001b[1m^\u001b[22m\u001b[2m\u001b[39m\u001b[22m\n\u001b[2m     \u001b[90m 263 |\u001b[39m             }\u001b[22m\n\u001b[2m     \u001b[90m 264 |\u001b[39m         })\u001b[33m;\u001b[39m\u001b[22m\n\u001b[2m     \u001b[90m 265 |\u001b[39m     })\u001b[33m;\u001b[39m\u001b[0m\u001b[22m\n\u001b[2m\u001b[22m\n\u001b[2m      \u001b[2mat Object.toContain (\u001b[22m\u001b[2m\u001b[0m\u001b[36mtest/integration-tests.test.js\u001b[39m\u001b[0m\u001b[2m:262:39)\u001b[22m\u001b[2m\u001b[22m\n\n\u001b[1m\u001b[31m  \u001b[1m● \u001b[22m\u001b[1mIntegration Tests Suite › Export System Integration › should handle screenshot export with rendering engine\u001b[39m\u001b[22m\n\n    \u001b[2mexpect(\u001b[22m\u001b[31mreceived\u001b[39m\u001b[2m).\u001b[22mtoContain\u001b[2m(\u001b[22m\u001b[32mexpected\u001b[39m\u001b[2m) // indexOf\u001b[22m\n\n    Expected substring: \u001b[32m\"WebGL\"\u001b[39m\n    Received string:    \u001b[31m\"Cannot read properties of null (reading 'addEventListener')\"\u001b[39m\n\u001b[2m\u001b[22m\n\u001b[2m    \u001b[0m \u001b[90m 372 |\u001b[39m             } \u001b[36mcatch\u001b[39m (error) {\u001b[22m\n\u001b[2m     \u001b[90m 373 |\u001b[39m                 \u001b[90m// WebGL might not be available in test environment\u001b[39m\u001b[22m\n\u001b[2m    \u001b[31m\u001b[1m>\u001b[22m\u001b[2m\u001b[39m\u001b[90m 374 |\u001b[39m                 expect(error\u001b[33m.\u001b[39mmessage)\u001b[33m.\u001b[39mtoContain(\u001b[32m'WebGL'\u001b[39m)\u001b[33m;\u001b[39m\u001b[22m\n\u001b[2m     \u001b[90m     |\u001b[39m                                       \u001b[31m\u001b[1m^\u001b[22m\u001b[2m\u001b[39m\u001b[22m\n\u001b[2m     \u001b[90m 375 |\u001b[39m             }\u001b[22m\n\u001b[2m     \u001b[90m 376 |\u001b[39m         })\u001b[33m;\u001b[39m\u001b[22m\n\u001b[2m     \u001b[90m 377 |\u001b[39m     })\u001b[33m;\u001b[39m\u001b[0m\u001b[22m\n\u001b[2m\u001b[22m\n\u001b[2m      \u001b[2mat Object.toContain (\u001b[22m\u001b[2m\u001b[0m\u001b[36mtest/integration-tests.test.js\u001b[39m\u001b[0m\u001b[2m:374:39)\u001b[22m\u001b[2m\u001b[22m\n\n\u001b[1m\u001b[31m  \u001b[1m● \u001b[22m\u001b[1mIntegration Tests Suite › Analysis Tools Integration › should analyze loaded models\u001b[39m\u001b[22m\n\n    TypeError: Cannot read properties of undefined (reading 'byteLength')\n\u001b[2m\u001b[22m\n\u001b[2m    \u001b[0m \u001b[90m 725 |\u001b[39m         \u001b[90m// Estimate attribute memory\u001b[39m\u001b[22m\n\u001b[2m     \u001b[90m 726 |\u001b[39m         \u001b[33mObject\u001b[39m\u001b[33m.\u001b[39mvalues(geometry\u001b[33m.\u001b[39mattributes)\u001b[33m.\u001b[39mforEach(attribute \u001b[33m=>\u001b[39m {\u001b[22m\n\u001b[2m    \u001b[31m\u001b[1m>\u001b[22m\u001b[2m\u001b[39m\u001b[90m 727 |\u001b[39m             memory \u001b[33m+=\u001b[39m attribute\u001b[33m.\u001b[39marray\u001b[33m.\u001b[39mbyteLength\u001b[33m;\u001b[39m\u001b[22m\n\u001b[2m     \u001b[90m     |\u001b[39m                                       \u001b[31m\u001b[1m^\u001b[22m\u001b[2m\u001b[39m\u001b[22m\n\u001b[2m     \u001b[90m 728 |\u001b[39m         })\u001b[33m;\u001b[39m\u001b[22m\n\u001b[2m     \u001b[90m 729 |\u001b[39m         \u001b[22m\n\u001b[2m     \u001b[90m 730 |\u001b[39m         \u001b[90m// Estimate index memory\u001b[39m\u001b[0m\u001b[22m\n\u001b[2m\u001b[22m\n\u001b[2m      \u001b[2mat byteLength (\u001b[22m\u001b[2msrc/analysis/AnalysisManager.js\u001b[2m:727:39)\u001b[22m\u001b[2m\u001b[22m\n\u001b[2m          at Array.forEach (<anonymous>)\u001b[22m\n\u001b[2m      \u001b[2mat AnalysisManager.forEach [as estimateGeometryMemory] (\u001b[22m\u001b[2msrc/analysis/AnalysisManager.js\u001b[2m:726:44)\u001b[22m\u001b[2m\u001b[22m\n\u001b[2m      \u001b[2mat estimateGeometryMemory (\u001b[22m\u001b[2msrc/analysis/AnalysisManager.js\u001b[2m:663:47)\u001b[22m\u001b[2m\u001b[22m\n\u001b[2m      \u001b[2mat Object.callback (\u001b[22m\u001b[2m\u001b[0m\u001b[36mtest/integration-tests.test.js\u001b[39m\u001b[0m\u001b[2m:436:25)\u001b[22m\u001b[2m\u001b[22m\n\u001b[2m      \u001b[2mat AnalysisManager.traverse [as calculateModelStatistics] (\u001b[22m\u001b[2msrc/analysis/AnalysisManager.js\u001b[2m:643:15)\u001b[22m\u001b[2m\u001b[22m\n\u001b[2m      \u001b[2mat AnalysisManager.calculateModelStatistics [as analyzeModel] (\u001b[22m\u001b[2msrc/analysis/AnalysisManager.js\u001b[2m:610:28)\u001b[22m\u001b[2m\u001b[22m\n\u001b[2m      \u001b[2mat Object.analyzeModel (\u001b[22m\u001b[2m\u001b[0m\u001b[36mtest/integration-tests.test.js\u001b[39m\u001b[0m\u001b[2m:448:47)\u001b[22m\u001b[2m\u001b[22m\n\n\u001b[1m\u001b[31m  \u001b[1m● \u001b[22m\u001b[1mIntegration Tests Suite › Analysis Tools Integration › should provide measurement tools\u001b[39m\u001b[22m\n\n    TypeError: analysisManager.getAvailableTools is not a function\n\u001b[2m\u001b[22m\n\u001b[2m    \u001b[0m \u001b[90m 458 |\u001b[39m                 \u001b[36mawait\u001b[39m analysisManager\u001b[33m.\u001b[39minit()\u001b[33m;\u001b[39m\u001b[22m\n\u001b[2m     \u001b[90m 459 |\u001b[39m\u001b[22m\n\u001b[2m    \u001b[31m\u001b[1m>\u001b[22m\u001b[2m\u001b[39m\u001b[90m 460 |\u001b[39m                 \u001b[36mconst\u001b[39m tools \u001b[33m=\u001b[39m analysisManager\u001b[33m.\u001b[39mgetAvailableTools()\u001b[33m;\u001b[39m\u001b[22m\n\u001b[2m     \u001b[90m     |\u001b[39m                                               \u001b[31m\u001b[1m^\u001b[22m\u001b[2m\u001b[39m\u001b[22m\n\u001b[2m     \u001b[90m 461 |\u001b[39m                 expect(tools)\u001b[33m.\u001b[39mtoContain(\u001b[32m'distance'\u001b[39m)\u001b[33m;\u001b[39m\u001b[22m\n\u001b[2m     \u001b[90m 462 |\u001b[39m                 expect(tools)\u001b[33m.\u001b[39mtoContain(\u001b[32m'angle'\u001b[39m)\u001b[33m;\u001b[39m\u001b[22m\n\u001b[2m     \u001b[90m 463 |\u001b[39m                 expect(tools)\u001b[33m.\u001b[39mtoContain(\u001b[32m'area'\u001b[39m)\u001b[33m;\u001b[39m\u001b[0m\u001b[22m\n\u001b[2m\u001b[22m\n\u001b[2m      \u001b[2mat Object.getAvailableTools (\u001b[22m\u001b[2m\u001b[0m\u001b[36mtest/integration-tests.test.js\u001b[39m\u001b[0m\u001b[2m:460:47)\u001b[22m\u001b[2m\u001b[22m\n\n\u001b[1m\u001b[31m  \u001b[1m● \u001b[22m\u001b[1mIntegration Tests Suite › Memory Management Integration › should cleanup resources when models are removed\u001b[39m\u001b[22m\n\n    TypeError: Cannot read properties of null (reading 'remove')\n\u001b[2m\u001b[22m\n\u001b[2m    \u001b[0m \u001b[90m 353 |\u001b[39m         \u001b[36mconst\u001b[39m currentModel \u001b[33m=\u001b[39m \u001b[36mthis\u001b[39m\u001b[33m.\u001b[39mcore\u001b[33m.\u001b[39mgetState()\u001b[33m.\u001b[39mcurrentModel\u001b[33m;\u001b[39m\u001b[22m\n\u001b[2m     \u001b[90m 354 |\u001b[39m         \u001b[36mif\u001b[39m (currentModel) {\u001b[22m\n\u001b[2m    \u001b[31m\u001b[1m>\u001b[22m\u001b[2m\u001b[39m\u001b[90m 355 |\u001b[39m             \u001b[36mthis\u001b[39m\u001b[33m.\u001b[39mscene\u001b[33m.\u001b[39mremove(currentModel)\u001b[33m;\u001b[39m\u001b[22m\n\u001b[2m     \u001b[90m     |\u001b[39m                        \u001b[31m\u001b[1m^\u001b[22m\u001b[2m\u001b[39m\u001b[22m\n\u001b[2m     \u001b[90m 356 |\u001b[39m             \u001b[36mthis\u001b[39m\u001b[33m.\u001b[39mcore\u001b[33m.\u001b[39msetState({ currentModel\u001b[33m:\u001b[39m \u001b[36mnull\u001b[39m })\u001b[33m;\u001b[39m\u001b[22m\n\u001b[2m     \u001b[90m 357 |\u001b[39m             \u001b[36mthis\u001b[39m\u001b[33m.\u001b[39mcore\u001b[33m.\u001b[39memit(\u001b[32m'rendering:model:removed'\u001b[39m)\u001b[33m;\u001b[39m\u001b[22m\n\u001b[2m     \u001b[90m 358 |\u001b[39m         }\u001b[0m\u001b[22m\n\u001b[2m\u001b[22m\n\u001b[2m      \u001b[2mat RenderingEngine.remove [as removeCurrentModel] (\u001b[22m\u001b[2msrc/rendering/RenderingEngine.js\u001b[2m:355:24)\u001b[22m\u001b[2m\u001b[22m\n\u001b[2m      \u001b[2mat Object.removeCurrentModel (\u001b[22m\u001b[2m\u001b[0m\u001b[36mtest/integration-tests.test.js\u001b[39m\u001b[0m\u001b[2m:498:33)\u001b[22m\u001b[2m\u001b[22m\n","name":"C:\\Workspace_Melbin\\fun_websites\\3d_model_viewer\\test\\integration-tests.test.js","startTime":1772392028454,"status":"failed","summary":""}],"wasInterrupted":false}
